#! /usr/bin/vvp
:ivl_version "12.0 (stable)";
:ivl_delay_selection "TYPICAL";
:vpi_time_precision + 0;
:vpi_module "/usr/lib/x86_64-linux-gnu/ivl/system.vpi";
:vpi_module "/usr/lib/x86_64-linux-gnu/ivl/vhdl_sys.vpi";
:vpi_module "/usr/lib/x86_64-linux-gnu/ivl/vhdl_textio.vpi";
:vpi_module "/usr/lib/x86_64-linux-gnu/ivl/v2005_math.vpi";
:vpi_module "/usr/lib/x86_64-linux-gnu/ivl/va_math.vpi";
:vpi_module "/usr/lib/x86_64-linux-gnu/ivl/v2009.vpi";
S_0x5fb73101a7b0 .scope package, "$unit" "$unit" 2 1;
 .timescale 0 0;
S_0x5fb731011570 .scope module, "CLA_tb" "CLA_tb" 3 59;
 .timescale 0 0;
v0x5fb731057b60_0 .var "A", 7 0;
v0x5fb731057c20_0 .var "B", 7 0;
v0x5fb731057cf0_0 .net "SUM", 31 0, L_0x5fb73107bd30;  1 drivers
v0x5fb731057df0_0 .var "finish", 63 0;
v0x5fb731057e90_0 .var "start", 63 0;
S_0x5fb731017980 .scope module, "uut" "CLA" 3 72, 3 22 0, S_0x5fb731011570;
 .timescale 0 0;
    .port_info 0 /INPUT 8 "A";
    .port_info 1 /INPUT 8 "B";
    .port_info 2 /OUTPUT 32 "S";
L_0x5fb731057f70 .functor OR 8, v0x5fb731057b60_0, v0x5fb731057c20_0, C4<00000000>, C4<00000000>;
L_0x5fb7310580a0 .functor AND 8, v0x5fb731057b60_0, v0x5fb731057c20_0, C4<11111111>, C4<11111111>;
L_0x76d67e0b1018 .functor BUFT 1, C4<0>, C4<0>, C4<0>, C4<0>;
L_0x5fb731058310 .functor AND 1, L_0x5fb731058220, L_0x76d67e0b1018, C4<1>, C4<1>;
L_0x5fb731058450 .functor OR 1, L_0x5fb731058130, L_0x5fb731058310, C4<0>, C4<0>;
L_0x5fb7310587a0 .functor AND 1, L_0x5fb731058630, L_0x5fb731058700, C4<1>, C4<1>;
L_0x5fb731058890 .functor OR 1, L_0x5fb731058590, L_0x5fb7310587a0, C4<0>, C4<0>;
L_0x5fb731058bf0 .functor AND 1, L_0x5fb7310589e0, L_0x5fb731058b50, C4<1>, C4<1>;
L_0x76d67e0b1060 .functor BUFT 1, C4<0>, C4<0>, C4<0>, C4<0>;
L_0x5fb731058cb0 .functor AND 1, L_0x5fb731058bf0, L_0x76d67e0b1060, C4<1>, C4<1>;
L_0x5fb731058e10 .functor OR 1, L_0x5fb731058890, L_0x5fb731058cb0, C4<0>, C4<0>;
L_0x5fb7310591b0 .functor AND 1, L_0x5fb731059010, L_0x5fb7310590b0, C4<1>, C4<1>;
L_0x5fb7310592d0 .functor OR 1, L_0x5fb731058f20, L_0x5fb7310591b0, C4<0>, C4<0>;
L_0x5fb731059540 .functor AND 1, L_0x5fb731059390, L_0x5fb731059430, C4<1>, C4<1>;
L_0x5fb731059760 .functor AND 1, L_0x5fb731059540, L_0x5fb7310596c0, C4<1>, C4<1>;
L_0x5fb731059870 .functor OR 1, L_0x5fb7310592d0, L_0x5fb731059760, C4<0>, C4<0>;
L_0x5fb7310594d0 .functor AND 1, L_0x5fb731059a00, L_0x5fb731059b20, C4<1>, C4<1>;
L_0x5fb731059650 .functor AND 1, L_0x5fb7310594d0, L_0x5fb731059c60, C4<1>, C4<1>;
L_0x76d67e0b10a8 .functor BUFT 1, C4<0>, C4<0>, C4<0>, C4<0>;
L_0x5fb731059ec0 .functor AND 1, L_0x5fb731059650, L_0x76d67e0b10a8, C4<1>, C4<1>;
L_0x5fb731059fd0 .functor OR 1, L_0x5fb731059870, L_0x5fb731059ec0, C4<0>, C4<0>;
L_0x5fb73105a400 .functor AND 1, L_0x5fb73105a220, L_0x5fb73105a360, C4<1>, C4<1>;
L_0x5fb73105a540 .functor OR 1, L_0x5fb73105a180, L_0x5fb73105a400, C4<0>, C4<0>;
L_0x5fb73105a7b0 .functor AND 1, L_0x5fb73105a0e0, L_0x5fb73105a2c0, C4<1>, C4<1>;
L_0x5fb73105aa20 .functor AND 1, L_0x5fb73105a7b0, L_0x5fb73105a8c0, C4<1>, C4<1>;
L_0x5fb73105abf0 .functor OR 1, L_0x5fb73105a540, L_0x5fb73105aa20, C4<0>, C4<0>;
L_0x5fb73105af10 .functor AND 1, L_0x5fb73105ad00, L_0x5fb73105ada0, C4<1>, C4<1>;
L_0x5fb73105b190 .functor AND 1, L_0x5fb73105af10, L_0x5fb73105b0f0, C4<1>, C4<1>;
L_0x5fb73105b420 .functor AND 1, L_0x5fb73105b190, L_0x5fb73105b2a0, C4<1>, C4<1>;
L_0x5fb73105b610 .functor OR 1, L_0x5fb73105abf0, L_0x5fb73105b420, C4<0>, C4<0>;
L_0x5fb73105b950 .functor AND 1, L_0x5fb73105b720, L_0x5fb73105b7c0, C4<1>, C4<1>;
L_0x5fb73105bbf0 .functor AND 1, L_0x5fb73105b950, L_0x5fb73105bb50, C4<1>, C4<1>;
L_0x5fb73105bea0 .functor AND 1, L_0x5fb73105bbf0, L_0x5fb73105bd00, C4<1>, C4<1>;
L_0x76d67e0b10f0 .functor BUFT 1, C4<0>, C4<0>, C4<0>, C4<0>;
L_0x5fb73105c0b0 .functor AND 1, L_0x5fb73105bea0, L_0x76d67e0b10f0, C4<1>, C4<1>;
L_0x5fb73105c1c0 .functor OR 1, L_0x5fb73105b610, L_0x5fb73105c0b0, C4<0>, C4<0>;
L_0x5fb73105c6d0 .functor AND 1, L_0x5fb73105c480, L_0x5fb73105c630, C4<1>, C4<1>;
L_0x5fb73105c810 .functor OR 1, L_0x5fb73105c3e0, L_0x5fb73105c6d0, C4<0>, C4<0>;
L_0x5fb73105cca0 .functor AND 1, L_0x5fb73105ca40, L_0x5fb73105cc00, C4<1>, C4<1>;
L_0x5fb73105cae0 .functor AND 1, L_0x5fb73105cca0, L_0x5fb73105cdb0, C4<1>, C4<1>;
L_0x5fb73105c920 .functor OR 1, L_0x5fb73105c810, L_0x5fb73105cae0, C4<0>, C4<0>;
L_0x5fb73105d330 .functor AND 1, L_0x5fb73105d0b0, L_0x5fb73105d150, C4<1>, C4<1>;
L_0x5fb73105d620 .functor AND 1, L_0x5fb73105d330, L_0x5fb73105d580, C4<1>, C4<1>;
L_0x5fb73105d920 .functor AND 1, L_0x5fb73105d620, L_0x5fb73105d730, C4<1>, C4<1>;
L_0x5fb73105db80 .functor OR 1, L_0x5fb73105c920, L_0x5fb73105d920, C4<0>, C4<0>;
L_0x5fb73105df30 .functor AND 1, L_0x5fb73105dc90, L_0x5fb73105dd30, C4<1>, C4<1>;
L_0x5fb73105e240 .functor AND 1, L_0x5fb73105df30, L_0x5fb73105e1a0, C4<1>, C4<1>;
L_0x5fb73105e560 .functor AND 1, L_0x5fb73105e240, L_0x5fb73105e350, C4<1>, C4<1>;
L_0x5fb73105ea90 .functor AND 1, L_0x5fb73105e560, L_0x5fb73105e7e0, C4<1>, C4<1>;
L_0x5fb73105eba0 .functor OR 1, L_0x5fb73105db80, L_0x5fb73105ea90, C4<0>, C4<0>;
L_0x5fb73105f0f0 .functor AND 1, L_0x5fb73105ee30, L_0x5fb73105f050, C4<1>, C4<1>;
L_0x5fb73105f430 .functor AND 1, L_0x5fb73105f0f0, L_0x5fb73105f200, C4<1>, C4<1>;
L_0x5fb73105f770 .functor AND 1, L_0x5fb73105f430, L_0x5fb73105f6d0, C4<1>, C4<1>;
L_0x5fb73105fac0 .functor AND 1, L_0x5fb73105f770, L_0x5fb73105f880, C4<1>, C4<1>;
L_0x76d67e0b1138 .functor BUFT 1, C4<0>, C4<0>, C4<0>, C4<0>;
L_0x5fb73105fdc0 .functor AND 1, L_0x5fb73105fac0, L_0x76d67e0b1138, C4<1>, C4<1>;
L_0x5fb73105fed0 .functor OR 1, L_0x5fb73105eba0, L_0x5fb73105fdc0, C4<0>, C4<0>;
L_0x5fb731060520 .functor AND 1, L_0x5fb731060230, L_0x5fb731060480, C4<1>, C4<1>;
L_0x5fb731060630 .functor OR 1, L_0x5fb731060190, L_0x5fb731060520, C4<0>, C4<0>;
L_0x5fb731060c00 .functor AND 1, L_0x5fb731060900, L_0x5fb731060b60, C4<1>, C4<1>;
L_0x5fb731060f80 .functor AND 1, L_0x5fb731060c00, L_0x5fb731060d10, C4<1>, C4<1>;
L_0x5fb731061260 .functor OR 1, L_0x5fb731060630, L_0x5fb731060f80, C4<0>, C4<0>;
L_0x5fb731061690 .functor AND 1, L_0x5fb731061370, L_0x5fb731061410, C4<1>, C4<1>;
L_0x5fb731061a20 .functor AND 1, L_0x5fb731061690, L_0x5fb731061980, C4<1>, C4<1>;
L_0x5fb731061dc0 .functor AND 1, L_0x5fb731061a20, L_0x5fb731061b30, C4<1>, C4<1>;
L_0x5fb7310620c0 .functor OR 1, L_0x5fb731061260, L_0x5fb731061dc0, C4<0>, C4<0>;
L_0x5fb731062510 .functor AND 1, L_0x5fb7310621d0, L_0x5fb731062270, C4<1>, C4<1>;
L_0x5fb7310628c0 .functor AND 1, L_0x5fb731062510, L_0x5fb731062820, C4<1>, C4<1>;
L_0x5fb731062c80 .functor AND 1, L_0x5fb7310628c0, L_0x5fb7310629d0, C4<1>, C4<1>;
L_0x5fb731059980 .functor AND 1, L_0x5fb731062c80, L_0x5fb731062fa0, C4<1>, C4<1>;
L_0x5fb731063090 .functor OR 1, L_0x5fb7310620c0, L_0x5fb731059980, C4<0>, C4<0>;
L_0x5fb731063720 .functor AND 1, L_0x5fb7310633c0, L_0x5fb731063680, C4<1>, C4<1>;
L_0x5fb731063b00 .functor AND 1, L_0x5fb731063720, L_0x5fb731063830, C4<1>, C4<1>;
L_0x5fb731063ee0 .functor AND 1, L_0x5fb731063b00, L_0x5fb731063e40, C4<1>, C4<1>;
L_0x5fb7310642d0 .functor AND 1, L_0x5fb731063ee0, L_0x5fb731063ff0, C4<1>, C4<1>;
L_0x5fb7310646c0 .functor AND 1, L_0x5fb7310642d0, L_0x5fb731064620, C4<1>, C4<1>;
L_0x5fb7310647d0 .functor OR 1, L_0x5fb731063090, L_0x5fb7310646c0, C4<0>, C4<0>;
L_0x5fb731064ec0 .functor AND 1, L_0x5fb731064b30, L_0x5fb731064e20, C4<1>, C4<1>;
L_0x5fb7310652d0 .functor AND 1, L_0x5fb731064ec0, L_0x5fb731064fd0, C4<1>, C4<1>;
L_0x5fb7310656e0 .functor AND 1, L_0x5fb7310652d0, L_0x5fb731065640, C4<1>, C4<1>;
L_0x5fb731065b00 .functor AND 1, L_0x5fb7310656e0, L_0x5fb7310657f0, C4<1>, C4<1>;
L_0x5fb731065f20 .functor AND 1, L_0x5fb731065b00, L_0x5fb731065e80, C4<1>, C4<1>;
L_0x76d67e0b1180 .functor BUFT 1, C4<0>, C4<0>, C4<0>, C4<0>;
L_0x5fb731066030 .functor AND 1, L_0x5fb731065f20, L_0x76d67e0b1180, C4<1>, C4<1>;
L_0x5fb7310663c0 .functor OR 1, L_0x5fb7310647d0, L_0x5fb731066030, C4<0>, C4<0>;
L_0x5fb731066bc0 .functor AND 1, L_0x5fb7310667f0, L_0x5fb731066890, C4<1>, C4<1>;
L_0x5fb731066f60 .functor OR 1, L_0x5fb7310664d0, L_0x5fb731066bc0, C4<0>, C4<0>;
L_0x5fb731067450 .functor AND 1, L_0x5fb731067070, L_0x5fb731067110, C4<1>, C4<1>;
L_0x5fb7310678a0 .functor AND 1, L_0x5fb731067450, L_0x5fb731067800, C4<1>, C4<1>;
L_0x5fb7310679b0 .functor OR 1, L_0x5fb731066f60, L_0x5fb7310678a0, C4<0>, C4<0>;
L_0x5fb731068160 .functor AND 1, L_0x5fb731067d70, L_0x5fb7310680c0, C4<1>, C4<1>;
L_0x5fb7310685d0 .functor AND 1, L_0x5fb731068160, L_0x5fb731068270, C4<1>, C4<1>;
L_0x5fb731068a40 .functor AND 1, L_0x5fb7310685d0, L_0x5fb7310689a0, C4<1>, C4<1>;
L_0x5fb731068b50 .functor OR 1, L_0x5fb7310679b0, L_0x5fb731068a40, C4<0>, C4<0>;
L_0x5fb731069b50 .functor AND 1, L_0x5fb731068f30, L_0x5fb731069ab0, C4<1>, C4<1>;
L_0x5fb731069fe0 .functor AND 1, L_0x5fb731069b50, L_0x5fb731069c60, C4<1>, C4<1>;
L_0x5fb73106a470 .functor AND 1, L_0x5fb731069fe0, L_0x5fb73106a3d0, C4<1>, C4<1>;
L_0x5fb73106a910 .functor AND 1, L_0x5fb73106a470, L_0x5fb73106a580, C4<1>, C4<1>;
L_0x5fb73106ad10 .functor OR 1, L_0x5fb731068b50, L_0x5fb73106a910, C4<0>, C4<0>;
L_0x5fb73106b260 .functor AND 1, L_0x5fb73106ae20, L_0x5fb73106aec0, C4<1>, C4<1>;
L_0x5fb73106b710 .functor AND 1, L_0x5fb73106b260, L_0x5fb73106b670, C4<1>, C4<1>;
L_0x5fb73106bbd0 .functor AND 1, L_0x5fb73106b710, L_0x5fb73106b820, C4<1>, C4<1>;
L_0x5fb73106c090 .functor AND 1, L_0x5fb73106bbd0, L_0x5fb73106bff0, C4<1>, C4<1>;
L_0x5fb73106c560 .functor AND 1, L_0x5fb73106c090, L_0x5fb73106c1a0, C4<1>, C4<1>;
L_0x5fb73106c990 .functor OR 1, L_0x5fb73106ad10, L_0x5fb73106c560, C4<0>, C4<0>;
L_0x5fb73106cf10 .functor AND 1, L_0x5fb73106caa0, L_0x5fb73106cb40, C4<1>, C4<1>;
L_0x5fb73106d3f0 .functor AND 1, L_0x5fb73106cf10, L_0x5fb73106d350, C4<1>, C4<1>;
L_0x5fb73106d8e0 .functor AND 1, L_0x5fb73106d3f0, L_0x5fb73106d500, C4<1>, C4<1>;
L_0x5fb73106ddd0 .functor AND 1, L_0x5fb73106d8e0, L_0x5fb73106dd30, C4<1>, C4<1>;
L_0x5fb73106e2d0 .functor AND 1, L_0x5fb73106ddd0, L_0x5fb73106dee0, C4<1>, C4<1>;
L_0x5fb73106e7d0 .functor AND 1, L_0x5fb73106e2d0, L_0x5fb73106e730, C4<1>, C4<1>;
L_0x5fb73106e8e0 .functor OR 1, L_0x5fb73106c990, L_0x5fb73106e7d0, C4<0>, C4<0>;
L_0x5fb73106f1f0 .functor AND 1, L_0x5fb73106ed50, L_0x5fb73106f150, C4<1>, C4<1>;
L_0x5fb73106f710 .functor AND 1, L_0x5fb73106f1f0, L_0x5fb73106f300, C4<1>, C4<1>;
L_0x5fb73106fc30 .functor AND 1, L_0x5fb73106f710, L_0x5fb73106fb90, C4<1>, C4<1>;
L_0x5fb731070160 .functor AND 1, L_0x5fb73106fc30, L_0x5fb73106fd40, C4<1>, C4<1>;
L_0x5fb731070690 .functor AND 1, L_0x5fb731070160, L_0x5fb7310705f0, C4<1>, C4<1>;
L_0x5fb731070bd0 .functor AND 1, L_0x5fb731070690, L_0x5fb7310707a0, C4<1>, C4<1>;
L_0x76d67e0b11c8 .functor BUFT 1, C4<0>, C4<0>, C4<0>, C4<0>;
L_0x5fb731071070 .functor AND 1, L_0x5fb731070bd0, L_0x76d67e0b11c8, C4<1>, C4<1>;
L_0x5fb731071180 .functor OR 1, L_0x5fb73106e8e0, L_0x5fb731071070, C4<0>, C4<0>;
L_0x5fb731071bb0 .functor AND 1, L_0x5fb7310716d0, L_0x5fb731071b10, C4<1>, C4<1>;
L_0x5fb731071cc0 .functor OR 1, L_0x5fb731071630, L_0x5fb731071bb0, C4<0>, C4<0>;
L_0x5fb731072670 .functor AND 1, L_0x5fb731072180, L_0x5fb7310725d0, C4<1>, C4<1>;
L_0x5fb731072c10 .functor AND 1, L_0x5fb731072670, L_0x5fb7310727b0, C4<1>, C4<1>;
L_0x5fb7310730e0 .functor OR 1, L_0x5fb731071cc0, L_0x5fb731072c10, C4<0>, C4<0>;
L_0x5fb731073700 .functor AND 1, L_0x5fb7310731f0, L_0x5fb731073290, C4<1>, C4<1>;
L_0x5fb731073c80 .functor AND 1, L_0x5fb731073700, L_0x5fb731073be0, C4<1>, C4<1>;
L_0x5fb731074210 .functor AND 1, L_0x5fb731073c80, L_0x5fb731073d90, C4<1>, C4<1>;
L_0x5fb731074700 .functor OR 1, L_0x5fb7310730e0, L_0x5fb731074210, C4<0>, C4<0>;
L_0x5fb731074d40 .functor AND 1, L_0x5fb731074810, L_0x5fb7310748b0, C4<1>, C4<1>;
L_0x5fb7310752e0 .functor AND 1, L_0x5fb731074d40, L_0x5fb731075240, C4<1>, C4<1>;
L_0x5fb731075890 .functor AND 1, L_0x5fb7310752e0, L_0x5fb7310753f0, C4<1>, C4<1>;
L_0x5fb731075e40 .functor AND 1, L_0x5fb731075890, L_0x5fb731075da0, C4<1>, C4<1>;
L_0x5fb731075f50 .functor OR 1, L_0x5fb731074700, L_0x5fb731075e40, C4<0>, C4<0>;
L_0x5fb7310769c0 .functor AND 1, L_0x5fb731076470, L_0x5fb731076920, C4<1>, C4<1>;
L_0x5fb731076f90 .functor AND 1, L_0x5fb7310769c0, L_0x5fb731076ad0, C4<1>, C4<1>;
L_0x5fb731077560 .functor AND 1, L_0x5fb731076f90, L_0x5fb7310774c0, C4<1>, C4<1>;
L_0x5fb731076b70 .functor AND 1, L_0x5fb731077560, L_0x5fb731077670, C4<1>, C4<1>;
L_0x5fb731076d20 .functor AND 1, L_0x5fb731076b70, L_0x5fb731076c80, C4<1>, C4<1>;
L_0x5fb731076e30 .functor OR 1, L_0x5fb731075f50, L_0x5fb731076d20, C4<0>, C4<0>;
L_0x5fb7310771e0 .functor AND 1, L_0x5fb7310770a0, L_0x5fb731077140, C4<1>, C4<1>;
L_0x5fb731077340 .functor AND 1, L_0x5fb7310771e0, L_0x5fb7310772a0, C4<1>, C4<1>;
L_0x5fb731077450 .functor AND 1, L_0x5fb731077340, L_0x5fb731077710, C4<1>, C4<1>;
L_0x5fb731077d50 .functor AND 1, L_0x5fb731077450, L_0x5fb731077850, C4<1>, C4<1>;
L_0x5fb731077f00 .functor AND 1, L_0x5fb731077d50, L_0x5fb731077e60, C4<1>, C4<1>;
L_0x5fb7310780b0 .functor AND 1, L_0x5fb731077f00, L_0x5fb731078010, C4<1>, C4<1>;
L_0x5fb7310781c0 .functor OR 1, L_0x5fb731076e30, L_0x5fb7310780b0, C4<0>, C4<0>;
L_0x5fb731078410 .functor AND 1, L_0x5fb7310782d0, L_0x5fb731078370, C4<1>, C4<1>;
L_0x5fb731077990 .functor AND 1, L_0x5fb731078410, L_0x5fb7310778f0, C4<1>, C4<1>;
L_0x5fb731077b40 .functor AND 1, L_0x5fb731077990, L_0x5fb731077aa0, C4<1>, C4<1>;
L_0x5fb7310789b0 .functor AND 1, L_0x5fb731077b40, L_0x5fb731077c50, C4<1>, C4<1>;
L_0x5fb731078b60 .functor AND 1, L_0x5fb7310789b0, L_0x5fb731078ac0, C4<1>, C4<1>;
L_0x5fb7310785c0 .functor AND 1, L_0x5fb731078b60, L_0x5fb731078520, C4<1>, C4<1>;
L_0x5fb731078770 .functor AND 1, L_0x5fb7310785c0, L_0x5fb7310786d0, C4<1>, C4<1>;
L_0x5fb731078880 .functor OR 1, L_0x5fb7310781c0, L_0x5fb731078770, C4<0>, C4<0>;
L_0x5fb731078940 .functor AND 1, L_0x5fb731078c70, L_0x5fb731078d10, C4<1>, C4<1>;
L_0x5fb7310793b0 .functor AND 1, L_0x5fb731078940, L_0x5fb731079310, C4<1>, C4<1>;
L_0x5fb731079560 .functor AND 1, L_0x5fb7310793b0, L_0x5fb7310794c0, C4<1>, C4<1>;
L_0x5fb731079710 .functor AND 1, L_0x5fb731079560, L_0x5fb731079670, C4<1>, C4<1>;
L_0x5fb7310798c0 .functor AND 1, L_0x5fb731079710, L_0x5fb731079820, C4<1>, C4<1>;
L_0x5fb731078ef0 .functor AND 1, L_0x5fb7310798c0, L_0x5fb731078e50, C4<1>, C4<1>;
L_0x5fb7310790a0 .functor AND 1, L_0x5fb731078ef0, L_0x5fb731079000, C4<1>, C4<1>;
L_0x76d67e0b1210 .functor BUFT 1, C4<0>, C4<0>, C4<0>, C4<0>;
L_0x5fb7310791b0 .functor AND 1, L_0x5fb7310790a0, L_0x76d67e0b1210, C4<1>, C4<1>;
L_0x5fb731079ec0 .functor OR 1, L_0x5fb731078880, L_0x5fb7310791b0, C4<0>, C4<0>;
v0x5fb731044680_0 .net "A", 7 0, v0x5fb731057b60_0;  1 drivers
v0x5fb731044780_0 .net "B", 7 0, v0x5fb731057c20_0;  1 drivers
v0x5fb731044860_0 .net "C", 8 0, L_0x5fb73108ca50;  1 drivers
v0x5fb731044920_0 .net "G", 7 0, L_0x5fb7310580a0;  1 drivers
v0x5fb731044a00_0 .net "P", 7 0, L_0x5fb731057f70;  1 drivers
v0x5fb731044b30_0 .net "S", 31 0, L_0x5fb73107bd30;  alias, 1 drivers
v0x5fb731044c10_0 .net/2u *"_ivl_10", 0 0, L_0x76d67e0b1018;  1 drivers
v0x5fb731044cf0_0 .net *"_ivl_100", 0 0, L_0x5fb73105aa20;  1 drivers
v0x5fb731044dd0_0 .net *"_ivl_102", 0 0, L_0x5fb73105abf0;  1 drivers
v0x5fb731044eb0_0 .net *"_ivl_105", 0 0, L_0x5fb73105ad00;  1 drivers
v0x5fb731044f90_0 .net *"_ivl_107", 0 0, L_0x5fb73105ada0;  1 drivers
v0x5fb731045070_0 .net *"_ivl_108", 0 0, L_0x5fb73105af10;  1 drivers
v0x5fb731045150_0 .net *"_ivl_111", 0 0, L_0x5fb73105b0f0;  1 drivers
v0x5fb731045230_0 .net *"_ivl_112", 0 0, L_0x5fb73105b190;  1 drivers
v0x5fb731045310_0 .net *"_ivl_115", 0 0, L_0x5fb73105b2a0;  1 drivers
v0x5fb7310453f0_0 .net *"_ivl_116", 0 0, L_0x5fb73105b420;  1 drivers
v0x5fb7310454d0_0 .net *"_ivl_118", 0 0, L_0x5fb73105b610;  1 drivers
v0x5fb7310455b0_0 .net *"_ivl_12", 0 0, L_0x5fb731058310;  1 drivers
v0x5fb731045690_0 .net *"_ivl_121", 0 0, L_0x5fb73105b720;  1 drivers
v0x5fb731045770_0 .net *"_ivl_123", 0 0, L_0x5fb73105b7c0;  1 drivers
v0x5fb731045850_0 .net *"_ivl_124", 0 0, L_0x5fb73105b950;  1 drivers
v0x5fb731045930_0 .net *"_ivl_127", 0 0, L_0x5fb73105bb50;  1 drivers
v0x5fb731045a10_0 .net *"_ivl_128", 0 0, L_0x5fb73105bbf0;  1 drivers
v0x5fb731045af0_0 .net *"_ivl_131", 0 0, L_0x5fb73105bd00;  1 drivers
v0x5fb731045bd0_0 .net *"_ivl_132", 0 0, L_0x5fb73105bea0;  1 drivers
v0x5fb731045cb0_0 .net/2u *"_ivl_134", 0 0, L_0x76d67e0b10f0;  1 drivers
v0x5fb731045d90_0 .net *"_ivl_136", 0 0, L_0x5fb73105c0b0;  1 drivers
v0x5fb731045e70_0 .net *"_ivl_138", 0 0, L_0x5fb73105c1c0;  1 drivers
v0x5fb731045f50_0 .net *"_ivl_14", 0 0, L_0x5fb731058450;  1 drivers
v0x5fb731046030_0 .net *"_ivl_143", 0 0, L_0x5fb73105c3e0;  1 drivers
v0x5fb731046110_0 .net *"_ivl_145", 0 0, L_0x5fb73105c480;  1 drivers
v0x5fb7310461f0_0 .net *"_ivl_147", 0 0, L_0x5fb73105c630;  1 drivers
v0x5fb7310462d0_0 .net *"_ivl_148", 0 0, L_0x5fb73105c6d0;  1 drivers
v0x5fb7310463b0_0 .net *"_ivl_150", 0 0, L_0x5fb73105c810;  1 drivers
v0x5fb731046490_0 .net *"_ivl_153", 0 0, L_0x5fb73105ca40;  1 drivers
v0x5fb731046570_0 .net *"_ivl_155", 0 0, L_0x5fb73105cc00;  1 drivers
v0x5fb731046650_0 .net *"_ivl_156", 0 0, L_0x5fb73105cca0;  1 drivers
v0x5fb731046730_0 .net *"_ivl_159", 0 0, L_0x5fb73105cdb0;  1 drivers
v0x5fb731046810_0 .net *"_ivl_160", 0 0, L_0x5fb73105cae0;  1 drivers
v0x5fb7310468f0_0 .net *"_ivl_162", 0 0, L_0x5fb73105c920;  1 drivers
v0x5fb7310469d0_0 .net *"_ivl_165", 0 0, L_0x5fb73105d0b0;  1 drivers
v0x5fb731046ab0_0 .net *"_ivl_167", 0 0, L_0x5fb73105d150;  1 drivers
v0x5fb731046b90_0 .net *"_ivl_168", 0 0, L_0x5fb73105d330;  1 drivers
v0x5fb731046c70_0 .net *"_ivl_171", 0 0, L_0x5fb73105d580;  1 drivers
v0x5fb731046d50_0 .net *"_ivl_172", 0 0, L_0x5fb73105d620;  1 drivers
v0x5fb731046e30_0 .net *"_ivl_175", 0 0, L_0x5fb73105d730;  1 drivers
v0x5fb731046f10_0 .net *"_ivl_176", 0 0, L_0x5fb73105d920;  1 drivers
v0x5fb731046ff0_0 .net *"_ivl_178", 0 0, L_0x5fb73105db80;  1 drivers
v0x5fb7310470d0_0 .net *"_ivl_181", 0 0, L_0x5fb73105dc90;  1 drivers
v0x5fb7310471b0_0 .net *"_ivl_183", 0 0, L_0x5fb73105dd30;  1 drivers
v0x5fb731047290_0 .net *"_ivl_184", 0 0, L_0x5fb73105df30;  1 drivers
v0x5fb731047370_0 .net *"_ivl_187", 0 0, L_0x5fb73105e1a0;  1 drivers
v0x5fb731047450_0 .net *"_ivl_188", 0 0, L_0x5fb73105e240;  1 drivers
v0x5fb731047530_0 .net *"_ivl_19", 0 0, L_0x5fb731058590;  1 drivers
v0x5fb731047610_0 .net *"_ivl_191", 0 0, L_0x5fb73105e350;  1 drivers
v0x5fb7310476f0_0 .net *"_ivl_192", 0 0, L_0x5fb73105e560;  1 drivers
v0x5fb7310477d0_0 .net *"_ivl_195", 0 0, L_0x5fb73105e7e0;  1 drivers
v0x5fb7310478b0_0 .net *"_ivl_196", 0 0, L_0x5fb73105ea90;  1 drivers
v0x5fb731047990_0 .net *"_ivl_198", 0 0, L_0x5fb73105eba0;  1 drivers
v0x5fb731047a70_0 .net *"_ivl_201", 0 0, L_0x5fb73105ee30;  1 drivers
v0x5fb731047b50_0 .net *"_ivl_203", 0 0, L_0x5fb73105f050;  1 drivers
v0x5fb731047c30_0 .net *"_ivl_204", 0 0, L_0x5fb73105f0f0;  1 drivers
v0x5fb731047d10_0 .net *"_ivl_207", 0 0, L_0x5fb73105f200;  1 drivers
v0x5fb731047df0_0 .net *"_ivl_208", 0 0, L_0x5fb73105f430;  1 drivers
v0x5fb731047ed0_0 .net *"_ivl_21", 0 0, L_0x5fb731058630;  1 drivers
v0x5fb7310483c0_0 .net *"_ivl_211", 0 0, L_0x5fb73105f6d0;  1 drivers
v0x5fb7310484a0_0 .net *"_ivl_212", 0 0, L_0x5fb73105f770;  1 drivers
v0x5fb731048580_0 .net *"_ivl_215", 0 0, L_0x5fb73105f880;  1 drivers
v0x5fb731048660_0 .net *"_ivl_216", 0 0, L_0x5fb73105fac0;  1 drivers
v0x5fb731048740_0 .net/2u *"_ivl_218", 0 0, L_0x76d67e0b1138;  1 drivers
v0x5fb731048820_0 .net *"_ivl_220", 0 0, L_0x5fb73105fdc0;  1 drivers
v0x5fb731048900_0 .net *"_ivl_222", 0 0, L_0x5fb73105fed0;  1 drivers
v0x5fb7310489e0_0 .net *"_ivl_227", 0 0, L_0x5fb731060190;  1 drivers
v0x5fb731048ac0_0 .net *"_ivl_229", 0 0, L_0x5fb731060230;  1 drivers
v0x5fb731048ba0_0 .net *"_ivl_23", 0 0, L_0x5fb731058700;  1 drivers
v0x5fb731048c80_0 .net *"_ivl_231", 0 0, L_0x5fb731060480;  1 drivers
v0x5fb731048d60_0 .net *"_ivl_232", 0 0, L_0x5fb731060520;  1 drivers
v0x5fb731048e40_0 .net *"_ivl_234", 0 0, L_0x5fb731060630;  1 drivers
v0x5fb731048f20_0 .net *"_ivl_237", 0 0, L_0x5fb731060900;  1 drivers
v0x5fb731049000_0 .net *"_ivl_239", 0 0, L_0x5fb731060b60;  1 drivers
v0x5fb7310490e0_0 .net *"_ivl_24", 0 0, L_0x5fb7310587a0;  1 drivers
v0x5fb7310491c0_0 .net *"_ivl_240", 0 0, L_0x5fb731060c00;  1 drivers
v0x5fb7310492a0_0 .net *"_ivl_243", 0 0, L_0x5fb731060d10;  1 drivers
v0x5fb731049380_0 .net *"_ivl_244", 0 0, L_0x5fb731060f80;  1 drivers
v0x5fb731049460_0 .net *"_ivl_246", 0 0, L_0x5fb731061260;  1 drivers
v0x5fb731049540_0 .net *"_ivl_249", 0 0, L_0x5fb731061370;  1 drivers
v0x5fb731049620_0 .net *"_ivl_251", 0 0, L_0x5fb731061410;  1 drivers
v0x5fb731049700_0 .net *"_ivl_252", 0 0, L_0x5fb731061690;  1 drivers
v0x5fb7310497e0_0 .net *"_ivl_255", 0 0, L_0x5fb731061980;  1 drivers
v0x5fb7310498c0_0 .net *"_ivl_256", 0 0, L_0x5fb731061a20;  1 drivers
v0x5fb7310499a0_0 .net *"_ivl_259", 0 0, L_0x5fb731061b30;  1 drivers
v0x5fb731049a80_0 .net *"_ivl_26", 0 0, L_0x5fb731058890;  1 drivers
v0x5fb731049b60_0 .net *"_ivl_260", 0 0, L_0x5fb731061dc0;  1 drivers
v0x5fb731049c40_0 .net *"_ivl_262", 0 0, L_0x5fb7310620c0;  1 drivers
v0x5fb731049d20_0 .net *"_ivl_265", 0 0, L_0x5fb7310621d0;  1 drivers
v0x5fb731049e00_0 .net *"_ivl_267", 0 0, L_0x5fb731062270;  1 drivers
v0x5fb731049ee0_0 .net *"_ivl_268", 0 0, L_0x5fb731062510;  1 drivers
v0x5fb731049fc0_0 .net *"_ivl_271", 0 0, L_0x5fb731062820;  1 drivers
v0x5fb73104a0a0_0 .net *"_ivl_272", 0 0, L_0x5fb7310628c0;  1 drivers
v0x5fb73104a180_0 .net *"_ivl_275", 0 0, L_0x5fb7310629d0;  1 drivers
v0x5fb73104a260_0 .net *"_ivl_276", 0 0, L_0x5fb731062c80;  1 drivers
v0x5fb73104a340_0 .net *"_ivl_279", 0 0, L_0x5fb731062fa0;  1 drivers
v0x5fb73104a420_0 .net *"_ivl_280", 0 0, L_0x5fb731059980;  1 drivers
v0x5fb73104a500_0 .net *"_ivl_282", 0 0, L_0x5fb731063090;  1 drivers
v0x5fb73104a5e0_0 .net *"_ivl_285", 0 0, L_0x5fb7310633c0;  1 drivers
v0x5fb73104a6c0_0 .net *"_ivl_287", 0 0, L_0x5fb731063680;  1 drivers
v0x5fb73104a7a0_0 .net *"_ivl_288", 0 0, L_0x5fb731063720;  1 drivers
v0x5fb73104a880_0 .net *"_ivl_29", 0 0, L_0x5fb7310589e0;  1 drivers
v0x5fb73104a960_0 .net *"_ivl_291", 0 0, L_0x5fb731063830;  1 drivers
v0x5fb73104aa40_0 .net *"_ivl_292", 0 0, L_0x5fb731063b00;  1 drivers
v0x5fb73104ab20_0 .net *"_ivl_295", 0 0, L_0x5fb731063e40;  1 drivers
v0x5fb73104ac00_0 .net *"_ivl_296", 0 0, L_0x5fb731063ee0;  1 drivers
v0x5fb73104ace0_0 .net *"_ivl_299", 0 0, L_0x5fb731063ff0;  1 drivers
v0x5fb73104adc0_0 .net *"_ivl_300", 0 0, L_0x5fb7310642d0;  1 drivers
v0x5fb73104aea0_0 .net *"_ivl_303", 0 0, L_0x5fb731064620;  1 drivers
v0x5fb73104af80_0 .net *"_ivl_304", 0 0, L_0x5fb7310646c0;  1 drivers
v0x5fb73104b060_0 .net *"_ivl_306", 0 0, L_0x5fb7310647d0;  1 drivers
v0x5fb73104b140_0 .net *"_ivl_309", 0 0, L_0x5fb731064b30;  1 drivers
v0x5fb73104b220_0 .net *"_ivl_31", 0 0, L_0x5fb731058b50;  1 drivers
v0x5fb73104b300_0 .net *"_ivl_311", 0 0, L_0x5fb731064e20;  1 drivers
v0x5fb73104b3e0_0 .net *"_ivl_312", 0 0, L_0x5fb731064ec0;  1 drivers
v0x5fb73104b4c0_0 .net *"_ivl_315", 0 0, L_0x5fb731064fd0;  1 drivers
v0x5fb73104b5a0_0 .net *"_ivl_316", 0 0, L_0x5fb7310652d0;  1 drivers
v0x5fb73104b680_0 .net *"_ivl_319", 0 0, L_0x5fb731065640;  1 drivers
v0x5fb73104b760_0 .net *"_ivl_32", 0 0, L_0x5fb731058bf0;  1 drivers
v0x5fb73104b840_0 .net *"_ivl_320", 0 0, L_0x5fb7310656e0;  1 drivers
v0x5fb73104b920_0 .net *"_ivl_323", 0 0, L_0x5fb7310657f0;  1 drivers
v0x5fb73104ba00_0 .net *"_ivl_324", 0 0, L_0x5fb731065b00;  1 drivers
v0x5fb73104bae0_0 .net *"_ivl_327", 0 0, L_0x5fb731065e80;  1 drivers
v0x5fb73104c3d0_0 .net *"_ivl_328", 0 0, L_0x5fb731065f20;  1 drivers
v0x5fb73104c4b0_0 .net/2u *"_ivl_330", 0 0, L_0x76d67e0b1180;  1 drivers
v0x5fb73104c590_0 .net *"_ivl_332", 0 0, L_0x5fb731066030;  1 drivers
v0x5fb73104c670_0 .net *"_ivl_334", 0 0, L_0x5fb7310663c0;  1 drivers
v0x5fb73104c750_0 .net *"_ivl_339", 0 0, L_0x5fb7310664d0;  1 drivers
v0x5fb73104c830_0 .net/2u *"_ivl_34", 0 0, L_0x76d67e0b1060;  1 drivers
v0x5fb73104c910_0 .net *"_ivl_341", 0 0, L_0x5fb7310667f0;  1 drivers
v0x5fb73104c9f0_0 .net *"_ivl_343", 0 0, L_0x5fb731066890;  1 drivers
v0x5fb73104cad0_0 .net *"_ivl_344", 0 0, L_0x5fb731066bc0;  1 drivers
v0x5fb73104cbb0_0 .net *"_ivl_346", 0 0, L_0x5fb731066f60;  1 drivers
v0x5fb73104cc90_0 .net *"_ivl_349", 0 0, L_0x5fb731067070;  1 drivers
v0x5fb73104cd70_0 .net *"_ivl_351", 0 0, L_0x5fb731067110;  1 drivers
v0x5fb73104ce50_0 .net *"_ivl_352", 0 0, L_0x5fb731067450;  1 drivers
v0x5fb73104cf30_0 .net *"_ivl_355", 0 0, L_0x5fb731067800;  1 drivers
v0x5fb73104d010_0 .net *"_ivl_356", 0 0, L_0x5fb7310678a0;  1 drivers
v0x5fb73104d0f0_0 .net *"_ivl_358", 0 0, L_0x5fb7310679b0;  1 drivers
v0x5fb73104d1d0_0 .net *"_ivl_36", 0 0, L_0x5fb731058cb0;  1 drivers
v0x5fb73104d2b0_0 .net *"_ivl_361", 0 0, L_0x5fb731067d70;  1 drivers
v0x5fb73104d390_0 .net *"_ivl_363", 0 0, L_0x5fb7310680c0;  1 drivers
v0x5fb73104d470_0 .net *"_ivl_364", 0 0, L_0x5fb731068160;  1 drivers
v0x5fb73104d550_0 .net *"_ivl_367", 0 0, L_0x5fb731068270;  1 drivers
v0x5fb73104d630_0 .net *"_ivl_368", 0 0, L_0x5fb7310685d0;  1 drivers
v0x5fb73104d710_0 .net *"_ivl_371", 0 0, L_0x5fb7310689a0;  1 drivers
v0x5fb73104d7f0_0 .net *"_ivl_372", 0 0, L_0x5fb731068a40;  1 drivers
v0x5fb73104d8d0_0 .net *"_ivl_374", 0 0, L_0x5fb731068b50;  1 drivers
v0x5fb73104d9b0_0 .net *"_ivl_377", 0 0, L_0x5fb731068f30;  1 drivers
v0x5fb73104da90_0 .net *"_ivl_379", 0 0, L_0x5fb731069ab0;  1 drivers
v0x5fb73104db70_0 .net *"_ivl_38", 0 0, L_0x5fb731058e10;  1 drivers
v0x5fb73104dc50_0 .net *"_ivl_380", 0 0, L_0x5fb731069b50;  1 drivers
v0x5fb73104dd30_0 .net *"_ivl_383", 0 0, L_0x5fb731069c60;  1 drivers
v0x5fb73104de10_0 .net *"_ivl_384", 0 0, L_0x5fb731069fe0;  1 drivers
v0x5fb73104def0_0 .net *"_ivl_387", 0 0, L_0x5fb73106a3d0;  1 drivers
v0x5fb73104dfd0_0 .net *"_ivl_388", 0 0, L_0x5fb73106a470;  1 drivers
v0x5fb73104e0b0_0 .net *"_ivl_391", 0 0, L_0x5fb73106a580;  1 drivers
v0x5fb73104e190_0 .net *"_ivl_392", 0 0, L_0x5fb73106a910;  1 drivers
v0x5fb73104e270_0 .net *"_ivl_394", 0 0, L_0x5fb73106ad10;  1 drivers
v0x5fb73104e350_0 .net *"_ivl_397", 0 0, L_0x5fb73106ae20;  1 drivers
v0x5fb73104e430_0 .net *"_ivl_399", 0 0, L_0x5fb73106aec0;  1 drivers
v0x5fb73104e510_0 .net *"_ivl_400", 0 0, L_0x5fb73106b260;  1 drivers
v0x5fb73104e5f0_0 .net *"_ivl_403", 0 0, L_0x5fb73106b670;  1 drivers
v0x5fb73104e6d0_0 .net *"_ivl_404", 0 0, L_0x5fb73106b710;  1 drivers
v0x5fb73104e7b0_0 .net *"_ivl_407", 0 0, L_0x5fb73106b820;  1 drivers
v0x5fb73104e890_0 .net *"_ivl_408", 0 0, L_0x5fb73106bbd0;  1 drivers
v0x5fb73104e970_0 .net *"_ivl_411", 0 0, L_0x5fb73106bff0;  1 drivers
v0x5fb73104ea50_0 .net *"_ivl_412", 0 0, L_0x5fb73106c090;  1 drivers
v0x5fb73104eb30_0 .net *"_ivl_415", 0 0, L_0x5fb73106c1a0;  1 drivers
v0x5fb73104ec10_0 .net *"_ivl_416", 0 0, L_0x5fb73106c560;  1 drivers
v0x5fb73104ecf0_0 .net *"_ivl_418", 0 0, L_0x5fb73106c990;  1 drivers
v0x5fb73104edd0_0 .net *"_ivl_421", 0 0, L_0x5fb73106caa0;  1 drivers
v0x5fb73104eeb0_0 .net *"_ivl_423", 0 0, L_0x5fb73106cb40;  1 drivers
v0x5fb73104ef90_0 .net *"_ivl_424", 0 0, L_0x5fb73106cf10;  1 drivers
v0x5fb73104f070_0 .net *"_ivl_427", 0 0, L_0x5fb73106d350;  1 drivers
v0x5fb73104f150_0 .net *"_ivl_428", 0 0, L_0x5fb73106d3f0;  1 drivers
v0x5fb73104f230_0 .net *"_ivl_43", 0 0, L_0x5fb731058f20;  1 drivers
v0x5fb73104f310_0 .net *"_ivl_431", 0 0, L_0x5fb73106d500;  1 drivers
v0x5fb73104f3f0_0 .net *"_ivl_432", 0 0, L_0x5fb73106d8e0;  1 drivers
v0x5fb73104f4d0_0 .net *"_ivl_435", 0 0, L_0x5fb73106dd30;  1 drivers
v0x5fb73104f5b0_0 .net *"_ivl_436", 0 0, L_0x5fb73106ddd0;  1 drivers
v0x5fb73104f690_0 .net *"_ivl_439", 0 0, L_0x5fb73106dee0;  1 drivers
v0x5fb73104f770_0 .net *"_ivl_440", 0 0, L_0x5fb73106e2d0;  1 drivers
v0x5fb73104f850_0 .net *"_ivl_443", 0 0, L_0x5fb73106e730;  1 drivers
v0x5fb73104f930_0 .net *"_ivl_444", 0 0, L_0x5fb73106e7d0;  1 drivers
v0x5fb73104fa10_0 .net *"_ivl_446", 0 0, L_0x5fb73106e8e0;  1 drivers
v0x5fb73104faf0_0 .net *"_ivl_449", 0 0, L_0x5fb73106ed50;  1 drivers
v0x5fb73104fbd0_0 .net *"_ivl_45", 0 0, L_0x5fb731059010;  1 drivers
v0x5fb73104fcb0_0 .net *"_ivl_451", 0 0, L_0x5fb73106f150;  1 drivers
v0x5fb73104fd90_0 .net *"_ivl_452", 0 0, L_0x5fb73106f1f0;  1 drivers
v0x5fb73104fe70_0 .net *"_ivl_455", 0 0, L_0x5fb73106f300;  1 drivers
v0x5fb73104ff50_0 .net *"_ivl_456", 0 0, L_0x5fb73106f710;  1 drivers
v0x5fb731050030_0 .net *"_ivl_459", 0 0, L_0x5fb73106fb90;  1 drivers
v0x5fb731050110_0 .net *"_ivl_460", 0 0, L_0x5fb73106fc30;  1 drivers
v0x5fb7310501f0_0 .net *"_ivl_463", 0 0, L_0x5fb73106fd40;  1 drivers
v0x5fb7310502d0_0 .net *"_ivl_464", 0 0, L_0x5fb731070160;  1 drivers
v0x5fb7310503b0_0 .net *"_ivl_467", 0 0, L_0x5fb7310705f0;  1 drivers
v0x5fb731050490_0 .net *"_ivl_468", 0 0, L_0x5fb731070690;  1 drivers
v0x5fb731050570_0 .net *"_ivl_47", 0 0, L_0x5fb7310590b0;  1 drivers
v0x5fb731050650_0 .net *"_ivl_471", 0 0, L_0x5fb7310707a0;  1 drivers
v0x5fb731050730_0 .net *"_ivl_472", 0 0, L_0x5fb731070bd0;  1 drivers
v0x5fb731050810_0 .net/2u *"_ivl_474", 0 0, L_0x76d67e0b11c8;  1 drivers
v0x5fb7310508f0_0 .net *"_ivl_476", 0 0, L_0x5fb731071070;  1 drivers
v0x5fb7310509d0_0 .net *"_ivl_478", 0 0, L_0x5fb731071180;  1 drivers
v0x5fb731050ab0_0 .net *"_ivl_48", 0 0, L_0x5fb7310591b0;  1 drivers
v0x5fb731050b90_0 .net *"_ivl_483", 0 0, L_0x5fb731071630;  1 drivers
v0x5fb731050c70_0 .net *"_ivl_485", 0 0, L_0x5fb7310716d0;  1 drivers
v0x5fb731050d50_0 .net *"_ivl_487", 0 0, L_0x5fb731071b10;  1 drivers
v0x5fb731050e30_0 .net *"_ivl_488", 0 0, L_0x5fb731071bb0;  1 drivers
v0x5fb731050f10_0 .net *"_ivl_490", 0 0, L_0x5fb731071cc0;  1 drivers
v0x5fb731050ff0_0 .net *"_ivl_493", 0 0, L_0x5fb731072180;  1 drivers
v0x5fb7310510d0_0 .net *"_ivl_495", 0 0, L_0x5fb7310725d0;  1 drivers
v0x5fb7310511b0_0 .net *"_ivl_496", 0 0, L_0x5fb731072670;  1 drivers
v0x5fb731051290_0 .net *"_ivl_499", 0 0, L_0x5fb7310727b0;  1 drivers
v0x5fb731051370_0 .net *"_ivl_50", 0 0, L_0x5fb7310592d0;  1 drivers
v0x5fb731051450_0 .net *"_ivl_500", 0 0, L_0x5fb731072c10;  1 drivers
v0x5fb731051530_0 .net *"_ivl_502", 0 0, L_0x5fb7310730e0;  1 drivers
v0x5fb731051610_0 .net *"_ivl_505", 0 0, L_0x5fb7310731f0;  1 drivers
v0x5fb7310516f0_0 .net *"_ivl_507", 0 0, L_0x5fb731073290;  1 drivers
v0x5fb7310517d0_0 .net *"_ivl_508", 0 0, L_0x5fb731073700;  1 drivers
v0x5fb7310518b0_0 .net *"_ivl_511", 0 0, L_0x5fb731073be0;  1 drivers
v0x5fb731051990_0 .net *"_ivl_512", 0 0, L_0x5fb731073c80;  1 drivers
v0x5fb731051a70_0 .net *"_ivl_515", 0 0, L_0x5fb731073d90;  1 drivers
v0x5fb731051b50_0 .net *"_ivl_516", 0 0, L_0x5fb731074210;  1 drivers
v0x5fb731051c30_0 .net *"_ivl_518", 0 0, L_0x5fb731074700;  1 drivers
v0x5fb731051d10_0 .net *"_ivl_521", 0 0, L_0x5fb731074810;  1 drivers
v0x5fb731051df0_0 .net *"_ivl_523", 0 0, L_0x5fb7310748b0;  1 drivers
v0x5fb731051ed0_0 .net *"_ivl_524", 0 0, L_0x5fb731074d40;  1 drivers
v0x5fb731051fb0_0 .net *"_ivl_527", 0 0, L_0x5fb731075240;  1 drivers
v0x5fb731052090_0 .net *"_ivl_528", 0 0, L_0x5fb7310752e0;  1 drivers
v0x5fb731052170_0 .net *"_ivl_53", 0 0, L_0x5fb731059390;  1 drivers
v0x5fb731052250_0 .net *"_ivl_531", 0 0, L_0x5fb7310753f0;  1 drivers
v0x5fb731052330_0 .net *"_ivl_532", 0 0, L_0x5fb731075890;  1 drivers
v0x5fb731052410_0 .net *"_ivl_535", 0 0, L_0x5fb731075da0;  1 drivers
v0x5fb7310524f0_0 .net *"_ivl_536", 0 0, L_0x5fb731075e40;  1 drivers
v0x5fb7310525d0_0 .net *"_ivl_538", 0 0, L_0x5fb731075f50;  1 drivers
v0x5fb7310526b0_0 .net *"_ivl_541", 0 0, L_0x5fb731076470;  1 drivers
v0x5fb731052790_0 .net *"_ivl_543", 0 0, L_0x5fb731076920;  1 drivers
v0x5fb731052870_0 .net *"_ivl_544", 0 0, L_0x5fb7310769c0;  1 drivers
v0x5fb731052950_0 .net *"_ivl_547", 0 0, L_0x5fb731076ad0;  1 drivers
v0x5fb731052a30_0 .net *"_ivl_548", 0 0, L_0x5fb731076f90;  1 drivers
v0x5fb731052b10_0 .net *"_ivl_55", 0 0, L_0x5fb731059430;  1 drivers
v0x5fb731052bf0_0 .net *"_ivl_551", 0 0, L_0x5fb7310774c0;  1 drivers
v0x5fb731052cd0_0 .net *"_ivl_552", 0 0, L_0x5fb731077560;  1 drivers
v0x5fb731052db0_0 .net *"_ivl_555", 0 0, L_0x5fb731077670;  1 drivers
v0x5fb731052e90_0 .net *"_ivl_556", 0 0, L_0x5fb731076b70;  1 drivers
v0x5fb731052f70_0 .net *"_ivl_559", 0 0, L_0x5fb731076c80;  1 drivers
v0x5fb731053050_0 .net *"_ivl_56", 0 0, L_0x5fb731059540;  1 drivers
v0x5fb731053130_0 .net *"_ivl_560", 0 0, L_0x5fb731076d20;  1 drivers
v0x5fb731053210_0 .net *"_ivl_562", 0 0, L_0x5fb731076e30;  1 drivers
v0x5fb7310532f0_0 .net *"_ivl_565", 0 0, L_0x5fb7310770a0;  1 drivers
v0x5fb73104bbc0_0 .net *"_ivl_567", 0 0, L_0x5fb731077140;  1 drivers
v0x5fb73104bca0_0 .net *"_ivl_568", 0 0, L_0x5fb7310771e0;  1 drivers
v0x5fb73104bd80_0 .net *"_ivl_571", 0 0, L_0x5fb7310772a0;  1 drivers
v0x5fb73104be60_0 .net *"_ivl_572", 0 0, L_0x5fb731077340;  1 drivers
v0x5fb73104bf40_0 .net *"_ivl_575", 0 0, L_0x5fb731077710;  1 drivers
v0x5fb73104c020_0 .net *"_ivl_576", 0 0, L_0x5fb731077450;  1 drivers
v0x5fb73104c100_0 .net *"_ivl_579", 0 0, L_0x5fb731077850;  1 drivers
v0x5fb73104c1e0_0 .net *"_ivl_580", 0 0, L_0x5fb731077d50;  1 drivers
v0x5fb73104c2c0_0 .net *"_ivl_583", 0 0, L_0x5fb731077e60;  1 drivers
v0x5fb7310543c0_0 .net *"_ivl_584", 0 0, L_0x5fb731077f00;  1 drivers
v0x5fb7310544a0_0 .net *"_ivl_587", 0 0, L_0x5fb731078010;  1 drivers
v0x5fb731054580_0 .net *"_ivl_588", 0 0, L_0x5fb7310780b0;  1 drivers
v0x5fb731054660_0 .net *"_ivl_59", 0 0, L_0x5fb7310596c0;  1 drivers
v0x5fb731054740_0 .net *"_ivl_590", 0 0, L_0x5fb7310781c0;  1 drivers
v0x5fb731054820_0 .net *"_ivl_593", 0 0, L_0x5fb7310782d0;  1 drivers
v0x5fb731054900_0 .net *"_ivl_595", 0 0, L_0x5fb731078370;  1 drivers
v0x5fb7310549e0_0 .net *"_ivl_596", 0 0, L_0x5fb731078410;  1 drivers
v0x5fb731054ac0_0 .net *"_ivl_599", 0 0, L_0x5fb7310778f0;  1 drivers
v0x5fb731054ba0_0 .net *"_ivl_60", 0 0, L_0x5fb731059760;  1 drivers
v0x5fb731054c80_0 .net *"_ivl_600", 0 0, L_0x5fb731077990;  1 drivers
v0x5fb731054d60_0 .net *"_ivl_603", 0 0, L_0x5fb731077aa0;  1 drivers
v0x5fb731054e40_0 .net *"_ivl_604", 0 0, L_0x5fb731077b40;  1 drivers
v0x5fb731054f20_0 .net *"_ivl_607", 0 0, L_0x5fb731077c50;  1 drivers
v0x5fb731055000_0 .net *"_ivl_608", 0 0, L_0x5fb7310789b0;  1 drivers
v0x5fb7310550e0_0 .net *"_ivl_611", 0 0, L_0x5fb731078ac0;  1 drivers
v0x5fb7310551c0_0 .net *"_ivl_612", 0 0, L_0x5fb731078b60;  1 drivers
v0x5fb7310552a0_0 .net *"_ivl_615", 0 0, L_0x5fb731078520;  1 drivers
v0x5fb731055380_0 .net *"_ivl_616", 0 0, L_0x5fb7310785c0;  1 drivers
v0x5fb731055460_0 .net *"_ivl_619", 0 0, L_0x5fb7310786d0;  1 drivers
v0x5fb731055540_0 .net *"_ivl_62", 0 0, L_0x5fb731059870;  1 drivers
v0x5fb731055620_0 .net *"_ivl_620", 0 0, L_0x5fb731078770;  1 drivers
v0x5fb731055700_0 .net *"_ivl_622", 0 0, L_0x5fb731078880;  1 drivers
v0x5fb7310557e0_0 .net *"_ivl_625", 0 0, L_0x5fb731078c70;  1 drivers
v0x5fb7310558c0_0 .net *"_ivl_627", 0 0, L_0x5fb731078d10;  1 drivers
v0x5fb7310559a0_0 .net *"_ivl_628", 0 0, L_0x5fb731078940;  1 drivers
v0x5fb731055a80_0 .net *"_ivl_631", 0 0, L_0x5fb731079310;  1 drivers
v0x5fb731055b60_0 .net *"_ivl_632", 0 0, L_0x5fb7310793b0;  1 drivers
v0x5fb731055c40_0 .net *"_ivl_635", 0 0, L_0x5fb7310794c0;  1 drivers
v0x5fb731055d20_0 .net *"_ivl_636", 0 0, L_0x5fb731079560;  1 drivers
v0x5fb731055e00_0 .net *"_ivl_639", 0 0, L_0x5fb731079670;  1 drivers
v0x5fb731055ee0_0 .net *"_ivl_640", 0 0, L_0x5fb731079710;  1 drivers
v0x5fb731055fc0_0 .net *"_ivl_643", 0 0, L_0x5fb731079820;  1 drivers
v0x5fb7310560a0_0 .net *"_ivl_644", 0 0, L_0x5fb7310798c0;  1 drivers
v0x5fb731056180_0 .net *"_ivl_647", 0 0, L_0x5fb731078e50;  1 drivers
v0x5fb731056260_0 .net *"_ivl_648", 0 0, L_0x5fb731078ef0;  1 drivers
v0x5fb731056340_0 .net *"_ivl_65", 0 0, L_0x5fb731059a00;  1 drivers
v0x5fb731056420_0 .net *"_ivl_651", 0 0, L_0x5fb731079000;  1 drivers
v0x5fb731056500_0 .net *"_ivl_652", 0 0, L_0x5fb7310790a0;  1 drivers
v0x5fb7310565e0_0 .net/2u *"_ivl_654", 0 0, L_0x76d67e0b1210;  1 drivers
v0x5fb7310566c0_0 .net *"_ivl_656", 0 0, L_0x5fb7310791b0;  1 drivers
v0x5fb7310567a0_0 .net *"_ivl_658", 0 0, L_0x5fb731079ec0;  1 drivers
v0x5fb731056880_0 .net *"_ivl_67", 0 0, L_0x5fb731059b20;  1 drivers
v0x5fb731056960_0 .net *"_ivl_68", 0 0, L_0x5fb7310594d0;  1 drivers
v0x5fb731056a40_0 .net *"_ivl_7", 0 0, L_0x5fb731058130;  1 drivers
v0x5fb731056b20_0 .net *"_ivl_71", 0 0, L_0x5fb731059c60;  1 drivers
v0x5fb731056c00_0 .net *"_ivl_72", 0 0, L_0x5fb731059650;  1 drivers
v0x5fb731056ce0_0 .net *"_ivl_727", 0 0, L_0x5fb73107bc90;  1 drivers
L_0x76d67e0b12a0 .functor BUFT 1, C4<00000000000000000000000>, C4<0>, C4<0>, C4<0>;
v0x5fb731056dc0_0 .net/2u *"_ivl_731", 22 0, L_0x76d67e0b12a0;  1 drivers
o0x76d67e0fe8a8 .functor BUFZ 1, C4<z>; HiZ drive
; Elide local net with no drivers, v0x5fb731056ea0_0 name=_ivl_735
v0x5fb731056f80_0 .net/2u *"_ivl_74", 0 0, L_0x76d67e0b10a8;  1 drivers
v0x5fb731057060_0 .net *"_ivl_76", 0 0, L_0x5fb731059ec0;  1 drivers
v0x5fb731057140_0 .net *"_ivl_78", 0 0, L_0x5fb731059fd0;  1 drivers
v0x5fb731057220_0 .net *"_ivl_83", 0 0, L_0x5fb73105a180;  1 drivers
v0x5fb731057300_0 .net *"_ivl_85", 0 0, L_0x5fb73105a220;  1 drivers
v0x5fb7310573e0_0 .net *"_ivl_87", 0 0, L_0x5fb73105a360;  1 drivers
v0x5fb7310574c0_0 .net *"_ivl_88", 0 0, L_0x5fb73105a400;  1 drivers
v0x5fb7310575a0_0 .net *"_ivl_9", 0 0, L_0x5fb731058220;  1 drivers
v0x5fb731057680_0 .net *"_ivl_90", 0 0, L_0x5fb73105a540;  1 drivers
v0x5fb731057760_0 .net *"_ivl_93", 0 0, L_0x5fb73105a0e0;  1 drivers
v0x5fb731057840_0 .net *"_ivl_95", 0 0, L_0x5fb73105a2c0;  1 drivers
v0x5fb731057920_0 .net *"_ivl_96", 0 0, L_0x5fb73105a7b0;  1 drivers
v0x5fb731057a00_0 .net *"_ivl_99", 0 0, L_0x5fb73105a8c0;  1 drivers
L_0x5fb731058130 .part L_0x5fb7310580a0, 0, 1;
L_0x5fb731058220 .part L_0x5fb731057f70, 0, 1;
L_0x5fb731058590 .part L_0x5fb7310580a0, 1, 1;
L_0x5fb731058630 .part L_0x5fb731057f70, 1, 1;
L_0x5fb731058700 .part L_0x5fb7310580a0, 0, 1;
L_0x5fb7310589e0 .part L_0x5fb731057f70, 1, 1;
L_0x5fb731058b50 .part L_0x5fb731057f70, 0, 1;
L_0x5fb731058f20 .part L_0x5fb7310580a0, 2, 1;
L_0x5fb731059010 .part L_0x5fb731057f70, 2, 1;
L_0x5fb7310590b0 .part L_0x5fb7310580a0, 1, 1;
L_0x5fb731059390 .part L_0x5fb731057f70, 2, 1;
L_0x5fb731059430 .part L_0x5fb731057f70, 1, 1;
L_0x5fb7310596c0 .part L_0x5fb7310580a0, 0, 1;
L_0x5fb731059a00 .part L_0x5fb731057f70, 2, 1;
L_0x5fb731059b20 .part L_0x5fb731057f70, 1, 1;
L_0x5fb731059c60 .part L_0x5fb731057f70, 0, 1;
L_0x5fb73105a180 .part L_0x5fb7310580a0, 3, 1;
L_0x5fb73105a220 .part L_0x5fb731057f70, 3, 1;
L_0x5fb73105a360 .part L_0x5fb7310580a0, 2, 1;
L_0x5fb73105a0e0 .part L_0x5fb731057f70, 3, 1;
L_0x5fb73105a2c0 .part L_0x5fb731057f70, 2, 1;
L_0x5fb73105a8c0 .part L_0x5fb7310580a0, 1, 1;
L_0x5fb73105ad00 .part L_0x5fb731057f70, 3, 1;
L_0x5fb73105ada0 .part L_0x5fb731057f70, 2, 1;
L_0x5fb73105b0f0 .part L_0x5fb731057f70, 1, 1;
L_0x5fb73105b2a0 .part L_0x5fb7310580a0, 0, 1;
L_0x5fb73105b720 .part L_0x5fb731057f70, 3, 1;
L_0x5fb73105b7c0 .part L_0x5fb731057f70, 2, 1;
L_0x5fb73105bb50 .part L_0x5fb731057f70, 1, 1;
L_0x5fb73105bd00 .part L_0x5fb731057f70, 0, 1;
L_0x5fb73105c3e0 .part L_0x5fb7310580a0, 4, 1;
L_0x5fb73105c480 .part L_0x5fb731057f70, 4, 1;
L_0x5fb73105c630 .part L_0x5fb7310580a0, 3, 1;
L_0x5fb73105ca40 .part L_0x5fb731057f70, 4, 1;
L_0x5fb73105cc00 .part L_0x5fb731057f70, 3, 1;
L_0x5fb73105cdb0 .part L_0x5fb7310580a0, 2, 1;
L_0x5fb73105d0b0 .part L_0x5fb731057f70, 4, 1;
L_0x5fb73105d150 .part L_0x5fb731057f70, 3, 1;
L_0x5fb73105d580 .part L_0x5fb731057f70, 2, 1;
L_0x5fb73105d730 .part L_0x5fb7310580a0, 1, 1;
L_0x5fb73105dc90 .part L_0x5fb731057f70, 4, 1;
L_0x5fb73105dd30 .part L_0x5fb731057f70, 3, 1;
L_0x5fb73105e1a0 .part L_0x5fb731057f70, 2, 1;
L_0x5fb73105e350 .part L_0x5fb731057f70, 1, 1;
L_0x5fb73105e7e0 .part L_0x5fb7310580a0, 0, 1;
L_0x5fb73105ee30 .part L_0x5fb731057f70, 4, 1;
L_0x5fb73105f050 .part L_0x5fb731057f70, 3, 1;
L_0x5fb73105f200 .part L_0x5fb731057f70, 2, 1;
L_0x5fb73105f6d0 .part L_0x5fb731057f70, 1, 1;
L_0x5fb73105f880 .part L_0x5fb731057f70, 0, 1;
L_0x5fb731060190 .part L_0x5fb7310580a0, 5, 1;
L_0x5fb731060230 .part L_0x5fb731057f70, 5, 1;
L_0x5fb731060480 .part L_0x5fb7310580a0, 4, 1;
L_0x5fb731060900 .part L_0x5fb731057f70, 5, 1;
L_0x5fb731060b60 .part L_0x5fb731057f70, 4, 1;
L_0x5fb731060d10 .part L_0x5fb7310580a0, 3, 1;
L_0x5fb731061370 .part L_0x5fb731057f70, 5, 1;
L_0x5fb731061410 .part L_0x5fb731057f70, 4, 1;
L_0x5fb731061980 .part L_0x5fb731057f70, 3, 1;
L_0x5fb731061b30 .part L_0x5fb7310580a0, 2, 1;
L_0x5fb7310621d0 .part L_0x5fb731057f70, 5, 1;
L_0x5fb731062270 .part L_0x5fb731057f70, 4, 1;
L_0x5fb731062820 .part L_0x5fb731057f70, 3, 1;
L_0x5fb7310629d0 .part L_0x5fb731057f70, 2, 1;
L_0x5fb731062fa0 .part L_0x5fb7310580a0, 1, 1;
L_0x5fb7310633c0 .part L_0x5fb731057f70, 5, 1;
L_0x5fb731063680 .part L_0x5fb731057f70, 4, 1;
L_0x5fb731063830 .part L_0x5fb731057f70, 3, 1;
L_0x5fb731063e40 .part L_0x5fb731057f70, 2, 1;
L_0x5fb731063ff0 .part L_0x5fb731057f70, 1, 1;
L_0x5fb731064620 .part L_0x5fb7310580a0, 0, 1;
L_0x5fb731064b30 .part L_0x5fb731057f70, 5, 1;
L_0x5fb731064e20 .part L_0x5fb731057f70, 4, 1;
L_0x5fb731064fd0 .part L_0x5fb731057f70, 3, 1;
L_0x5fb731065640 .part L_0x5fb731057f70, 2, 1;
L_0x5fb7310657f0 .part L_0x5fb731057f70, 1, 1;
L_0x5fb731065e80 .part L_0x5fb731057f70, 0, 1;
L_0x5fb7310664d0 .part L_0x5fb7310580a0, 6, 1;
L_0x5fb7310667f0 .part L_0x5fb731057f70, 6, 1;
L_0x5fb731066890 .part L_0x5fb7310580a0, 5, 1;
L_0x5fb731067070 .part L_0x5fb731057f70, 6, 1;
L_0x5fb731067110 .part L_0x5fb731057f70, 5, 1;
L_0x5fb731067800 .part L_0x5fb7310580a0, 4, 1;
L_0x5fb731067d70 .part L_0x5fb731057f70, 6, 1;
L_0x5fb7310680c0 .part L_0x5fb731057f70, 5, 1;
L_0x5fb731068270 .part L_0x5fb731057f70, 4, 1;
L_0x5fb7310689a0 .part L_0x5fb7310580a0, 3, 1;
L_0x5fb731068f30 .part L_0x5fb731057f70, 6, 1;
L_0x5fb731069ab0 .part L_0x5fb731057f70, 5, 1;
L_0x5fb731069c60 .part L_0x5fb731057f70, 4, 1;
L_0x5fb73106a3d0 .part L_0x5fb731057f70, 3, 1;
L_0x5fb73106a580 .part L_0x5fb7310580a0, 2, 1;
L_0x5fb73106ae20 .part L_0x5fb731057f70, 6, 1;
L_0x5fb73106aec0 .part L_0x5fb731057f70, 5, 1;
L_0x5fb73106b670 .part L_0x5fb731057f70, 4, 1;
L_0x5fb73106b820 .part L_0x5fb731057f70, 3, 1;
L_0x5fb73106bff0 .part L_0x5fb731057f70, 2, 1;
L_0x5fb73106c1a0 .part L_0x5fb7310580a0, 1, 1;
L_0x5fb73106caa0 .part L_0x5fb731057f70, 6, 1;
L_0x5fb73106cb40 .part L_0x5fb731057f70, 5, 1;
L_0x5fb73106d350 .part L_0x5fb731057f70, 4, 1;
L_0x5fb73106d500 .part L_0x5fb731057f70, 3, 1;
L_0x5fb73106dd30 .part L_0x5fb731057f70, 2, 1;
L_0x5fb73106dee0 .part L_0x5fb731057f70, 1, 1;
L_0x5fb73106e730 .part L_0x5fb7310580a0, 0, 1;
L_0x5fb73106ed50 .part L_0x5fb731057f70, 6, 1;
L_0x5fb73106f150 .part L_0x5fb731057f70, 5, 1;
L_0x5fb73106f300 .part L_0x5fb731057f70, 4, 1;
L_0x5fb73106fb90 .part L_0x5fb731057f70, 3, 1;
L_0x5fb73106fd40 .part L_0x5fb731057f70, 2, 1;
L_0x5fb7310705f0 .part L_0x5fb731057f70, 1, 1;
L_0x5fb7310707a0 .part L_0x5fb731057f70, 0, 1;
L_0x5fb731071630 .part L_0x5fb7310580a0, 7, 1;
L_0x5fb7310716d0 .part L_0x5fb731057f70, 7, 1;
L_0x5fb731071b10 .part L_0x5fb7310580a0, 6, 1;
L_0x5fb731072180 .part L_0x5fb731057f70, 7, 1;
L_0x5fb7310725d0 .part L_0x5fb731057f70, 6, 1;
L_0x5fb7310727b0 .part L_0x5fb7310580a0, 5, 1;
L_0x5fb7310731f0 .part L_0x5fb731057f70, 7, 1;
L_0x5fb731073290 .part L_0x5fb731057f70, 6, 1;
L_0x5fb731073be0 .part L_0x5fb731057f70, 5, 1;
L_0x5fb731073d90 .part L_0x5fb7310580a0, 4, 1;
L_0x5fb731074810 .part L_0x5fb731057f70, 7, 1;
L_0x5fb7310748b0 .part L_0x5fb731057f70, 6, 1;
L_0x5fb731075240 .part L_0x5fb731057f70, 5, 1;
L_0x5fb7310753f0 .part L_0x5fb731057f70, 4, 1;
L_0x5fb731075da0 .part L_0x5fb7310580a0, 3, 1;
L_0x5fb731076470 .part L_0x5fb731057f70, 7, 1;
L_0x5fb731076920 .part L_0x5fb731057f70, 6, 1;
L_0x5fb731076ad0 .part L_0x5fb731057f70, 5, 1;
L_0x5fb7310774c0 .part L_0x5fb731057f70, 4, 1;
L_0x5fb731077670 .part L_0x5fb731057f70, 3, 1;
L_0x5fb731076c80 .part L_0x5fb7310580a0, 2, 1;
L_0x5fb7310770a0 .part L_0x5fb731057f70, 7, 1;
L_0x5fb731077140 .part L_0x5fb731057f70, 6, 1;
L_0x5fb7310772a0 .part L_0x5fb731057f70, 5, 1;
L_0x5fb731077710 .part L_0x5fb731057f70, 4, 1;
L_0x5fb731077850 .part L_0x5fb731057f70, 3, 1;
L_0x5fb731077e60 .part L_0x5fb731057f70, 2, 1;
L_0x5fb731078010 .part L_0x5fb7310580a0, 1, 1;
L_0x5fb7310782d0 .part L_0x5fb731057f70, 7, 1;
L_0x5fb731078370 .part L_0x5fb731057f70, 6, 1;
L_0x5fb7310778f0 .part L_0x5fb731057f70, 5, 1;
L_0x5fb731077aa0 .part L_0x5fb731057f70, 4, 1;
L_0x5fb731077c50 .part L_0x5fb731057f70, 3, 1;
L_0x5fb731078ac0 .part L_0x5fb731057f70, 2, 1;
L_0x5fb731078520 .part L_0x5fb731057f70, 1, 1;
L_0x5fb7310786d0 .part L_0x5fb7310580a0, 0, 1;
L_0x5fb731078c70 .part L_0x5fb731057f70, 7, 1;
L_0x5fb731078d10 .part L_0x5fb731057f70, 6, 1;
L_0x5fb731079310 .part L_0x5fb731057f70, 5, 1;
L_0x5fb7310794c0 .part L_0x5fb731057f70, 4, 1;
L_0x5fb731079670 .part L_0x5fb731057f70, 3, 1;
L_0x5fb731079820 .part L_0x5fb731057f70, 2, 1;
L_0x5fb731078e50 .part L_0x5fb731057f70, 1, 1;
L_0x5fb731079000 .part L_0x5fb731057f70, 0, 1;
L_0x5fb73107a0e0 .part v0x5fb731057b60_0, 0, 1;
L_0x5fb73107a1d0 .part v0x5fb731057c20_0, 0, 1;
L_0x5fb73107a380 .part v0x5fb731057b60_0, 1, 1;
L_0x5fb73107a470 .part v0x5fb731057c20_0, 1, 1;
L_0x5fb73107a560 .part L_0x5fb73108ca50, 1, 1;
L_0x5fb73107a7e0 .part v0x5fb731057b60_0, 2, 1;
L_0x5fb7310799d0 .part v0x5fb731057c20_0, 2, 1;
L_0x5fb731079ac0 .part L_0x5fb73108ca50, 2, 1;
L_0x5fb731079d30 .part v0x5fb731057b60_0, 3, 1;
L_0x5fb731079e20 .part v0x5fb731057c20_0, 3, 1;
L_0x5fb73107ae00 .part L_0x5fb73108ca50, 3, 1;
L_0x5fb73107b020 .part v0x5fb731057b60_0, 4, 1;
L_0x5fb73107b110 .part v0x5fb731057c20_0, 4, 1;
L_0x5fb73107b200 .part L_0x5fb73108ca50, 4, 1;
L_0x5fb73107b9c0 .part v0x5fb731057b60_0, 5, 1;
L_0x5fb73107bab0 .part v0x5fb731057c20_0, 5, 1;
L_0x5fb73107b380 .part L_0x5fb73108ca50, 5, 1;
L_0x5fb73107b5d0 .part v0x5fb731057b60_0, 6, 1;
L_0x5fb73107b6c0 .part v0x5fb731057c20_0, 6, 1;
L_0x5fb73107b7b0 .part L_0x5fb73108ca50, 6, 1;
L_0x5fb73107c260 .part v0x5fb731057b60_0, 7, 1;
L_0x5fb73107c350 .part v0x5fb731057c20_0, 7, 1;
L_0x5fb73107bba0 .part L_0x5fb73108ca50, 7, 1;
L_0x5fb73107bc90 .part L_0x5fb73108ca50, 8, 1;
LS_0x5fb73107bd30_0_0 .concat8 [ 1 1 1 1], L_0x5fb731079ff0, L_0x5fb73107a2e0, L_0x5fb73107a6f0, L_0x5fb731079c70;
LS_0x5fb73107bd30_0_4 .concat8 [ 1 1 1 1], L_0x5fb73107af60, L_0x5fb73107b950, L_0x5fb73107b4e0, L_0x5fb73107c1a0;
LS_0x5fb73107bd30_0_8 .concat8 [ 1 23 0 0], L_0x5fb73107bc90, L_0x76d67e0b12a0;
L_0x5fb73107bd30 .concat8 [ 4 4 24 0], LS_0x5fb73107bd30_0_0, LS_0x5fb73107bd30_0_4, LS_0x5fb73107bd30_0_8;
LS_0x5fb73108ca50_0_0 .concat [ 1 1 1 1], o0x76d67e0fe8a8, L_0x5fb731058450, L_0x5fb731058e10, L_0x5fb731059fd0;
LS_0x5fb73108ca50_0_4 .concat [ 1 1 1 1], L_0x5fb73105c1c0, L_0x5fb73105fed0, L_0x5fb7310663c0, L_0x5fb731071180;
LS_0x5fb73108ca50_0_8 .concat [ 1 0 0 0], L_0x5fb731079ec0;
L_0x5fb73108ca50 .concat [ 4 4 1 0], LS_0x5fb73108ca50_0_0, LS_0x5fb73108ca50_0_4, LS_0x5fb73108ca50_0_8;
S_0x5fb731018f50 .scope module, "FA1" "FullAdder" 3 44, 3 5 0, S_0x5fb731017980;
 .timescale 0 0;
    .port_info 0 /INPUT 1 "A";
    .port_info 1 /INPUT 1 "B";
    .port_info 2 /INPUT 1 "Cin";
    .port_info 3 /OUTPUT 1 "S";
L_0x5fb731079f80 .functor XOR 1, L_0x5fb73107a0e0, L_0x5fb73107a1d0, C4<0>, C4<0>;
L_0x76d67e0b1258 .functor BUFT 1, C4<0>, C4<0>, C4<0>, C4<0>;
L_0x5fb731079ff0 .functor XOR 1, L_0x5fb731079f80, L_0x76d67e0b1258, C4<0>, C4<0>;
v0x5fb730f94670_0 .net "A", 0 0, L_0x5fb73107a0e0;  1 drivers
v0x5fb730f93000_0 .net "B", 0 0, L_0x5fb73107a1d0;  1 drivers
v0x5fb731016260_0 .net "Cin", 0 0, L_0x76d67e0b1258;  1 drivers
v0x5fb731014a00_0 .net "S", 0 0, L_0x5fb731079ff0;  1 drivers
v0x5fb7310131a0_0 .net "w", 0 0, L_0x5fb731079f80;  1 drivers
S_0x5fb7310417a0 .scope module, "FA2" "FullAdder" 3 45, 3 5 0, S_0x5fb731017980;
 .timescale 0 0;
    .port_info 0 /INPUT 1 "A";
    .port_info 1 /INPUT 1 "B";
    .port_info 2 /INPUT 1 "Cin";
    .port_info 3 /OUTPUT 1 "S";
L_0x5fb73107a270 .functor XOR 1, L_0x5fb73107a380, L_0x5fb73107a470, C4<0>, C4<0>;
L_0x5fb73107a2e0 .functor XOR 1, L_0x5fb73107a270, L_0x5fb73107a560, C4<0>, C4<0>;
v0x5fb731011940_0 .net "A", 0 0, L_0x5fb73107a380;  1 drivers
v0x5fb7310100b0_0 .net "B", 0 0, L_0x5fb73107a470;  1 drivers
v0x5fb731041a00_0 .net "Cin", 0 0, L_0x5fb73107a560;  1 drivers
v0x5fb731041aa0_0 .net "S", 0 0, L_0x5fb73107a2e0;  1 drivers
v0x5fb731041b60_0 .net "w", 0 0, L_0x5fb73107a270;  1 drivers
S_0x5fb731041ca0 .scope module, "FA3" "FullAdder" 3 46, 3 5 0, S_0x5fb731017980;
 .timescale 0 0;
    .port_info 0 /INPUT 1 "A";
    .port_info 1 /INPUT 1 "B";
    .port_info 2 /INPUT 1 "Cin";
    .port_info 3 /OUTPUT 1 "S";
L_0x5fb73107a650 .functor XOR 1, L_0x5fb73107a7e0, L_0x5fb7310799d0, C4<0>, C4<0>;
L_0x5fb73107a6f0 .functor XOR 1, L_0x5fb73107a650, L_0x5fb731079ac0, C4<0>, C4<0>;
v0x5fb731041ea0_0 .net "A", 0 0, L_0x5fb73107a7e0;  1 drivers
v0x5fb731041f60_0 .net "B", 0 0, L_0x5fb7310799d0;  1 drivers
v0x5fb731042020_0 .net "Cin", 0 0, L_0x5fb731079ac0;  1 drivers
v0x5fb7310420c0_0 .net "S", 0 0, L_0x5fb73107a6f0;  1 drivers
v0x5fb731042180_0 .net "w", 0 0, L_0x5fb73107a650;  1 drivers
S_0x5fb731042310 .scope module, "FA4" "FullAdder" 3 47, 3 5 0, S_0x5fb731017980;
 .timescale 0 0;
    .port_info 0 /INPUT 1 "A";
    .port_info 1 /INPUT 1 "B";
    .port_info 2 /INPUT 1 "Cin";
    .port_info 3 /OUTPUT 1 "S";
L_0x5fb731079c00 .functor XOR 1, L_0x5fb731079d30, L_0x5fb731079e20, C4<0>, C4<0>;
L_0x5fb731079c70 .functor XOR 1, L_0x5fb731079c00, L_0x5fb73107ae00, C4<0>, C4<0>;
v0x5fb731042560_0 .net "A", 0 0, L_0x5fb731079d30;  1 drivers
v0x5fb731042640_0 .net "B", 0 0, L_0x5fb731079e20;  1 drivers
v0x5fb731042700_0 .net "Cin", 0 0, L_0x5fb73107ae00;  1 drivers
v0x5fb7310427d0_0 .net "S", 0 0, L_0x5fb731079c70;  1 drivers
v0x5fb731042890_0 .net "w", 0 0, L_0x5fb731079c00;  1 drivers
S_0x5fb731042a20 .scope module, "FA5" "FullAdder" 3 48, 3 5 0, S_0x5fb731017980;
 .timescale 0 0;
    .port_info 0 /INPUT 1 "A";
    .port_info 1 /INPUT 1 "B";
    .port_info 2 /INPUT 1 "Cin";
    .port_info 3 /OUTPUT 1 "S";
L_0x5fb73107aef0 .functor XOR 1, L_0x5fb73107b020, L_0x5fb73107b110, C4<0>, C4<0>;
L_0x5fb73107af60 .functor XOR 1, L_0x5fb73107aef0, L_0x5fb73107b200, C4<0>, C4<0>;
v0x5fb731042cc0_0 .net "A", 0 0, L_0x5fb73107b020;  1 drivers
v0x5fb731042da0_0 .net "B", 0 0, L_0x5fb73107b110;  1 drivers
v0x5fb731042e60_0 .net "Cin", 0 0, L_0x5fb73107b200;  1 drivers
v0x5fb731042f00_0 .net "S", 0 0, L_0x5fb73107af60;  1 drivers
v0x5fb731042fc0_0 .net "w", 0 0, L_0x5fb73107aef0;  1 drivers
S_0x5fb731043150 .scope module, "FA6" "FullAdder" 3 49, 3 5 0, S_0x5fb731017980;
 .timescale 0 0;
    .port_info 0 /INPUT 1 "A";
    .port_info 1 /INPUT 1 "B";
    .port_info 2 /INPUT 1 "Cin";
    .port_info 3 /OUTPUT 1 "S";
L_0x5fb73107b8e0 .functor XOR 1, L_0x5fb73107b9c0, L_0x5fb73107bab0, C4<0>, C4<0>;
L_0x5fb73107b950 .functor XOR 1, L_0x5fb73107b8e0, L_0x5fb73107b380, C4<0>, C4<0>;
v0x5fb7310433a0_0 .net "A", 0 0, L_0x5fb73107b9c0;  1 drivers
v0x5fb731043480_0 .net "B", 0 0, L_0x5fb73107bab0;  1 drivers
v0x5fb731043540_0 .net "Cin", 0 0, L_0x5fb73107b380;  1 drivers
v0x5fb731043610_0 .net "S", 0 0, L_0x5fb73107b950;  1 drivers
v0x5fb7310436d0_0 .net "w", 0 0, L_0x5fb73107b8e0;  1 drivers
S_0x5fb731043860 .scope module, "FA7" "FullAdder" 3 50, 3 5 0, S_0x5fb731017980;
 .timescale 0 0;
    .port_info 0 /INPUT 1 "A";
    .port_info 1 /INPUT 1 "B";
    .port_info 2 /INPUT 1 "Cin";
    .port_info 3 /OUTPUT 1 "S";
L_0x5fb73107b470 .functor XOR 1, L_0x5fb73107b5d0, L_0x5fb73107b6c0, C4<0>, C4<0>;
L_0x5fb73107b4e0 .functor XOR 1, L_0x5fb73107b470, L_0x5fb73107b7b0, C4<0>, C4<0>;
v0x5fb731043ab0_0 .net "A", 0 0, L_0x5fb73107b5d0;  1 drivers
v0x5fb731043b90_0 .net "B", 0 0, L_0x5fb73107b6c0;  1 drivers
v0x5fb731043c50_0 .net "Cin", 0 0, L_0x5fb73107b7b0;  1 drivers
v0x5fb731043d20_0 .net "S", 0 0, L_0x5fb73107b4e0;  1 drivers
v0x5fb731043de0_0 .net "w", 0 0, L_0x5fb73107b470;  1 drivers
S_0x5fb731043f70 .scope module, "FA8" "FullAdder" 3 51, 3 5 0, S_0x5fb731017980;
 .timescale 0 0;
    .port_info 0 /INPUT 1 "A";
    .port_info 1 /INPUT 1 "B";
    .port_info 2 /INPUT 1 "Cin";
    .port_info 3 /OUTPUT 1 "S";
L_0x5fb73107c130 .functor XOR 1, L_0x5fb73107c260, L_0x5fb73107c350, C4<0>, C4<0>;
L_0x5fb73107c1a0 .functor XOR 1, L_0x5fb73107c130, L_0x5fb73107bba0, C4<0>, C4<0>;
v0x5fb7310441c0_0 .net "A", 0 0, L_0x5fb73107c260;  1 drivers
v0x5fb7310442a0_0 .net "B", 0 0, L_0x5fb73107c350;  1 drivers
v0x5fb731044360_0 .net "Cin", 0 0, L_0x5fb73107bba0;  1 drivers
v0x5fb731044430_0 .net "S", 0 0, L_0x5fb73107c1a0;  1 drivers
v0x5fb7310444f0_0 .net "w", 0 0, L_0x5fb73107c130;  1 drivers
    .scope S_0x5fb731011570;
T_0 ;
    %vpi_call/w 3 80 "$dumpfile", "CLA_tb.vcd" {0 0 0};
    %vpi_call/w 3 81 "$dumpvars", 32'sb00000000000000000000000000000000, S_0x5fb731011570 {0 0 0};
    %pushi/vec4 0, 0, 8;
    %store/vec4 v0x5fb731057b60_0, 0, 8;
    %pushi/vec4 0, 0, 8;
    %store/vec4 v0x5fb731057c20_0, 0, 8;
    %vpi_func 3 85 "$time" 64 {0 0 0};
    %store/vec4 v0x5fb731057e90_0, 0, 64;
    %delay 1, 0;
    %vpi_func 3 87 "$time" 64 {0 0 0};
    %store/vec4 v0x5fb731057df0_0, 0, 64;
    %vpi_call/w 3 88 "$display", "Time=%0t | A=%b (%0d), B=%b (%0d) -> SUM=%b (%0d), Cout=%b", v0x5fb731057df0_0, v0x5fb731057b60_0, v0x5fb731057b60_0, v0x5fb731057c20_0, v0x5fb731057c20_0, v0x5fb731057cf0_0, v0x5fb731057cf0_0, &PV<v0x5fb731057cf0_0, 8, 1> {0 0 0};
    %pushi/vec4 1, 0, 8;
    %store/vec4 v0x5fb731057b60_0, 0, 8;
    %pushi/vec4 1, 0, 8;
    %store/vec4 v0x5fb731057c20_0, 0, 8;
    %vpi_func 3 92 "$time" 64 {0 0 0};
    %store/vec4 v0x5fb731057e90_0, 0, 64;
    %delay 1, 0;
    %vpi_func 3 94 "$time" 64 {0 0 0};
    %store/vec4 v0x5fb731057df0_0, 0, 64;
    %vpi_call/w 3 95 "$display", "Time=%0t | A=%b (%0d), B=%b (%0d) -> SUM=%b (%0d), Cout=%b", v0x5fb731057df0_0, v0x5fb731057b60_0, v0x5fb731057b60_0, v0x5fb731057c20_0, v0x5fb731057c20_0, v0x5fb731057cf0_0, v0x5fb731057cf0_0, &PV<v0x5fb731057cf0_0, 8, 1> {0 0 0};
    %pushi/vec4 255, 0, 8;
    %store/vec4 v0x5fb731057b60_0, 0, 8;
    %pushi/vec4 1, 0, 8;
    %store/vec4 v0x5fb731057c20_0, 0, 8;
    %vpi_func 3 99 "$time" 64 {0 0 0};
    %store/vec4 v0x5fb731057e90_0, 0, 64;
    %delay 1, 0;
    %vpi_func 3 101 "$time" 64 {0 0 0};
    %store/vec4 v0x5fb731057df0_0, 0, 64;
    %vpi_call/w 3 102 "$display", "Time=%0t | A=%b (%0d), B=%b (%0d) -> SUM=%b (%0d), Cout=%b", v0x5fb731057df0_0, v0x5fb731057b60_0, v0x5fb731057b60_0, v0x5fb731057c20_0, v0x5fb731057c20_0, v0x5fb731057cf0_0, v0x5fb731057cf0_0, &PV<v0x5fb731057cf0_0, 8, 1> {0 0 0};
    %pushi/vec4 10, 0, 8;
    %store/vec4 v0x5fb731057b60_0, 0, 8;
    %pushi/vec4 5, 0, 8;
    %store/vec4 v0x5fb731057c20_0, 0, 8;
    %vpi_func 3 106 "$time" 64 {0 0 0};
    %store/vec4 v0x5fb731057e90_0, 0, 64;
    %delay 1, 0;
    %vpi_func 3 108 "$time" 64 {0 0 0};
    %store/vec4 v0x5fb731057df0_0, 0, 64;
    %vpi_call/w 3 109 "$display", "Time=%0t | A=%b (%0d), B=%b (%0d) -> SUM=%b (%0d), Cout=%b", v0x5fb731057df0_0, v0x5fb731057b60_0, v0x5fb731057b60_0, v0x5fb731057c20_0, v0x5fb731057c20_0, v0x5fb731057cf0_0, v0x5fb731057cf0_0, &PV<v0x5fb731057cf0_0, 8, 1> {0 0 0};
    %pushi/vec4 127, 0, 8;
    %store/vec4 v0x5fb731057b60_0, 0, 8;
    %pushi/vec4 1, 0, 8;
    %store/vec4 v0x5fb731057c20_0, 0, 8;
    %vpi_func 3 113 "$time" 64 {0 0 0};
    %store/vec4 v0x5fb731057e90_0, 0, 64;
    %delay 1, 0;
    %vpi_func 3 115 "$time" 64 {0 0 0};
    %store/vec4 v0x5fb731057df0_0, 0, 64;
    %vpi_call/w 3 116 "$display", "Time=%0t | A=%b (%0d), B=%b (%0d) -> SUM=%b (%0d), Cout=%b", v0x5fb731057df0_0, v0x5fb731057b60_0, v0x5fb731057b60_0, v0x5fb731057c20_0, v0x5fb731057c20_0, v0x5fb731057cf0_0, v0x5fb731057cf0_0, &PV<v0x5fb731057cf0_0, 8, 1> {0 0 0};
    %pushi/vec4 240, 0, 8;
    %store/vec4 v0x5fb731057b60_0, 0, 8;
    %pushi/vec4 15, 0, 8;
    %store/vec4 v0x5fb731057c20_0, 0, 8;
    %vpi_func 3 120 "$time" 64 {0 0 0};
    %store/vec4 v0x5fb731057e90_0, 0, 64;
    %delay 1, 0;
    %vpi_func 3 122 "$time" 64 {0 0 0};
    %store/vec4 v0x5fb731057df0_0, 0, 64;
    %vpi_call/w 3 123 "$display", "Time=%0t | A=%b (%0d), B=%b (%0d) -> SUM=%b (%0d), Cout=%b", v0x5fb731057df0_0, v0x5fb731057b60_0, v0x5fb731057b60_0, v0x5fb731057c20_0, v0x5fb731057c20_0, v0x5fb731057cf0_0, v0x5fb731057cf0_0, &PV<v0x5fb731057cf0_0, 8, 1> {0 0 0};
    %pushi/vec4 5, 0, 8;
    %store/vec4 v0x5fb731057b60_0, 0, 8;
    %pushi/vec4 3, 0, 8;
    %store/vec4 v0x5fb731057c20_0, 0, 8;
    %vpi_func 3 127 "$time" 64 {0 0 0};
    %store/vec4 v0x5fb731057e90_0, 0, 64;
    %delay 1, 0;
    %vpi_func 3 129 "$time" 64 {0 0 0};
    %store/vec4 v0x5fb731057df0_0, 0, 64;
    %vpi_call/w 3 130 "$display", "Time=%0t | A=%b (%0d), B=%b (%0d) -> SUM=%b (%0d), Cout=%b", v0x5fb731057df0_0, v0x5fb731057b60_0, v0x5fb731057b60_0, v0x5fb731057c20_0, v0x5fb731057c20_0, v0x5fb731057cf0_0, v0x5fb731057cf0_0, &PV<v0x5fb731057cf0_0, 8, 1> {0 0 0};
    %pushi/vec4 170, 0, 8;
    %store/vec4 v0x5fb731057b60_0, 0, 8;
    %pushi/vec4 85, 0, 8;
    %store/vec4 v0x5fb731057c20_0, 0, 8;
    %vpi_func 3 134 "$time" 64 {0 0 0};
    %store/vec4 v0x5fb731057e90_0, 0, 64;
    %delay 1, 0;
    %vpi_func 3 136 "$time" 64 {0 0 0};
    %store/vec4 v0x5fb731057df0_0, 0, 64;
    %vpi_call/w 3 137 "$display", "Time=%0t | A=%b (%0d), B=%b (%0d) -> SUM=%b (%0d), Cout=%b", v0x5fb731057df0_0, v0x5fb731057b60_0, v0x5fb731057b60_0, v0x5fb731057c20_0, v0x5fb731057c20_0, v0x5fb731057cf0_0, v0x5fb731057cf0_0, &PV<v0x5fb731057cf0_0, 8, 1> {0 0 0};
    %pushi/vec4 0, 0, 8;
    %store/vec4 v0x5fb731057b60_0, 0, 8;
    %pushi/vec4 85, 0, 8;
    %store/vec4 v0x5fb731057c20_0, 0, 8;
    %vpi_func 3 141 "$time" 64 {0 0 0};
    %store/vec4 v0x5fb731057e90_0, 0, 64;
    %delay 1, 0;
    %vpi_func 3 143 "$time" 64 {0 0 0};
    %store/vec4 v0x5fb731057df0_0, 0, 64;
    %vpi_call/w 3 144 "$display", "Time=%0t | A=%b (%0d), B=%b (%0d) -> SUM=%b (%0d), Cout=%b", v0x5fb731057df0_0, v0x5fb731057b60_0, v0x5fb731057b60_0, v0x5fb731057c20_0, v0x5fb731057c20_0, v0x5fb731057cf0_0, v0x5fb731057cf0_0, &PV<v0x5fb731057cf0_0, 8, 1> {0 0 0};
    %pushi/vec4 255, 0, 8;
    %store/vec4 v0x5fb731057b60_0, 0, 8;
    %pushi/vec4 255, 0, 8;
    %store/vec4 v0x5fb731057c20_0, 0, 8;
    %vpi_func 3 148 "$time" 64 {0 0 0};
    %store/vec4 v0x5fb731057e90_0, 0, 64;
    %delay 1, 0;
    %vpi_func 3 150 "$time" 64 {0 0 0};
    %store/vec4 v0x5fb731057df0_0, 0, 64;
    %vpi_call/w 3 151 "$display", "Time=%0t | A=%b (%0d), B=%b (%0d) -> SUM=%b (%0d), Cout=%b", v0x5fb731057df0_0, v0x5fb731057b60_0, v0x5fb731057b60_0, v0x5fb731057c20_0, v0x5fb731057c20_0, v0x5fb731057cf0_0, v0x5fb731057cf0_0, &PV<v0x5fb731057cf0_0, 8, 1> {0 0 0};
    %delay 10, 0;
    %vpi_call/w 3 154 "$finish" {0 0 0};
    %end;
    .thread T_0;
# The file index is used to find the file name in the following table.
:file_names 4;
    "N/A";
    "<interactive>";
    "-";
    "Carry_Look_Ahead/CLA.v";
