#! /usr/bin/vvp
:ivl_version "12.0 (stable)";
:ivl_delay_selection "TYPICAL";
:vpi_time_precision + 0;
:vpi_module "/usr/lib/x86_64-linux-gnu/ivl/system.vpi";
:vpi_module "/usr/lib/x86_64-linux-gnu/ivl/vhdl_sys.vpi";
:vpi_module "/usr/lib/x86_64-linux-gnu/ivl/vhdl_textio.vpi";
:vpi_module "/usr/lib/x86_64-linux-gnu/ivl/v2005_math.vpi";
:vpi_module "/usr/lib/x86_64-linux-gnu/ivl/va_math.vpi";
:vpi_module "/usr/lib/x86_64-linux-gnu/ivl/v2009.vpi";
S_0x64e14aae84d0 .scope package, "$unit" "$unit" 2 1;
 .timescale 0 0;
S_0x64e14ab002b0 .scope module, "RCA_tb" "RCA_tb" 3 63;
 .timescale 0 0;
v0x64e14ab3ea10_0 .var "A", 15 0;
v0x64e14ab3ead0_0 .var "B", 15 0;
v0x64e14ab3eba0_0 .net "SUM", 31 0, L_0x64e14ab47e20;  1 drivers
v0x64e14ab3eca0_0 .var "finish", 63 0;
v0x64e14ab3ed40_0 .var "start", 63 0;
S_0x64e14aafd910 .scope module, "uut" "RCA" 3 76, 3 33 0, S_0x64e14ab002b0;
 .timescale 0 0;
    .port_info 0 /INPUT 16 "A";
    .port_info 1 /INPUT 16 "B";
    .port_info 2 /OUTPUT 32 "S";
v0x64e14ab3e420_0 .net "A", 15 0, v0x64e14ab3ea10_0;  1 drivers
v0x64e14ab3e500_0 .net "B", 15 0, v0x64e14ab3ead0_0;  1 drivers
v0x64e14ab3e5e0_0 .net "C", 15 0, L_0x64e14ab58100;  1 drivers
v0x64e14ab3e6a0_0 .net "S", 31 0, L_0x64e14ab47e20;  alias, 1 drivers
L_0x70632b986060 .functor BUFT 1, C4<000000000000000>, C4<0>, C4<0>, C4<0>;
v0x64e14ab3e780_0 .net/2u *"_ivl_163", 14 0, L_0x70632b986060;  1 drivers
o0x70632b9d3008 .functor BUFZ 1, C4<z>; HiZ drive
; Elide local net with no drivers, v0x64e14ab3e8b0_0 name=_ivl_167
L_0x64e14ab3f3a0 .part v0x64e14ab3ea10_0, 0, 1;
L_0x64e14ab3f4f0 .part v0x64e14ab3ead0_0, 0, 1;
L_0x64e14ab3fb90 .part v0x64e14ab3ea10_0, 1, 1;
L_0x64e14ab3fcc0 .part v0x64e14ab3ead0_0, 1, 1;
L_0x64e14ab3fdf0 .part L_0x64e14ab58100, 0, 1;
L_0x64e14ab40320 .part v0x64e14ab3ea10_0, 2, 1;
L_0x64e14ab40520 .part v0x64e14ab3ead0_0, 2, 1;
L_0x64e14ab406e0 .part L_0x64e14ab58100, 1, 1;
L_0x64e14ab40c50 .part v0x64e14ab3ea10_0, 3, 1;
L_0x64e14ab40d80 .part v0x64e14ab3ead0_0, 3, 1;
L_0x64e14ab40f10 .part L_0x64e14ab58100, 2, 1;
L_0x64e14ab41430 .part v0x64e14ab3ea10_0, 4, 1;
L_0x64e14ab415d0 .part v0x64e14ab3ead0_0, 4, 1;
L_0x64e14ab41700 .part L_0x64e14ab58100, 3, 1;
L_0x64e14ab41cc0 .part v0x64e14ab3ea10_0, 5, 1;
L_0x64e14ab41df0 .part v0x64e14ab3ead0_0, 5, 1;
L_0x64e14ab41fb0 .part L_0x64e14ab58100, 4, 1;
L_0x64e14ab42520 .part v0x64e14ab3ea10_0, 6, 1;
L_0x64e14ab426f0 .part v0x64e14ab3ead0_0, 6, 1;
L_0x64e14ab42790 .part L_0x64e14ab58100, 5, 1;
L_0x64e14ab42650 .part v0x64e14ab3ea10_0, 7, 1;
L_0x64e14ab42d20 .part v0x64e14ab3ead0_0, 7, 1;
L_0x64e14ab42f10 .part L_0x64e14ab58100, 6, 1;
L_0x64e14ab43480 .part v0x64e14ab3ea10_0, 8, 1;
L_0x64e14ab43680 .part v0x64e14ab3ead0_0, 8, 1;
L_0x64e14ab437b0 .part L_0x64e14ab58100, 7, 1;
L_0x64e14ab43e80 .part v0x64e14ab3ea10_0, 9, 1;
L_0x64e14ab43fb0 .part v0x64e14ab3ead0_0, 9, 1;
L_0x64e14ab441d0 .part L_0x64e14ab58100, 8, 1;
L_0x64e14ab44740 .part v0x64e14ab3ea10_0, 10, 1;
L_0x64e14ab44970 .part v0x64e14ab3ead0_0, 10, 1;
L_0x64e14ab44aa0 .part L_0x64e14ab58100, 9, 1;
L_0x64e14ab45120 .part v0x64e14ab3ea10_0, 11, 1;
L_0x64e14ab45250 .part v0x64e14ab3ead0_0, 11, 1;
L_0x64e14ab454a0 .part L_0x64e14ab58100, 10, 1;
L_0x64e14ab45a10 .part v0x64e14ab3ea10_0, 12, 1;
L_0x64e14ab45380 .part v0x64e14ab3ead0_0, 12, 1;
L_0x64e14ab45d00 .part L_0x64e14ab58100, 11, 1;
L_0x64e14ab46340 .part v0x64e14ab3ea10_0, 13, 1;
L_0x64e14ab46470 .part v0x64e14ab3ead0_0, 13, 1;
L_0x64e14ab466f0 .part L_0x64e14ab58100, 12, 1;
L_0x64e14ab46c60 .part v0x64e14ab3ea10_0, 14, 1;
L_0x64e14ab46ef0 .part v0x64e14ab3ead0_0, 14, 1;
L_0x64e14ab47230 .part L_0x64e14ab58100, 13, 1;
L_0x64e14ab47910 .part v0x64e14ab3ea10_0, 15, 1;
L_0x64e14ab47a40 .part v0x64e14ab3ead0_0, 15, 1;
L_0x64e14ab47cf0 .part L_0x64e14ab58100, 14, 1;
LS_0x64e14ab47e20_0_0 .concat8 [ 1 1 1 1], L_0x64e14ab3f0a0, L_0x64e14ab3f890, L_0x64e14ab40020, L_0x64e14ab409a0;
LS_0x64e14ab47e20_0_4 .concat8 [ 1 1 1 1], L_0x64e14ab41180, L_0x64e14ab41a10, L_0x64e14ab42220, L_0x64e14ab42a20;
LS_0x64e14ab47e20_0_8 .concat8 [ 1 1 1 1], L_0x64e14ab43180, L_0x64e14ab43c10, L_0x64e14ab44440, L_0x64e14ab44e20;
LS_0x64e14ab47e20_0_12 .concat8 [ 1 1 1 1], L_0x64e14ab45710, L_0x64e14ab46040, L_0x64e14ab46960, L_0x64e14ab47610;
LS_0x64e14ab47e20_0_16 .concat8 [ 1 15 0 0], L_0x64e14ab47880, L_0x70632b986060;
LS_0x64e14ab47e20_1_0 .concat8 [ 4 4 4 4], LS_0x64e14ab47e20_0_0, LS_0x64e14ab47e20_0_4, LS_0x64e14ab47e20_0_8, LS_0x64e14ab47e20_0_12;
LS_0x64e14ab47e20_1_4 .concat8 [ 16 0 0 0], LS_0x64e14ab47e20_0_16;
L_0x64e14ab47e20 .concat8 [ 16 16 0 0], LS_0x64e14ab47e20_1_0, LS_0x64e14ab47e20_1_4;
LS_0x64e14ab58100_0_0 .concat [ 1 1 1 1], L_0x64e14ab3f310, L_0x64e14ab3fb00, L_0x64e14ab40290, L_0x64e14ab40bc0;
LS_0x64e14ab58100_0_4 .concat [ 1 1 1 1], L_0x64e14ab413a0, L_0x64e14ab41c30, L_0x64e14ab42490, L_0x64e14ab42c00;
LS_0x64e14ab58100_0_8 .concat [ 1 1 1 1], L_0x64e14ab433f0, L_0x64e14ab43df0, L_0x64e14ab446b0, L_0x64e14ab45090;
LS_0x64e14ab58100_0_12 .concat [ 1 1 1 1], L_0x64e14ab45980, L_0x64e14ab462b0, L_0x64e14ab46bd0, o0x70632b9d3008;
L_0x64e14ab58100 .concat [ 4 4 4 4], LS_0x64e14ab58100_0_0, LS_0x64e14ab58100_0_4, LS_0x64e14ab58100_0_8, LS_0x64e14ab58100_0_12;
S_0x64e14aafaf70 .scope module, "FA0" "Full_adder" 3 40, 3 17 0, S_0x64e14aafd910;
 .timescale 0 0;
    .port_info 0 /INPUT 1 "AF";
    .port_info 1 /INPUT 1 "BF";
    .port_info 2 /INPUT 1 "CinF";
    .port_info 3 /OUTPUT 1 "CoutF";
    .port_info 4 /OUTPUT 1 "SF";
L_0x64e14ab3f310 .functor OR 1, L_0x64e14ab3efc0, L_0x64e14ab3f230, C4<0>, C4<0>;
v0x64e14ab29dc0_0 .net "AF", 0 0, L_0x64e14ab3f3a0;  1 drivers
v0x64e14ab29e80_0 .net "BF", 0 0, L_0x64e14ab3f4f0;  1 drivers
L_0x70632b986018 .functor BUFT 1, C4<0>, C4<0>, C4<0>, C4<0>;
v0x64e14ab29f50_0 .net "CinF", 0 0, L_0x70632b986018;  1 drivers
v0x64e14ab2a050_0 .net "CoutF", 0 0, L_0x64e14ab3f310;  1 drivers
v0x64e14ab2a0f0_0 .net "SF", 0 0, L_0x64e14ab3f0a0;  1 drivers
v0x64e14ab2a190_0 .net "W1", 0 0, L_0x64e14ab3efc0;  1 drivers
v0x64e14ab2a260_0 .net "W2", 0 0, L_0x64e14ab3ee70;  1 drivers
v0x64e14ab2a300_0 .net "W3", 0 0, L_0x64e14ab3f230;  1 drivers
S_0x64e14aaf85d0 .scope module, "HA1" "Half_adder" 3 26, 3 7 0, S_0x64e14aafaf70;
 .timescale 0 0;
    .port_info 0 /INPUT 1 "AH";
    .port_info 1 /INPUT 1 "BH";
    .port_info 2 /OUTPUT 1 "CoutH";
    .port_info 3 /OUTPUT 1 "SH";
L_0x64e14ab3ee70 .functor XOR 1, L_0x64e14ab3f3a0, L_0x64e14ab3f4f0, C4<0>, C4<0>;
L_0x64e14ab3efc0 .functor AND 1, L_0x64e14ab3f3a0, L_0x64e14ab3f4f0, C4<1>, C4<1>;
v0x64e14aaeb980_0 .net "AH", 0 0, L_0x64e14ab3f3a0;  alias, 1 drivers
v0x64e14aae9000_0 .net "BH", 0 0, L_0x64e14ab3f4f0;  alias, 1 drivers
v0x64e14aaf38f0_0 .net "CoutH", 0 0, L_0x64e14ab3efc0;  alias, 1 drivers
v0x64e14aaf0f50_0 .net "SH", 0 0, L_0x64e14ab3ee70;  alias, 1 drivers
S_0x64e14ab29a70 .scope module, "HA2" "Half_adder" 3 27, 3 7 0, S_0x64e14aafaf70;
 .timescale 0 0;
    .port_info 0 /INPUT 1 "AH";
    .port_info 1 /INPUT 1 "BH";
    .port_info 2 /OUTPUT 1 "CoutH";
    .port_info 3 /OUTPUT 1 "SH";
L_0x64e14ab3f0a0 .functor XOR 1, L_0x64e14ab3ee70, L_0x70632b986018, C4<0>, C4<0>;
L_0x64e14ab3f230 .functor AND 1, L_0x64e14ab3ee70, L_0x70632b986018, C4<1>, C4<1>;
v0x64e14aaee5b0_0 .net "AH", 0 0, L_0x64e14ab3ee70;  alias, 1 drivers
v0x64e14aaebc10_0 .net "BH", 0 0, L_0x70632b986018;  alias, 1 drivers
v0x64e14aae92c0_0 .net "CoutH", 0 0, L_0x64e14ab3f230;  alias, 1 drivers
v0x64e14ab29c50_0 .net "SH", 0 0, L_0x64e14ab3f0a0;  alias, 1 drivers
S_0x64e14ab2a3d0 .scope module, "FA1" "Full_adder" 3 41, 3 17 0, S_0x64e14aafd910;
 .timescale 0 0;
    .port_info 0 /INPUT 1 "AF";
    .port_info 1 /INPUT 1 "BF";
    .port_info 2 /INPUT 1 "CinF";
    .port_info 3 /OUTPUT 1 "CoutF";
    .port_info 4 /OUTPUT 1 "SF";
L_0x64e14ab3fb00 .functor OR 1, L_0x64e14ab3f7b0, L_0x64e14ab3fa20, C4<0>, C4<0>;
v0x64e14ab2b230_0 .net "AF", 0 0, L_0x64e14ab3fb90;  1 drivers
v0x64e14ab2b2f0_0 .net "BF", 0 0, L_0x64e14ab3fcc0;  1 drivers
v0x64e14ab2b3c0_0 .net "CinF", 0 0, L_0x64e14ab3fdf0;  1 drivers
v0x64e14ab2b4c0_0 .net "CoutF", 0 0, L_0x64e14ab3fb00;  1 drivers
v0x64e14ab2b560_0 .net "SF", 0 0, L_0x64e14ab3f890;  1 drivers
v0x64e14ab2b650_0 .net "W1", 0 0, L_0x64e14ab3f7b0;  1 drivers
v0x64e14ab2b720_0 .net "W2", 0 0, L_0x64e14ab3f6b0;  1 drivers
v0x64e14ab2b810_0 .net "W3", 0 0, L_0x64e14ab3fa20;  1 drivers
S_0x64e14ab2a5b0 .scope module, "HA1" "Half_adder" 3 26, 3 7 0, S_0x64e14ab2a3d0;
 .timescale 0 0;
    .port_info 0 /INPUT 1 "AH";
    .port_info 1 /INPUT 1 "BH";
    .port_info 2 /OUTPUT 1 "CoutH";
    .port_info 3 /OUTPUT 1 "SH";
L_0x64e14ab3f6b0 .functor XOR 1, L_0x64e14ab3fb90, L_0x64e14ab3fcc0, C4<0>, C4<0>;
L_0x64e14ab3f7b0 .functor AND 1, L_0x64e14ab3fb90, L_0x64e14ab3fcc0, C4<1>, C4<1>;
v0x64e14ab2a830_0 .net "AH", 0 0, L_0x64e14ab3fb90;  alias, 1 drivers
v0x64e14ab2a910_0 .net "BH", 0 0, L_0x64e14ab3fcc0;  alias, 1 drivers
v0x64e14ab2a9d0_0 .net "CoutH", 0 0, L_0x64e14ab3f7b0;  alias, 1 drivers
v0x64e14ab2aaa0_0 .net "SH", 0 0, L_0x64e14ab3f6b0;  alias, 1 drivers
S_0x64e14ab2ac10 .scope module, "HA2" "Half_adder" 3 27, 3 7 0, S_0x64e14ab2a3d0;
 .timescale 0 0;
    .port_info 0 /INPUT 1 "AH";
    .port_info 1 /INPUT 1 "BH";
    .port_info 2 /OUTPUT 1 "CoutH";
    .port_info 3 /OUTPUT 1 "SH";
L_0x64e14ab3f890 .functor XOR 1, L_0x64e14ab3f6b0, L_0x64e14ab3fdf0, C4<0>, C4<0>;
L_0x64e14ab3fa20 .functor AND 1, L_0x64e14ab3f6b0, L_0x64e14ab3fdf0, C4<1>, C4<1>;
v0x64e14ab2ae80_0 .net "AH", 0 0, L_0x64e14ab3f6b0;  alias, 1 drivers
v0x64e14ab2af50_0 .net "BH", 0 0, L_0x64e14ab3fdf0;  alias, 1 drivers
v0x64e14ab2aff0_0 .net "CoutH", 0 0, L_0x64e14ab3fa20;  alias, 1 drivers
v0x64e14ab2b0c0_0 .net "SH", 0 0, L_0x64e14ab3f890;  alias, 1 drivers
S_0x64e14ab2b8e0 .scope module, "FA10" "Full_adder" 3 50, 3 17 0, S_0x64e14aafd910;
 .timescale 0 0;
    .port_info 0 /INPUT 1 "AF";
    .port_info 1 /INPUT 1 "BF";
    .port_info 2 /INPUT 1 "CinF";
    .port_info 3 /OUTPUT 1 "CoutF";
    .port_info 4 /OUTPUT 1 "SF";
L_0x64e14ab446b0 .functor OR 1, L_0x64e14ab443b0, L_0x64e14ab445d0, C4<0>, C4<0>;
v0x64e14ab2c750_0 .net "AF", 0 0, L_0x64e14ab44740;  1 drivers
v0x64e14ab2c810_0 .net "BF", 0 0, L_0x64e14ab44970;  1 drivers
v0x64e14ab2c8e0_0 .net "CinF", 0 0, L_0x64e14ab44aa0;  1 drivers
v0x64e14ab2c9e0_0 .net "CoutF", 0 0, L_0x64e14ab446b0;  1 drivers
v0x64e14ab2ca80_0 .net "SF", 0 0, L_0x64e14ab44440;  1 drivers
v0x64e14ab2cb70_0 .net "W1", 0 0, L_0x64e14ab443b0;  1 drivers
v0x64e14ab2cc40_0 .net "W2", 0 0, L_0x64e14ab44300;  1 drivers
v0x64e14ab2cd30_0 .net "W3", 0 0, L_0x64e14ab445d0;  1 drivers
S_0x64e14ab2baf0 .scope module, "HA1" "Half_adder" 3 26, 3 7 0, S_0x64e14ab2b8e0;
 .timescale 0 0;
    .port_info 0 /INPUT 1 "AH";
    .port_info 1 /INPUT 1 "BH";
    .port_info 2 /OUTPUT 1 "CoutH";
    .port_info 3 /OUTPUT 1 "SH";
L_0x64e14ab44300 .functor XOR 1, L_0x64e14ab44740, L_0x64e14ab44970, C4<0>, C4<0>;
L_0x64e14ab443b0 .functor AND 1, L_0x64e14ab44740, L_0x64e14ab44970, C4<1>, C4<1>;
v0x64e14ab2bd70_0 .net "AH", 0 0, L_0x64e14ab44740;  alias, 1 drivers
v0x64e14ab2be30_0 .net "BH", 0 0, L_0x64e14ab44970;  alias, 1 drivers
v0x64e14ab2bef0_0 .net "CoutH", 0 0, L_0x64e14ab443b0;  alias, 1 drivers
v0x64e14ab2bfc0_0 .net "SH", 0 0, L_0x64e14ab44300;  alias, 1 drivers
S_0x64e14ab2c130 .scope module, "HA2" "Half_adder" 3 27, 3 7 0, S_0x64e14ab2b8e0;
 .timescale 0 0;
    .port_info 0 /INPUT 1 "AH";
    .port_info 1 /INPUT 1 "BH";
    .port_info 2 /OUTPUT 1 "CoutH";
    .port_info 3 /OUTPUT 1 "SH";
L_0x64e14ab44440 .functor XOR 1, L_0x64e14ab44300, L_0x64e14ab44aa0, C4<0>, C4<0>;
L_0x64e14ab445d0 .functor AND 1, L_0x64e14ab44300, L_0x64e14ab44aa0, C4<1>, C4<1>;
v0x64e14ab2c3a0_0 .net "AH", 0 0, L_0x64e14ab44300;  alias, 1 drivers
v0x64e14ab2c470_0 .net "BH", 0 0, L_0x64e14ab44aa0;  alias, 1 drivers
v0x64e14ab2c510_0 .net "CoutH", 0 0, L_0x64e14ab445d0;  alias, 1 drivers
v0x64e14ab2c5e0_0 .net "SH", 0 0, L_0x64e14ab44440;  alias, 1 drivers
S_0x64e14ab2ce00 .scope module, "FA11" "Full_adder" 3 51, 3 17 0, S_0x64e14aafd910;
 .timescale 0 0;
    .port_info 0 /INPUT 1 "AF";
    .port_info 1 /INPUT 1 "BF";
    .port_info 2 /INPUT 1 "CinF";
    .port_info 3 /OUTPUT 1 "CoutF";
    .port_info 4 /OUTPUT 1 "SF";
L_0x64e14ab45090 .functor OR 1, L_0x64e14ab44d90, L_0x64e14ab44fb0, C4<0>, C4<0>;
v0x64e14ab2dc60_0 .net "AF", 0 0, L_0x64e14ab45120;  1 drivers
v0x64e14ab2dd20_0 .net "BF", 0 0, L_0x64e14ab45250;  1 drivers
v0x64e14ab2ddf0_0 .net "CinF", 0 0, L_0x64e14ab454a0;  1 drivers
v0x64e14ab2def0_0 .net "CoutF", 0 0, L_0x64e14ab45090;  1 drivers
v0x64e14ab2df90_0 .net "SF", 0 0, L_0x64e14ab44e20;  1 drivers
v0x64e14ab2e080_0 .net "W1", 0 0, L_0x64e14ab44d90;  1 drivers
v0x64e14ab2e150_0 .net "W2", 0 0, L_0x64e14ab44ce0;  1 drivers
v0x64e14ab2e240_0 .net "W3", 0 0, L_0x64e14ab44fb0;  1 drivers
S_0x64e14ab2cfe0 .scope module, "HA1" "Half_adder" 3 26, 3 7 0, S_0x64e14ab2ce00;
 .timescale 0 0;
    .port_info 0 /INPUT 1 "AH";
    .port_info 1 /INPUT 1 "BH";
    .port_info 2 /OUTPUT 1 "CoutH";
    .port_info 3 /OUTPUT 1 "SH";
L_0x64e14ab44ce0 .functor XOR 1, L_0x64e14ab45120, L_0x64e14ab45250, C4<0>, C4<0>;
L_0x64e14ab44d90 .functor AND 1, L_0x64e14ab45120, L_0x64e14ab45250, C4<1>, C4<1>;
v0x64e14ab2d260_0 .net "AH", 0 0, L_0x64e14ab45120;  alias, 1 drivers
v0x64e14ab2d340_0 .net "BH", 0 0, L_0x64e14ab45250;  alias, 1 drivers
v0x64e14ab2d400_0 .net "CoutH", 0 0, L_0x64e14ab44d90;  alias, 1 drivers
v0x64e14ab2d4d0_0 .net "SH", 0 0, L_0x64e14ab44ce0;  alias, 1 drivers
S_0x64e14ab2d640 .scope module, "HA2" "Half_adder" 3 27, 3 7 0, S_0x64e14ab2ce00;
 .timescale 0 0;
    .port_info 0 /INPUT 1 "AH";
    .port_info 1 /INPUT 1 "BH";
    .port_info 2 /OUTPUT 1 "CoutH";
    .port_info 3 /OUTPUT 1 "SH";
L_0x64e14ab44e20 .functor XOR 1, L_0x64e14ab44ce0, L_0x64e14ab454a0, C4<0>, C4<0>;
L_0x64e14ab44fb0 .functor AND 1, L_0x64e14ab44ce0, L_0x64e14ab454a0, C4<1>, C4<1>;
v0x64e14ab2d8b0_0 .net "AH", 0 0, L_0x64e14ab44ce0;  alias, 1 drivers
v0x64e14ab2d980_0 .net "BH", 0 0, L_0x64e14ab454a0;  alias, 1 drivers
v0x64e14ab2da20_0 .net "CoutH", 0 0, L_0x64e14ab44fb0;  alias, 1 drivers
v0x64e14ab2daf0_0 .net "SH", 0 0, L_0x64e14ab44e20;  alias, 1 drivers
S_0x64e14ab2e310 .scope module, "FA12" "Full_adder" 3 52, 3 17 0, S_0x64e14aafd910;
 .timescale 0 0;
    .port_info 0 /INPUT 1 "AF";
    .port_info 1 /INPUT 1 "BF";
    .port_info 2 /INPUT 1 "CinF";
    .port_info 3 /OUTPUT 1 "CoutF";
    .port_info 4 /OUTPUT 1 "SF";
L_0x64e14ab45980 .functor OR 1, L_0x64e14ab45680, L_0x64e14ab458a0, C4<0>, C4<0>;
v0x64e14ab2f190_0 .net "AF", 0 0, L_0x64e14ab45a10;  1 drivers
v0x64e14ab2f250_0 .net "BF", 0 0, L_0x64e14ab45380;  1 drivers
v0x64e14ab2f320_0 .net "CinF", 0 0, L_0x64e14ab45d00;  1 drivers
v0x64e14ab2f420_0 .net "CoutF", 0 0, L_0x64e14ab45980;  1 drivers
v0x64e14ab2f4c0_0 .net "SF", 0 0, L_0x64e14ab45710;  1 drivers
v0x64e14ab2f5b0_0 .net "W1", 0 0, L_0x64e14ab45680;  1 drivers
v0x64e14ab2f680_0 .net "W2", 0 0, L_0x64e14ab455d0;  1 drivers
v0x64e14ab2f770_0 .net "W3", 0 0, L_0x64e14ab458a0;  1 drivers
S_0x64e14ab2e540 .scope module, "HA1" "Half_adder" 3 26, 3 7 0, S_0x64e14ab2e310;
 .timescale 0 0;
    .port_info 0 /INPUT 1 "AH";
    .port_info 1 /INPUT 1 "BH";
    .port_info 2 /OUTPUT 1 "CoutH";
    .port_info 3 /OUTPUT 1 "SH";
L_0x64e14ab455d0 .functor XOR 1, L_0x64e14ab45a10, L_0x64e14ab45380, C4<0>, C4<0>;
L_0x64e14ab45680 .functor AND 1, L_0x64e14ab45a10, L_0x64e14ab45380, C4<1>, C4<1>;
v0x64e14ab2e790_0 .net "AH", 0 0, L_0x64e14ab45a10;  alias, 1 drivers
v0x64e14ab2e870_0 .net "BH", 0 0, L_0x64e14ab45380;  alias, 1 drivers
v0x64e14ab2e930_0 .net "CoutH", 0 0, L_0x64e14ab45680;  alias, 1 drivers
v0x64e14ab2ea00_0 .net "SH", 0 0, L_0x64e14ab455d0;  alias, 1 drivers
S_0x64e14ab2eb70 .scope module, "HA2" "Half_adder" 3 27, 3 7 0, S_0x64e14ab2e310;
 .timescale 0 0;
    .port_info 0 /INPUT 1 "AH";
    .port_info 1 /INPUT 1 "BH";
    .port_info 2 /OUTPUT 1 "CoutH";
    .port_info 3 /OUTPUT 1 "SH";
L_0x64e14ab45710 .functor XOR 1, L_0x64e14ab455d0, L_0x64e14ab45d00, C4<0>, C4<0>;
L_0x64e14ab458a0 .functor AND 1, L_0x64e14ab455d0, L_0x64e14ab45d00, C4<1>, C4<1>;
v0x64e14ab2ede0_0 .net "AH", 0 0, L_0x64e14ab455d0;  alias, 1 drivers
v0x64e14ab2eeb0_0 .net "BH", 0 0, L_0x64e14ab45d00;  alias, 1 drivers
v0x64e14ab2ef50_0 .net "CoutH", 0 0, L_0x64e14ab458a0;  alias, 1 drivers
v0x64e14ab2f020_0 .net "SH", 0 0, L_0x64e14ab45710;  alias, 1 drivers
S_0x64e14ab2f840 .scope module, "FA13" "Full_adder" 3 53, 3 17 0, S_0x64e14aafd910;
 .timescale 0 0;
    .port_info 0 /INPUT 1 "AF";
    .port_info 1 /INPUT 1 "BF";
    .port_info 2 /INPUT 1 "CinF";
    .port_info 3 /OUTPUT 1 "CoutF";
    .port_info 4 /OUTPUT 1 "SF";
L_0x64e14ab462b0 .functor OR 1, L_0x64e14ab45fb0, L_0x64e14ab461d0, C4<0>, C4<0>;
v0x64e14ab306a0_0 .net "AF", 0 0, L_0x64e14ab46340;  1 drivers
v0x64e14ab30760_0 .net "BF", 0 0, L_0x64e14ab46470;  1 drivers
v0x64e14ab30830_0 .net "CinF", 0 0, L_0x64e14ab466f0;  1 drivers
v0x64e14ab30930_0 .net "CoutF", 0 0, L_0x64e14ab462b0;  1 drivers
v0x64e14ab309d0_0 .net "SF", 0 0, L_0x64e14ab46040;  1 drivers
v0x64e14ab30ac0_0 .net "W1", 0 0, L_0x64e14ab45fb0;  1 drivers
v0x64e14ab30b90_0 .net "W2", 0 0, L_0x64e14ab45420;  1 drivers
v0x64e14ab30c80_0 .net "W3", 0 0, L_0x64e14ab461d0;  1 drivers
S_0x64e14ab2fa20 .scope module, "HA1" "Half_adder" 3 26, 3 7 0, S_0x64e14ab2f840;
 .timescale 0 0;
    .port_info 0 /INPUT 1 "AH";
    .port_info 1 /INPUT 1 "BH";
    .port_info 2 /OUTPUT 1 "CoutH";
    .port_info 3 /OUTPUT 1 "SH";
L_0x64e14ab45420 .functor XOR 1, L_0x64e14ab46340, L_0x64e14ab46470, C4<0>, C4<0>;
L_0x64e14ab45fb0 .functor AND 1, L_0x64e14ab46340, L_0x64e14ab46470, C4<1>, C4<1>;
v0x64e14ab2fca0_0 .net "AH", 0 0, L_0x64e14ab46340;  alias, 1 drivers
v0x64e14ab2fd80_0 .net "BH", 0 0, L_0x64e14ab46470;  alias, 1 drivers
v0x64e14ab2fe40_0 .net "CoutH", 0 0, L_0x64e14ab45fb0;  alias, 1 drivers
v0x64e14ab2ff10_0 .net "SH", 0 0, L_0x64e14ab45420;  alias, 1 drivers
S_0x64e14ab30080 .scope module, "HA2" "Half_adder" 3 27, 3 7 0, S_0x64e14ab2f840;
 .timescale 0 0;
    .port_info 0 /INPUT 1 "AH";
    .port_info 1 /INPUT 1 "BH";
    .port_info 2 /OUTPUT 1 "CoutH";
    .port_info 3 /OUTPUT 1 "SH";
L_0x64e14ab46040 .functor XOR 1, L_0x64e14ab45420, L_0x64e14ab466f0, C4<0>, C4<0>;
L_0x64e14ab461d0 .functor AND 1, L_0x64e14ab45420, L_0x64e14ab466f0, C4<1>, C4<1>;
v0x64e14ab302f0_0 .net "AH", 0 0, L_0x64e14ab45420;  alias, 1 drivers
v0x64e14ab303c0_0 .net "BH", 0 0, L_0x64e14ab466f0;  alias, 1 drivers
v0x64e14ab30460_0 .net "CoutH", 0 0, L_0x64e14ab461d0;  alias, 1 drivers
v0x64e14ab30530_0 .net "SH", 0 0, L_0x64e14ab46040;  alias, 1 drivers
S_0x64e14ab30d50 .scope module, "FA14" "Full_adder" 3 54, 3 17 0, S_0x64e14aafd910;
 .timescale 0 0;
    .port_info 0 /INPUT 1 "AF";
    .port_info 1 /INPUT 1 "BF";
    .port_info 2 /INPUT 1 "CinF";
    .port_info 3 /OUTPUT 1 "CoutF";
    .port_info 4 /OUTPUT 1 "SF";
L_0x64e14ab46bd0 .functor OR 1, L_0x64e14ab468d0, L_0x64e14ab46af0, C4<0>, C4<0>;
v0x64e14ab31bb0_0 .net "AF", 0 0, L_0x64e14ab46c60;  1 drivers
v0x64e14ab31c70_0 .net "BF", 0 0, L_0x64e14ab46ef0;  1 drivers
v0x64e14ab31d40_0 .net "CinF", 0 0, L_0x64e14ab47230;  1 drivers
v0x64e14ab31e40_0 .net "CoutF", 0 0, L_0x64e14ab46bd0;  1 drivers
v0x64e14ab31ee0_0 .net "SF", 0 0, L_0x64e14ab46960;  1 drivers
v0x64e14ab31fd0_0 .net "W1", 0 0, L_0x64e14ab468d0;  1 drivers
v0x64e14ab320a0_0 .net "W2", 0 0, L_0x64e14ab46820;  1 drivers
v0x64e14ab32190_0 .net "W3", 0 0, L_0x64e14ab46af0;  1 drivers
S_0x64e14ab30f30 .scope module, "HA1" "Half_adder" 3 26, 3 7 0, S_0x64e14ab30d50;
 .timescale 0 0;
    .port_info 0 /INPUT 1 "AH";
    .port_info 1 /INPUT 1 "BH";
    .port_info 2 /OUTPUT 1 "CoutH";
    .port_info 3 /OUTPUT 1 "SH";
L_0x64e14ab46820 .functor XOR 1, L_0x64e14ab46c60, L_0x64e14ab46ef0, C4<0>, C4<0>;
L_0x64e14ab468d0 .functor AND 1, L_0x64e14ab46c60, L_0x64e14ab46ef0, C4<1>, C4<1>;
v0x64e14ab311b0_0 .net "AH", 0 0, L_0x64e14ab46c60;  alias, 1 drivers
v0x64e14ab31290_0 .net "BH", 0 0, L_0x64e14ab46ef0;  alias, 1 drivers
v0x64e14ab31350_0 .net "CoutH", 0 0, L_0x64e14ab468d0;  alias, 1 drivers
v0x64e14ab31420_0 .net "SH", 0 0, L_0x64e14ab46820;  alias, 1 drivers
S_0x64e14ab31590 .scope module, "HA2" "Half_adder" 3 27, 3 7 0, S_0x64e14ab30d50;
 .timescale 0 0;
    .port_info 0 /INPUT 1 "AH";
    .port_info 1 /INPUT 1 "BH";
    .port_info 2 /OUTPUT 1 "CoutH";
    .port_info 3 /OUTPUT 1 "SH";
L_0x64e14ab46960 .functor XOR 1, L_0x64e14ab46820, L_0x64e14ab47230, C4<0>, C4<0>;
L_0x64e14ab46af0 .functor AND 1, L_0x64e14ab46820, L_0x64e14ab47230, C4<1>, C4<1>;
v0x64e14ab31800_0 .net "AH", 0 0, L_0x64e14ab46820;  alias, 1 drivers
v0x64e14ab318d0_0 .net "BH", 0 0, L_0x64e14ab47230;  alias, 1 drivers
v0x64e14ab31970_0 .net "CoutH", 0 0, L_0x64e14ab46af0;  alias, 1 drivers
v0x64e14ab31a40_0 .net "SH", 0 0, L_0x64e14ab46960;  alias, 1 drivers
S_0x64e14ab32260 .scope module, "FA15" "Full_adder" 3 55, 3 17 0, S_0x64e14aafd910;
 .timescale 0 0;
    .port_info 0 /INPUT 1 "AF";
    .port_info 1 /INPUT 1 "BF";
    .port_info 2 /INPUT 1 "CinF";
    .port_info 3 /OUTPUT 1 "CoutF";
    .port_info 4 /OUTPUT 1 "SF";
L_0x64e14ab47880 .functor OR 1, L_0x64e14ab47580, L_0x64e14ab477a0, C4<0>, C4<0>;
v0x64e14ab33140_0 .net "AF", 0 0, L_0x64e14ab47910;  1 drivers
v0x64e14ab33200_0 .net "BF", 0 0, L_0x64e14ab47a40;  1 drivers
v0x64e14ab332d0_0 .net "CinF", 0 0, L_0x64e14ab47cf0;  1 drivers
v0x64e14ab333d0_0 .net "CoutF", 0 0, L_0x64e14ab47880;  1 drivers
v0x64e14ab33470_0 .net "SF", 0 0, L_0x64e14ab47610;  1 drivers
v0x64e14ab33560_0 .net "W1", 0 0, L_0x64e14ab47580;  1 drivers
v0x64e14ab33630_0 .net "W2", 0 0, L_0x64e14ab474d0;  1 drivers
v0x64e14ab33720_0 .net "W3", 0 0, L_0x64e14ab477a0;  1 drivers
S_0x64e14ab324c0 .scope module, "HA1" "Half_adder" 3 26, 3 7 0, S_0x64e14ab32260;
 .timescale 0 0;
    .port_info 0 /INPUT 1 "AH";
    .port_info 1 /INPUT 1 "BH";
    .port_info 2 /OUTPUT 1 "CoutH";
    .port_info 3 /OUTPUT 1 "SH";
L_0x64e14ab474d0 .functor XOR 1, L_0x64e14ab47910, L_0x64e14ab47a40, C4<0>, C4<0>;
L_0x64e14ab47580 .functor AND 1, L_0x64e14ab47910, L_0x64e14ab47a40, C4<1>, C4<1>;
v0x64e14ab32740_0 .net "AH", 0 0, L_0x64e14ab47910;  alias, 1 drivers
v0x64e14ab32820_0 .net "BH", 0 0, L_0x64e14ab47a40;  alias, 1 drivers
v0x64e14ab328e0_0 .net "CoutH", 0 0, L_0x64e14ab47580;  alias, 1 drivers
v0x64e14ab329b0_0 .net "SH", 0 0, L_0x64e14ab474d0;  alias, 1 drivers
S_0x64e14ab32b20 .scope module, "HA2" "Half_adder" 3 27, 3 7 0, S_0x64e14ab32260;
 .timescale 0 0;
    .port_info 0 /INPUT 1 "AH";
    .port_info 1 /INPUT 1 "BH";
    .port_info 2 /OUTPUT 1 "CoutH";
    .port_info 3 /OUTPUT 1 "SH";
L_0x64e14ab47610 .functor XOR 1, L_0x64e14ab474d0, L_0x64e14ab47cf0, C4<0>, C4<0>;
L_0x64e14ab477a0 .functor AND 1, L_0x64e14ab474d0, L_0x64e14ab47cf0, C4<1>, C4<1>;
v0x64e14ab32d90_0 .net "AH", 0 0, L_0x64e14ab474d0;  alias, 1 drivers
v0x64e14ab32e60_0 .net "BH", 0 0, L_0x64e14ab47cf0;  alias, 1 drivers
v0x64e14ab32f00_0 .net "CoutH", 0 0, L_0x64e14ab477a0;  alias, 1 drivers
v0x64e14ab32fd0_0 .net "SH", 0 0, L_0x64e14ab47610;  alias, 1 drivers
S_0x64e14ab337f0 .scope module, "FA2" "Full_adder" 3 42, 3 17 0, S_0x64e14aafd910;
 .timescale 0 0;
    .port_info 0 /INPUT 1 "AF";
    .port_info 1 /INPUT 1 "BF";
    .port_info 2 /INPUT 1 "CinF";
    .port_info 3 /OUTPUT 1 "CoutF";
    .port_info 4 /OUTPUT 1 "SF";
L_0x64e14ab40290 .functor OR 1, L_0x64e14ab3ff90, L_0x64e14ab401b0, C4<0>, C4<0>;
v0x64e14ab34680_0 .net "AF", 0 0, L_0x64e14ab40320;  1 drivers
v0x64e14ab34740_0 .net "BF", 0 0, L_0x64e14ab40520;  1 drivers
v0x64e14ab34810_0 .net "CinF", 0 0, L_0x64e14ab406e0;  1 drivers
v0x64e14ab34910_0 .net "CoutF", 0 0, L_0x64e14ab40290;  1 drivers
v0x64e14ab349b0_0 .net "SF", 0 0, L_0x64e14ab40020;  1 drivers
v0x64e14ab34aa0_0 .net "W1", 0 0, L_0x64e14ab3ff90;  1 drivers
v0x64e14ab34b70_0 .net "W2", 0 0, L_0x64e14ab3ff20;  1 drivers
v0x64e14ab34c60_0 .net "W3", 0 0, L_0x64e14ab401b0;  1 drivers
S_0x64e14ab33a50 .scope module, "HA1" "Half_adder" 3 26, 3 7 0, S_0x64e14ab337f0;
 .timescale 0 0;
    .port_info 0 /INPUT 1 "AH";
    .port_info 1 /INPUT 1 "BH";
    .port_info 2 /OUTPUT 1 "CoutH";
    .port_info 3 /OUTPUT 1 "SH";
L_0x64e14ab3ff20 .functor XOR 1, L_0x64e14ab40320, L_0x64e14ab40520, C4<0>, C4<0>;
L_0x64e14ab3ff90 .functor AND 1, L_0x64e14ab40320, L_0x64e14ab40520, C4<1>, C4<1>;
v0x64e14ab33c80_0 .net "AH", 0 0, L_0x64e14ab40320;  alias, 1 drivers
v0x64e14ab33d60_0 .net "BH", 0 0, L_0x64e14ab40520;  alias, 1 drivers
v0x64e14ab33e20_0 .net "CoutH", 0 0, L_0x64e14ab3ff90;  alias, 1 drivers
v0x64e14ab33ef0_0 .net "SH", 0 0, L_0x64e14ab3ff20;  alias, 1 drivers
S_0x64e14ab34060 .scope module, "HA2" "Half_adder" 3 27, 3 7 0, S_0x64e14ab337f0;
 .timescale 0 0;
    .port_info 0 /INPUT 1 "AH";
    .port_info 1 /INPUT 1 "BH";
    .port_info 2 /OUTPUT 1 "CoutH";
    .port_info 3 /OUTPUT 1 "SH";
L_0x64e14ab40020 .functor XOR 1, L_0x64e14ab3ff20, L_0x64e14ab406e0, C4<0>, C4<0>;
L_0x64e14ab401b0 .functor AND 1, L_0x64e14ab3ff20, L_0x64e14ab406e0, C4<1>, C4<1>;
v0x64e14ab342d0_0 .net "AH", 0 0, L_0x64e14ab3ff20;  alias, 1 drivers
v0x64e14ab343a0_0 .net "BH", 0 0, L_0x64e14ab406e0;  alias, 1 drivers
v0x64e14ab34440_0 .net "CoutH", 0 0, L_0x64e14ab401b0;  alias, 1 drivers
v0x64e14ab34510_0 .net "SH", 0 0, L_0x64e14ab40020;  alias, 1 drivers
S_0x64e14ab34d30 .scope module, "FA3" "Full_adder" 3 43, 3 17 0, S_0x64e14aafd910;
 .timescale 0 0;
    .port_info 0 /INPUT 1 "AF";
    .port_info 1 /INPUT 1 "BF";
    .port_info 2 /INPUT 1 "CinF";
    .port_info 3 /OUTPUT 1 "CoutF";
    .port_info 4 /OUTPUT 1 "SF";
L_0x64e14ab40bc0 .functor OR 1, L_0x64e14ab40910, L_0x64e14ab40ae0, C4<0>, C4<0>;
v0x64e14ab35c10_0 .net "AF", 0 0, L_0x64e14ab40c50;  1 drivers
v0x64e14ab35cd0_0 .net "BF", 0 0, L_0x64e14ab40d80;  1 drivers
v0x64e14ab35da0_0 .net "CinF", 0 0, L_0x64e14ab40f10;  1 drivers
v0x64e14ab35ea0_0 .net "CoutF", 0 0, L_0x64e14ab40bc0;  1 drivers
v0x64e14ab35f40_0 .net "SF", 0 0, L_0x64e14ab409a0;  1 drivers
v0x64e14ab36030_0 .net "W1", 0 0, L_0x64e14ab40910;  1 drivers
v0x64e14ab36100_0 .net "W2", 0 0, L_0x64e14ab40860;  1 drivers
v0x64e14ab361f0_0 .net "W3", 0 0, L_0x64e14ab40ae0;  1 drivers
S_0x64e14ab34f90 .scope module, "HA1" "Half_adder" 3 26, 3 7 0, S_0x64e14ab34d30;
 .timescale 0 0;
    .port_info 0 /INPUT 1 "AH";
    .port_info 1 /INPUT 1 "BH";
    .port_info 2 /OUTPUT 1 "CoutH";
    .port_info 3 /OUTPUT 1 "SH";
L_0x64e14ab40860 .functor XOR 1, L_0x64e14ab40c50, L_0x64e14ab40d80, C4<0>, C4<0>;
L_0x64e14ab40910 .functor AND 1, L_0x64e14ab40c50, L_0x64e14ab40d80, C4<1>, C4<1>;
v0x64e14ab35210_0 .net "AH", 0 0, L_0x64e14ab40c50;  alias, 1 drivers
v0x64e14ab352f0_0 .net "BH", 0 0, L_0x64e14ab40d80;  alias, 1 drivers
v0x64e14ab353b0_0 .net "CoutH", 0 0, L_0x64e14ab40910;  alias, 1 drivers
v0x64e14ab35480_0 .net "SH", 0 0, L_0x64e14ab40860;  alias, 1 drivers
S_0x64e14ab355f0 .scope module, "HA2" "Half_adder" 3 27, 3 7 0, S_0x64e14ab34d30;
 .timescale 0 0;
    .port_info 0 /INPUT 1 "AH";
    .port_info 1 /INPUT 1 "BH";
    .port_info 2 /OUTPUT 1 "CoutH";
    .port_info 3 /OUTPUT 1 "SH";
L_0x64e14ab409a0 .functor XOR 1, L_0x64e14ab40860, L_0x64e14ab40f10, C4<0>, C4<0>;
L_0x64e14ab40ae0 .functor AND 1, L_0x64e14ab40860, L_0x64e14ab40f10, C4<1>, C4<1>;
v0x64e14ab35860_0 .net "AH", 0 0, L_0x64e14ab40860;  alias, 1 drivers
v0x64e14ab35930_0 .net "BH", 0 0, L_0x64e14ab40f10;  alias, 1 drivers
v0x64e14ab359d0_0 .net "CoutH", 0 0, L_0x64e14ab40ae0;  alias, 1 drivers
v0x64e14ab35aa0_0 .net "SH", 0 0, L_0x64e14ab409a0;  alias, 1 drivers
S_0x64e14ab362c0 .scope module, "FA4" "Full_adder" 3 44, 3 17 0, S_0x64e14aafd910;
 .timescale 0 0;
    .port_info 0 /INPUT 1 "AF";
    .port_info 1 /INPUT 1 "BF";
    .port_info 2 /INPUT 1 "CinF";
    .port_info 3 /OUTPUT 1 "CoutF";
    .port_info 4 /OUTPUT 1 "SF";
L_0x64e14ab413a0 .functor OR 1, L_0x64e14ab410f0, L_0x64e14ab412c0, C4<0>, C4<0>;
v0x64e14ab371a0_0 .net "AF", 0 0, L_0x64e14ab41430;  1 drivers
v0x64e14ab37260_0 .net "BF", 0 0, L_0x64e14ab415d0;  1 drivers
v0x64e14ab37330_0 .net "CinF", 0 0, L_0x64e14ab41700;  1 drivers
v0x64e14ab37430_0 .net "CoutF", 0 0, L_0x64e14ab413a0;  1 drivers
v0x64e14ab374d0_0 .net "SF", 0 0, L_0x64e14ab41180;  1 drivers
v0x64e14ab375c0_0 .net "W1", 0 0, L_0x64e14ab410f0;  1 drivers
v0x64e14ab37690_0 .net "W2", 0 0, L_0x64e14ab41040;  1 drivers
v0x64e14ab37780_0 .net "W3", 0 0, L_0x64e14ab412c0;  1 drivers
S_0x64e14ab36520 .scope module, "HA1" "Half_adder" 3 26, 3 7 0, S_0x64e14ab362c0;
 .timescale 0 0;
    .port_info 0 /INPUT 1 "AH";
    .port_info 1 /INPUT 1 "BH";
    .port_info 2 /OUTPUT 1 "CoutH";
    .port_info 3 /OUTPUT 1 "SH";
L_0x64e14ab41040 .functor XOR 1, L_0x64e14ab41430, L_0x64e14ab415d0, C4<0>, C4<0>;
L_0x64e14ab410f0 .functor AND 1, L_0x64e14ab41430, L_0x64e14ab415d0, C4<1>, C4<1>;
v0x64e14ab367a0_0 .net "AH", 0 0, L_0x64e14ab41430;  alias, 1 drivers
v0x64e14ab36880_0 .net "BH", 0 0, L_0x64e14ab415d0;  alias, 1 drivers
v0x64e14ab36940_0 .net "CoutH", 0 0, L_0x64e14ab410f0;  alias, 1 drivers
v0x64e14ab36a10_0 .net "SH", 0 0, L_0x64e14ab41040;  alias, 1 drivers
S_0x64e14ab36b80 .scope module, "HA2" "Half_adder" 3 27, 3 7 0, S_0x64e14ab362c0;
 .timescale 0 0;
    .port_info 0 /INPUT 1 "AH";
    .port_info 1 /INPUT 1 "BH";
    .port_info 2 /OUTPUT 1 "CoutH";
    .port_info 3 /OUTPUT 1 "SH";
L_0x64e14ab41180 .functor XOR 1, L_0x64e14ab41040, L_0x64e14ab41700, C4<0>, C4<0>;
L_0x64e14ab412c0 .functor AND 1, L_0x64e14ab41040, L_0x64e14ab41700, C4<1>, C4<1>;
v0x64e14ab36df0_0 .net "AH", 0 0, L_0x64e14ab41040;  alias, 1 drivers
v0x64e14ab36ec0_0 .net "BH", 0 0, L_0x64e14ab41700;  alias, 1 drivers
v0x64e14ab36f60_0 .net "CoutH", 0 0, L_0x64e14ab412c0;  alias, 1 drivers
v0x64e14ab37030_0 .net "SH", 0 0, L_0x64e14ab41180;  alias, 1 drivers
S_0x64e14ab37850 .scope module, "FA5" "Full_adder" 3 45, 3 17 0, S_0x64e14aafd910;
 .timescale 0 0;
    .port_info 0 /INPUT 1 "AF";
    .port_info 1 /INPUT 1 "BF";
    .port_info 2 /INPUT 1 "CinF";
    .port_info 3 /OUTPUT 1 "CoutF";
    .port_info 4 /OUTPUT 1 "SF";
L_0x64e14ab41c30 .functor OR 1, L_0x64e14ab41980, L_0x64e14ab41b50, C4<0>, C4<0>;
v0x64e14ab38730_0 .net "AF", 0 0, L_0x64e14ab41cc0;  1 drivers
v0x64e14ab387f0_0 .net "BF", 0 0, L_0x64e14ab41df0;  1 drivers
v0x64e14ab388c0_0 .net "CinF", 0 0, L_0x64e14ab41fb0;  1 drivers
v0x64e14ab389c0_0 .net "CoutF", 0 0, L_0x64e14ab41c30;  1 drivers
v0x64e14ab38a60_0 .net "SF", 0 0, L_0x64e14ab41a10;  1 drivers
v0x64e14ab38b50_0 .net "W1", 0 0, L_0x64e14ab41980;  1 drivers
v0x64e14ab38c20_0 .net "W2", 0 0, L_0x64e14ab41560;  1 drivers
v0x64e14ab38d10_0 .net "W3", 0 0, L_0x64e14ab41b50;  1 drivers
S_0x64e14ab37ab0 .scope module, "HA1" "Half_adder" 3 26, 3 7 0, S_0x64e14ab37850;
 .timescale 0 0;
    .port_info 0 /INPUT 1 "AH";
    .port_info 1 /INPUT 1 "BH";
    .port_info 2 /OUTPUT 1 "CoutH";
    .port_info 3 /OUTPUT 1 "SH";
L_0x64e14ab41560 .functor XOR 1, L_0x64e14ab41cc0, L_0x64e14ab41df0, C4<0>, C4<0>;
L_0x64e14ab41980 .functor AND 1, L_0x64e14ab41cc0, L_0x64e14ab41df0, C4<1>, C4<1>;
v0x64e14ab37d30_0 .net "AH", 0 0, L_0x64e14ab41cc0;  alias, 1 drivers
v0x64e14ab37e10_0 .net "BH", 0 0, L_0x64e14ab41df0;  alias, 1 drivers
v0x64e14ab37ed0_0 .net "CoutH", 0 0, L_0x64e14ab41980;  alias, 1 drivers
v0x64e14ab37fa0_0 .net "SH", 0 0, L_0x64e14ab41560;  alias, 1 drivers
S_0x64e14ab38110 .scope module, "HA2" "Half_adder" 3 27, 3 7 0, S_0x64e14ab37850;
 .timescale 0 0;
    .port_info 0 /INPUT 1 "AH";
    .port_info 1 /INPUT 1 "BH";
    .port_info 2 /OUTPUT 1 "CoutH";
    .port_info 3 /OUTPUT 1 "SH";
L_0x64e14ab41a10 .functor XOR 1, L_0x64e14ab41560, L_0x64e14ab41fb0, C4<0>, C4<0>;
L_0x64e14ab41b50 .functor AND 1, L_0x64e14ab41560, L_0x64e14ab41fb0, C4<1>, C4<1>;
v0x64e14ab38380_0 .net "AH", 0 0, L_0x64e14ab41560;  alias, 1 drivers
v0x64e14ab38450_0 .net "BH", 0 0, L_0x64e14ab41fb0;  alias, 1 drivers
v0x64e14ab384f0_0 .net "CoutH", 0 0, L_0x64e14ab41b50;  alias, 1 drivers
v0x64e14ab385c0_0 .net "SH", 0 0, L_0x64e14ab41a10;  alias, 1 drivers
S_0x64e14ab38de0 .scope module, "FA6" "Full_adder" 3 46, 3 17 0, S_0x64e14aafd910;
 .timescale 0 0;
    .port_info 0 /INPUT 1 "AF";
    .port_info 1 /INPUT 1 "BF";
    .port_info 2 /INPUT 1 "CinF";
    .port_info 3 /OUTPUT 1 "CoutF";
    .port_info 4 /OUTPUT 1 "SF";
L_0x64e14ab42490 .functor OR 1, L_0x64e14ab42190, L_0x64e14ab423b0, C4<0>, C4<0>;
v0x64e14ab39cc0_0 .net "AF", 0 0, L_0x64e14ab42520;  1 drivers
v0x64e14ab39d80_0 .net "BF", 0 0, L_0x64e14ab426f0;  1 drivers
v0x64e14ab39e50_0 .net "CinF", 0 0, L_0x64e14ab42790;  1 drivers
v0x64e14ab39f50_0 .net "CoutF", 0 0, L_0x64e14ab42490;  1 drivers
v0x64e14ab39ff0_0 .net "SF", 0 0, L_0x64e14ab42220;  1 drivers
v0x64e14ab3a0e0_0 .net "W1", 0 0, L_0x64e14ab42190;  1 drivers
v0x64e14ab3a1b0_0 .net "W2", 0 0, L_0x64e14ab420e0;  1 drivers
v0x64e14ab3a2a0_0 .net "W3", 0 0, L_0x64e14ab423b0;  1 drivers
S_0x64e14ab39040 .scope module, "HA1" "Half_adder" 3 26, 3 7 0, S_0x64e14ab38de0;
 .timescale 0 0;
    .port_info 0 /INPUT 1 "AH";
    .port_info 1 /INPUT 1 "BH";
    .port_info 2 /OUTPUT 1 "CoutH";
    .port_info 3 /OUTPUT 1 "SH";
L_0x64e14ab420e0 .functor XOR 1, L_0x64e14ab42520, L_0x64e14ab426f0, C4<0>, C4<0>;
L_0x64e14ab42190 .functor AND 1, L_0x64e14ab42520, L_0x64e14ab426f0, C4<1>, C4<1>;
v0x64e14ab392c0_0 .net "AH", 0 0, L_0x64e14ab42520;  alias, 1 drivers
v0x64e14ab393a0_0 .net "BH", 0 0, L_0x64e14ab426f0;  alias, 1 drivers
v0x64e14ab39460_0 .net "CoutH", 0 0, L_0x64e14ab42190;  alias, 1 drivers
v0x64e14ab39530_0 .net "SH", 0 0, L_0x64e14ab420e0;  alias, 1 drivers
S_0x64e14ab396a0 .scope module, "HA2" "Half_adder" 3 27, 3 7 0, S_0x64e14ab38de0;
 .timescale 0 0;
    .port_info 0 /INPUT 1 "AH";
    .port_info 1 /INPUT 1 "BH";
    .port_info 2 /OUTPUT 1 "CoutH";
    .port_info 3 /OUTPUT 1 "SH";
L_0x64e14ab42220 .functor XOR 1, L_0x64e14ab420e0, L_0x64e14ab42790, C4<0>, C4<0>;
L_0x64e14ab423b0 .functor AND 1, L_0x64e14ab420e0, L_0x64e14ab42790, C4<1>, C4<1>;
v0x64e14ab39910_0 .net "AH", 0 0, L_0x64e14ab420e0;  alias, 1 drivers
v0x64e14ab399e0_0 .net "BH", 0 0, L_0x64e14ab42790;  alias, 1 drivers
v0x64e14ab39a80_0 .net "CoutH", 0 0, L_0x64e14ab423b0;  alias, 1 drivers
v0x64e14ab39b50_0 .net "SH", 0 0, L_0x64e14ab42220;  alias, 1 drivers
S_0x64e14ab3a370 .scope module, "FA7" "Full_adder" 3 47, 3 17 0, S_0x64e14aafd910;
 .timescale 0 0;
    .port_info 0 /INPUT 1 "AF";
    .port_info 1 /INPUT 1 "BF";
    .port_info 2 /INPUT 1 "CinF";
    .port_info 3 /OUTPUT 1 "CoutF";
    .port_info 4 /OUTPUT 1 "SF";
L_0x64e14ab42c00 .functor OR 1, L_0x64e14ab42990, L_0x64e14ab42b20, C4<0>, C4<0>;
v0x64e14ab3b250_0 .net "AF", 0 0, L_0x64e14ab42650;  1 drivers
v0x64e14ab3b310_0 .net "BF", 0 0, L_0x64e14ab42d20;  1 drivers
v0x64e14ab3b3e0_0 .net "CinF", 0 0, L_0x64e14ab42f10;  1 drivers
v0x64e14ab3b4e0_0 .net "CoutF", 0 0, L_0x64e14ab42c00;  1 drivers
v0x64e14ab3b580_0 .net "SF", 0 0, L_0x64e14ab42a20;  1 drivers
v0x64e14ab3b670_0 .net "W1", 0 0, L_0x64e14ab42990;  1 drivers
v0x64e14ab3b740_0 .net "W2", 0 0, L_0x64e14ab428e0;  1 drivers
v0x64e14ab3b830_0 .net "W3", 0 0, L_0x64e14ab42b20;  1 drivers
S_0x64e14ab3a5d0 .scope module, "HA1" "Half_adder" 3 26, 3 7 0, S_0x64e14ab3a370;
 .timescale 0 0;
    .port_info 0 /INPUT 1 "AH";
    .port_info 1 /INPUT 1 "BH";
    .port_info 2 /OUTPUT 1 "CoutH";
    .port_info 3 /OUTPUT 1 "SH";
L_0x64e14ab428e0 .functor XOR 1, L_0x64e14ab42650, L_0x64e14ab42d20, C4<0>, C4<0>;
L_0x64e14ab42990 .functor AND 1, L_0x64e14ab42650, L_0x64e14ab42d20, C4<1>, C4<1>;
v0x64e14ab3a850_0 .net "AH", 0 0, L_0x64e14ab42650;  alias, 1 drivers
v0x64e14ab3a930_0 .net "BH", 0 0, L_0x64e14ab42d20;  alias, 1 drivers
v0x64e14ab3a9f0_0 .net "CoutH", 0 0, L_0x64e14ab42990;  alias, 1 drivers
v0x64e14ab3aac0_0 .net "SH", 0 0, L_0x64e14ab428e0;  alias, 1 drivers
S_0x64e14ab3ac30 .scope module, "HA2" "Half_adder" 3 27, 3 7 0, S_0x64e14ab3a370;
 .timescale 0 0;
    .port_info 0 /INPUT 1 "AH";
    .port_info 1 /INPUT 1 "BH";
    .port_info 2 /OUTPUT 1 "CoutH";
    .port_info 3 /OUTPUT 1 "SH";
L_0x64e14ab42a20 .functor XOR 1, L_0x64e14ab428e0, L_0x64e14ab42f10, C4<0>, C4<0>;
L_0x64e14ab42b20 .functor AND 1, L_0x64e14ab428e0, L_0x64e14ab42f10, C4<1>, C4<1>;
v0x64e14ab3aea0_0 .net "AH", 0 0, L_0x64e14ab428e0;  alias, 1 drivers
v0x64e14ab3af70_0 .net "BH", 0 0, L_0x64e14ab42f10;  alias, 1 drivers
v0x64e14ab3b010_0 .net "CoutH", 0 0, L_0x64e14ab42b20;  alias, 1 drivers
v0x64e14ab3b0e0_0 .net "SH", 0 0, L_0x64e14ab42a20;  alias, 1 drivers
S_0x64e14ab3b900 .scope module, "FA8" "Full_adder" 3 48, 3 17 0, S_0x64e14aafd910;
 .timescale 0 0;
    .port_info 0 /INPUT 1 "AF";
    .port_info 1 /INPUT 1 "BF";
    .port_info 2 /INPUT 1 "CinF";
    .port_info 3 /OUTPUT 1 "CoutF";
    .port_info 4 /OUTPUT 1 "SF";
L_0x64e14ab433f0 .functor OR 1, L_0x64e14ab430f0, L_0x64e14ab43310, C4<0>, C4<0>;
v0x64e14ab3c7e0_0 .net "AF", 0 0, L_0x64e14ab43480;  1 drivers
v0x64e14ab3c8a0_0 .net "BF", 0 0, L_0x64e14ab43680;  1 drivers
v0x64e14ab3c970_0 .net "CinF", 0 0, L_0x64e14ab437b0;  1 drivers
v0x64e14ab3ca70_0 .net "CoutF", 0 0, L_0x64e14ab433f0;  1 drivers
v0x64e14ab3cb10_0 .net "SF", 0 0, L_0x64e14ab43180;  1 drivers
v0x64e14ab3cc00_0 .net "W1", 0 0, L_0x64e14ab430f0;  1 drivers
v0x64e14ab3ccd0_0 .net "W2", 0 0, L_0x64e14ab43040;  1 drivers
v0x64e14ab3cdc0_0 .net "W3", 0 0, L_0x64e14ab43310;  1 drivers
S_0x64e14ab3bb60 .scope module, "HA1" "Half_adder" 3 26, 3 7 0, S_0x64e14ab3b900;
 .timescale 0 0;
    .port_info 0 /INPUT 1 "AH";
    .port_info 1 /INPUT 1 "BH";
    .port_info 2 /OUTPUT 1 "CoutH";
    .port_info 3 /OUTPUT 1 "SH";
L_0x64e14ab43040 .functor XOR 1, L_0x64e14ab43480, L_0x64e14ab43680, C4<0>, C4<0>;
L_0x64e14ab430f0 .functor AND 1, L_0x64e14ab43480, L_0x64e14ab43680, C4<1>, C4<1>;
v0x64e14ab3bde0_0 .net "AH", 0 0, L_0x64e14ab43480;  alias, 1 drivers
v0x64e14ab3bec0_0 .net "BH", 0 0, L_0x64e14ab43680;  alias, 1 drivers
v0x64e14ab3bf80_0 .net "CoutH", 0 0, L_0x64e14ab430f0;  alias, 1 drivers
v0x64e14ab3c050_0 .net "SH", 0 0, L_0x64e14ab43040;  alias, 1 drivers
S_0x64e14ab3c1c0 .scope module, "HA2" "Half_adder" 3 27, 3 7 0, S_0x64e14ab3b900;
 .timescale 0 0;
    .port_info 0 /INPUT 1 "AH";
    .port_info 1 /INPUT 1 "BH";
    .port_info 2 /OUTPUT 1 "CoutH";
    .port_info 3 /OUTPUT 1 "SH";
L_0x64e14ab43180 .functor XOR 1, L_0x64e14ab43040, L_0x64e14ab437b0, C4<0>, C4<0>;
L_0x64e14ab43310 .functor AND 1, L_0x64e14ab43040, L_0x64e14ab437b0, C4<1>, C4<1>;
v0x64e14ab3c430_0 .net "AH", 0 0, L_0x64e14ab43040;  alias, 1 drivers
v0x64e14ab3c500_0 .net "BH", 0 0, L_0x64e14ab437b0;  alias, 1 drivers
v0x64e14ab3c5a0_0 .net "CoutH", 0 0, L_0x64e14ab43310;  alias, 1 drivers
v0x64e14ab3c670_0 .net "SH", 0 0, L_0x64e14ab43180;  alias, 1 drivers
S_0x64e14ab3ce90 .scope module, "FA9" "Full_adder" 3 49, 3 17 0, S_0x64e14aafd910;
 .timescale 0 0;
    .port_info 0 /INPUT 1 "AF";
    .port_info 1 /INPUT 1 "BF";
    .port_info 2 /INPUT 1 "CinF";
    .port_info 3 /OUTPUT 1 "CoutF";
    .port_info 4 /OUTPUT 1 "SF";
L_0x64e14ab43df0 .functor OR 1, L_0x64e14ab43b80, L_0x64e14ab43d10, C4<0>, C4<0>;
v0x64e14ab3dd70_0 .net "AF", 0 0, L_0x64e14ab43e80;  1 drivers
v0x64e14ab3de30_0 .net "BF", 0 0, L_0x64e14ab43fb0;  1 drivers
v0x64e14ab3df00_0 .net "CinF", 0 0, L_0x64e14ab441d0;  1 drivers
v0x64e14ab3e000_0 .net "CoutF", 0 0, L_0x64e14ab43df0;  1 drivers
v0x64e14ab3e0a0_0 .net "SF", 0 0, L_0x64e14ab43c10;  1 drivers
v0x64e14ab3e190_0 .net "W1", 0 0, L_0x64e14ab43b80;  1 drivers
v0x64e14ab3e260_0 .net "W2", 0 0, L_0x64e14ab43ad0;  1 drivers
v0x64e14ab3e350_0 .net "W3", 0 0, L_0x64e14ab43d10;  1 drivers
S_0x64e14ab3d0f0 .scope module, "HA1" "Half_adder" 3 26, 3 7 0, S_0x64e14ab3ce90;
 .timescale 0 0;
    .port_info 0 /INPUT 1 "AH";
    .port_info 1 /INPUT 1 "BH";
    .port_info 2 /OUTPUT 1 "CoutH";
    .port_info 3 /OUTPUT 1 "SH";
L_0x64e14ab43ad0 .functor XOR 1, L_0x64e14ab43e80, L_0x64e14ab43fb0, C4<0>, C4<0>;
L_0x64e14ab43b80 .functor AND 1, L_0x64e14ab43e80, L_0x64e14ab43fb0, C4<1>, C4<1>;
v0x64e14ab3d370_0 .net "AH", 0 0, L_0x64e14ab43e80;  alias, 1 drivers
v0x64e14ab3d450_0 .net "BH", 0 0, L_0x64e14ab43fb0;  alias, 1 drivers
v0x64e14ab3d510_0 .net "CoutH", 0 0, L_0x64e14ab43b80;  alias, 1 drivers
v0x64e14ab3d5e0_0 .net "SH", 0 0, L_0x64e14ab43ad0;  alias, 1 drivers
S_0x64e14ab3d750 .scope module, "HA2" "Half_adder" 3 27, 3 7 0, S_0x64e14ab3ce90;
 .timescale 0 0;
    .port_info 0 /INPUT 1 "AH";
    .port_info 1 /INPUT 1 "BH";
    .port_info 2 /OUTPUT 1 "CoutH";
    .port_info 3 /OUTPUT 1 "SH";
L_0x64e14ab43c10 .functor XOR 1, L_0x64e14ab43ad0, L_0x64e14ab441d0, C4<0>, C4<0>;
L_0x64e14ab43d10 .functor AND 1, L_0x64e14ab43ad0, L_0x64e14ab441d0, C4<1>, C4<1>;
v0x64e14ab3d9c0_0 .net "AH", 0 0, L_0x64e14ab43ad0;  alias, 1 drivers
v0x64e14ab3da90_0 .net "BH", 0 0, L_0x64e14ab441d0;  alias, 1 drivers
v0x64e14ab3db30_0 .net "CoutH", 0 0, L_0x64e14ab43d10;  alias, 1 drivers
v0x64e14ab3dc00_0 .net "SH", 0 0, L_0x64e14ab43c10;  alias, 1 drivers
    .scope S_0x64e14ab002b0;
T_0 ;
    %vpi_call/w 3 84 "$dumpfile", "RCA_tb.vcd" {0 0 0};
    %vpi_call/w 3 85 "$dumpvars", 32'sb00000000000000000000000000000000, S_0x64e14ab002b0 {0 0 0};
    %pushi/vec4 0, 0, 16;
    %store/vec4 v0x64e14ab3ea10_0, 0, 16;
    %pushi/vec4 0, 0, 16;
    %store/vec4 v0x64e14ab3ead0_0, 0, 16;
    %vpi_func 3 89 "$time" 64 {0 0 0};
    %store/vec4 v0x64e14ab3ed40_0, 0, 64;
    %delay 1, 0;
    %vpi_func 3 91 "$time" 64 {0 0 0};
    %store/vec4 v0x64e14ab3eca0_0, 0, 64;
    %vpi_call/w 3 92 "$display", "Time=%0t | A=%b (%0d), B=%b (%0d) -> SUM=%b (%0d), Cout=%b", v0x64e14ab3eca0_0, v0x64e14ab3ea10_0, v0x64e14ab3ea10_0, v0x64e14ab3ead0_0, v0x64e14ab3ead0_0, v0x64e14ab3eba0_0, v0x64e14ab3eba0_0, &PV<v0x64e14ab3eba0_0, 16, 1> {0 0 0};
    %pushi/vec4 1, 0, 16;
    %store/vec4 v0x64e14ab3ea10_0, 0, 16;
    %pushi/vec4 1, 0, 16;
    %store/vec4 v0x64e14ab3ead0_0, 0, 16;
    %vpi_func 3 96 "$time" 64 {0 0 0};
    %store/vec4 v0x64e14ab3ed40_0, 0, 64;
    %delay 1, 0;
    %vpi_func 3 98 "$time" 64 {0 0 0};
    %store/vec4 v0x64e14ab3eca0_0, 0, 64;
    %vpi_call/w 3 99 "$display", "Time=%0t | A=%b (%0d), B=%b (%0d) -> SUM=%b (%0d), Cout=%b", v0x64e14ab3eca0_0, v0x64e14ab3ea10_0, v0x64e14ab3ea10_0, v0x64e14ab3ead0_0, v0x64e14ab3ead0_0, v0x64e14ab3eba0_0, v0x64e14ab3eba0_0, &PV<v0x64e14ab3eba0_0, 16, 1> {0 0 0};
    %pushi/vec4 65535, 0, 16;
    %store/vec4 v0x64e14ab3ea10_0, 0, 16;
    %pushi/vec4 1, 0, 16;
    %store/vec4 v0x64e14ab3ead0_0, 0, 16;
    %vpi_func 3 103 "$time" 64 {0 0 0};
    %store/vec4 v0x64e14ab3ed40_0, 0, 64;
    %delay 1, 0;
    %vpi_func 3 105 "$time" 64 {0 0 0};
    %store/vec4 v0x64e14ab3eca0_0, 0, 64;
    %vpi_call/w 3 106 "$display", "Time=%0t | A=%b (%0d), B=%b (%0d) -> SUM=%b (%0d), Cout=%b", v0x64e14ab3eca0_0, v0x64e14ab3ea10_0, v0x64e14ab3ea10_0, v0x64e14ab3ead0_0, v0x64e14ab3ead0_0, v0x64e14ab3eba0_0, v0x64e14ab3eba0_0, &PV<v0x64e14ab3eba0_0, 16, 1> {0 0 0};
    %pushi/vec4 10, 0, 16;
    %store/vec4 v0x64e14ab3ea10_0, 0, 16;
    %pushi/vec4 5, 0, 16;
    %store/vec4 v0x64e14ab3ead0_0, 0, 16;
    %vpi_func 3 110 "$time" 64 {0 0 0};
    %store/vec4 v0x64e14ab3ed40_0, 0, 64;
    %delay 1, 0;
    %vpi_func 3 112 "$time" 64 {0 0 0};
    %store/vec4 v0x64e14ab3eca0_0, 0, 64;
    %vpi_call/w 3 113 "$display", "Time=%0t | A=%b (%0d), B=%b (%0d) -> SUM=%b (%0d), Cout=%b", v0x64e14ab3eca0_0, v0x64e14ab3ea10_0, v0x64e14ab3ea10_0, v0x64e14ab3ead0_0, v0x64e14ab3ead0_0, v0x64e14ab3eba0_0, v0x64e14ab3eba0_0, &PV<v0x64e14ab3eba0_0, 16, 1> {0 0 0};
    %pushi/vec4 32767, 0, 16;
    %store/vec4 v0x64e14ab3ea10_0, 0, 16;
    %pushi/vec4 1, 0, 16;
    %store/vec4 v0x64e14ab3ead0_0, 0, 16;
    %vpi_func 3 117 "$time" 64 {0 0 0};
    %store/vec4 v0x64e14ab3ed40_0, 0, 64;
    %delay 1, 0;
    %vpi_func 3 119 "$time" 64 {0 0 0};
    %store/vec4 v0x64e14ab3eca0_0, 0, 64;
    %vpi_call/w 3 120 "$display", "Time=%0t | A=%b (%0d), B=%b (%0d) -> SUM=%b (%0d), Cout=%b", v0x64e14ab3eca0_0, v0x64e14ab3ea10_0, v0x64e14ab3ea10_0, v0x64e14ab3ead0_0, v0x64e14ab3ead0_0, v0x64e14ab3eba0_0, v0x64e14ab3eba0_0, &PV<v0x64e14ab3eba0_0, 16, 1> {0 0 0};
    %pushi/vec4 61440, 0, 16;
    %store/vec4 v0x64e14ab3ea10_0, 0, 16;
    %pushi/vec4 3855, 0, 16;
    %store/vec4 v0x64e14ab3ead0_0, 0, 16;
    %vpi_func 3 124 "$time" 64 {0 0 0};
    %store/vec4 v0x64e14ab3ed40_0, 0, 64;
    %delay 1, 0;
    %vpi_func 3 126 "$time" 64 {0 0 0};
    %store/vec4 v0x64e14ab3eca0_0, 0, 64;
    %vpi_call/w 3 127 "$display", "Time=%0t | A=%b (%0d), B=%b (%0d) -> SUM=%b (%0d), Cout=%b", v0x64e14ab3eca0_0, v0x64e14ab3ea10_0, v0x64e14ab3ea10_0, v0x64e14ab3ead0_0, v0x64e14ab3ead0_0, v0x64e14ab3eba0_0, v0x64e14ab3eba0_0, &PV<v0x64e14ab3eba0_0, 16, 1> {0 0 0};
    %pushi/vec4 5, 0, 16;
    %store/vec4 v0x64e14ab3ea10_0, 0, 16;
    %pushi/vec4 3, 0, 16;
    %store/vec4 v0x64e14ab3ead0_0, 0, 16;
    %vpi_func 3 131 "$time" 64 {0 0 0};
    %store/vec4 v0x64e14ab3ed40_0, 0, 64;
    %delay 1, 0;
    %vpi_func 3 133 "$time" 64 {0 0 0};
    %store/vec4 v0x64e14ab3eca0_0, 0, 64;
    %vpi_call/w 3 134 "$display", "Time=%0t | A=%b (%0d), B=%b (%0d) -> SUM=%b (%0d), Cout=%b", v0x64e14ab3eca0_0, v0x64e14ab3ea10_0, v0x64e14ab3ea10_0, v0x64e14ab3ead0_0, v0x64e14ab3ead0_0, v0x64e14ab3eba0_0, v0x64e14ab3eba0_0, &PV<v0x64e14ab3eba0_0, 16, 1> {0 0 0};
    %pushi/vec4 43690, 0, 16;
    %store/vec4 v0x64e14ab3ea10_0, 0, 16;
    %pushi/vec4 21845, 0, 16;
    %store/vec4 v0x64e14ab3ead0_0, 0, 16;
    %vpi_func 3 138 "$time" 64 {0 0 0};
    %store/vec4 v0x64e14ab3ed40_0, 0, 64;
    %delay 1, 0;
    %vpi_func 3 140 "$time" 64 {0 0 0};
    %store/vec4 v0x64e14ab3eca0_0, 0, 64;
    %vpi_call/w 3 141 "$display", "Time=%0t | A=%b (%0d), B=%b (%0d) -> SUM=%b (%0d), Cout=%b", v0x64e14ab3eca0_0, v0x64e14ab3ea10_0, v0x64e14ab3ea10_0, v0x64e14ab3ead0_0, v0x64e14ab3ead0_0, v0x64e14ab3eba0_0, v0x64e14ab3eba0_0, &PV<v0x64e14ab3eba0_0, 16, 1> {0 0 0};
    %pushi/vec4 0, 0, 16;
    %store/vec4 v0x64e14ab3ea10_0, 0, 16;
    %pushi/vec4 21845, 0, 16;
    %store/vec4 v0x64e14ab3ead0_0, 0, 16;
    %vpi_func 3 145 "$time" 64 {0 0 0};
    %store/vec4 v0x64e14ab3ed40_0, 0, 64;
    %delay 1, 0;
    %vpi_func 3 147 "$time" 64 {0 0 0};
    %store/vec4 v0x64e14ab3eca0_0, 0, 64;
    %vpi_call/w 3 148 "$display", "Time=%0t | A=%b (%0d), B=%b (%0d) -> SUM=%b (%0d), Cout=%b", v0x64e14ab3eca0_0, v0x64e14ab3ea10_0, v0x64e14ab3ea10_0, v0x64e14ab3ead0_0, v0x64e14ab3ead0_0, v0x64e14ab3eba0_0, v0x64e14ab3eba0_0, &PV<v0x64e14ab3eba0_0, 16, 1> {0 0 0};
    %pushi/vec4 65535, 0, 16;
    %store/vec4 v0x64e14ab3ea10_0, 0, 16;
    %pushi/vec4 65535, 0, 16;
    %store/vec4 v0x64e14ab3ead0_0, 0, 16;
    %vpi_func 3 152 "$time" 64 {0 0 0};
    %store/vec4 v0x64e14ab3ed40_0, 0, 64;
    %delay 1, 0;
    %vpi_func 3 154 "$time" 64 {0 0 0};
    %store/vec4 v0x64e14ab3eca0_0, 0, 64;
    %vpi_call/w 3 155 "$display", "Time=%0t | A=%b (%0d), B=%b (%0d) -> SUM=%b (%0d), Cout=%b", v0x64e14ab3eca0_0, v0x64e14ab3ea10_0, v0x64e14ab3ea10_0, v0x64e14ab3ead0_0, v0x64e14ab3ead0_0, v0x64e14ab3eba0_0, v0x64e14ab3eba0_0, &PV<v0x64e14ab3eba0_0, 16, 1> {0 0 0};
    %delay 10, 0;
    %vpi_call/w 3 158 "$finish" {0 0 0};
    %end;
    .thread T_0;
# The file index is used to find the file name in the following table.
:file_names 4;
    "N/A";
    "<interactive>";
    "-";
    "Ripple_Carry_Adder/RCA.v";
