#! /usr/bin/vvp
:ivl_version "12.0 (stable)";
:ivl_delay_selection "TYPICAL";
:vpi_time_precision + 0;
:vpi_module "/usr/lib/x86_64-linux-gnu/ivl/system.vpi";
:vpi_module "/usr/lib/x86_64-linux-gnu/ivl/vhdl_sys.vpi";
:vpi_module "/usr/lib/x86_64-linux-gnu/ivl/vhdl_textio.vpi";
:vpi_module "/usr/lib/x86_64-linux-gnu/ivl/v2005_math.vpi";
:vpi_module "/usr/lib/x86_64-linux-gnu/ivl/va_math.vpi";
:vpi_module "/usr/lib/x86_64-linux-gnu/ivl/v2009.vpi";
S_0x607dc55b8810 .scope package, "$unit" "$unit" 2 1;
 .timescale 0 0;
S_0x607dc55af5d0 .scope module, "CLA_tb" "CLA_tb" 3 59;
 .timescale 0 0;
v0x607dc55f5be0_0 .var "A", 7 0;
v0x607dc55f5ca0_0 .var "B", 7 0;
v0x607dc55f5d70_0 .net "SUM", 31 0, L_0x607dc5619db0;  1 drivers
v0x607dc55f5e70_0 .var "finish", 63 0;
v0x607dc55f5f10_0 .var "start", 63 0;
S_0x607dc55b59e0 .scope module, "uut" "CLA" 3 72, 3 22 0, S_0x607dc55af5d0;
 .timescale 0 0;
    .port_info 0 /INPUT 8 "A";
    .port_info 1 /INPUT 8 "B";
    .port_info 2 /OUTPUT 32 "S";
L_0x607dc55f5ff0 .functor OR 8, v0x607dc55f5be0_0, v0x607dc55f5ca0_0, C4<00000000>, C4<00000000>;
L_0x607dc55f6120 .functor AND 8, v0x607dc55f5be0_0, v0x607dc55f5ca0_0, C4<11111111>, C4<11111111>;
L_0x7262366ce018 .functor BUFT 1, C4<0>, C4<0>, C4<0>, C4<0>;
L_0x607dc55f6390 .functor AND 1, L_0x607dc55f62a0, L_0x7262366ce018, C4<1>, C4<1>;
L_0x607dc55f64d0 .functor OR 1, L_0x607dc55f61b0, L_0x607dc55f6390, C4<0>, C4<0>;
L_0x607dc55f6820 .functor AND 1, L_0x607dc55f66b0, L_0x607dc55f6780, C4<1>, C4<1>;
L_0x607dc55f6910 .functor OR 1, L_0x607dc55f6610, L_0x607dc55f6820, C4<0>, C4<0>;
L_0x607dc55f6c70 .functor AND 1, L_0x607dc55f6a60, L_0x607dc55f6bd0, C4<1>, C4<1>;
L_0x7262366ce060 .functor BUFT 1, C4<0>, C4<0>, C4<0>, C4<0>;
L_0x607dc55f6d30 .functor AND 1, L_0x607dc55f6c70, L_0x7262366ce060, C4<1>, C4<1>;
L_0x607dc55f6e90 .functor OR 1, L_0x607dc55f6910, L_0x607dc55f6d30, C4<0>, C4<0>;
L_0x607dc55f7230 .functor AND 1, L_0x607dc55f7090, L_0x607dc55f7130, C4<1>, C4<1>;
L_0x607dc55f7350 .functor OR 1, L_0x607dc55f6fa0, L_0x607dc55f7230, C4<0>, C4<0>;
L_0x607dc55f75c0 .functor AND 1, L_0x607dc55f7410, L_0x607dc55f74b0, C4<1>, C4<1>;
L_0x607dc55f77e0 .functor AND 1, L_0x607dc55f75c0, L_0x607dc55f7740, C4<1>, C4<1>;
L_0x607dc55f78f0 .functor OR 1, L_0x607dc55f7350, L_0x607dc55f77e0, C4<0>, C4<0>;
L_0x607dc55f7550 .functor AND 1, L_0x607dc55f7a80, L_0x607dc55f7ba0, C4<1>, C4<1>;
L_0x607dc55f76d0 .functor AND 1, L_0x607dc55f7550, L_0x607dc55f7ce0, C4<1>, C4<1>;
L_0x7262366ce0a8 .functor BUFT 1, C4<0>, C4<0>, C4<0>, C4<0>;
L_0x607dc55f7f40 .functor AND 1, L_0x607dc55f76d0, L_0x7262366ce0a8, C4<1>, C4<1>;
L_0x607dc55f8050 .functor OR 1, L_0x607dc55f78f0, L_0x607dc55f7f40, C4<0>, C4<0>;
L_0x607dc55f8480 .functor AND 1, L_0x607dc55f82a0, L_0x607dc55f83e0, C4<1>, C4<1>;
L_0x607dc55f85c0 .functor OR 1, L_0x607dc55f8200, L_0x607dc55f8480, C4<0>, C4<0>;
L_0x607dc55f8830 .functor AND 1, L_0x607dc55f8160, L_0x607dc55f8340, C4<1>, C4<1>;
L_0x607dc55f8aa0 .functor AND 1, L_0x607dc55f8830, L_0x607dc55f8940, C4<1>, C4<1>;
L_0x607dc55f8c70 .functor OR 1, L_0x607dc55f85c0, L_0x607dc55f8aa0, C4<0>, C4<0>;
L_0x607dc55f8f90 .functor AND 1, L_0x607dc55f8d80, L_0x607dc55f8e20, C4<1>, C4<1>;
L_0x607dc55f9210 .functor AND 1, L_0x607dc55f8f90, L_0x607dc55f9170, C4<1>, C4<1>;
L_0x607dc55f94a0 .functor AND 1, L_0x607dc55f9210, L_0x607dc55f9320, C4<1>, C4<1>;
L_0x607dc55f9690 .functor OR 1, L_0x607dc55f8c70, L_0x607dc55f94a0, C4<0>, C4<0>;
L_0x607dc55f99d0 .functor AND 1, L_0x607dc55f97a0, L_0x607dc55f9840, C4<1>, C4<1>;
L_0x607dc55f9c70 .functor AND 1, L_0x607dc55f99d0, L_0x607dc55f9bd0, C4<1>, C4<1>;
L_0x607dc55f9f20 .functor AND 1, L_0x607dc55f9c70, L_0x607dc55f9d80, C4<1>, C4<1>;
L_0x7262366ce0f0 .functor BUFT 1, C4<0>, C4<0>, C4<0>, C4<0>;
L_0x607dc55fa130 .functor AND 1, L_0x607dc55f9f20, L_0x7262366ce0f0, C4<1>, C4<1>;
L_0x607dc55fa240 .functor OR 1, L_0x607dc55f9690, L_0x607dc55fa130, C4<0>, C4<0>;
L_0x607dc55fa750 .functor AND 1, L_0x607dc55fa500, L_0x607dc55fa6b0, C4<1>, C4<1>;
L_0x607dc55fa890 .functor OR 1, L_0x607dc55fa460, L_0x607dc55fa750, C4<0>, C4<0>;
L_0x607dc55fad20 .functor AND 1, L_0x607dc55faac0, L_0x607dc55fac80, C4<1>, C4<1>;
L_0x607dc55fab60 .functor AND 1, L_0x607dc55fad20, L_0x607dc55fae30, C4<1>, C4<1>;
L_0x607dc55fa9a0 .functor OR 1, L_0x607dc55fa890, L_0x607dc55fab60, C4<0>, C4<0>;
L_0x607dc55fb3b0 .functor AND 1, L_0x607dc55fb130, L_0x607dc55fb1d0, C4<1>, C4<1>;
L_0x607dc55fb6a0 .functor AND 1, L_0x607dc55fb3b0, L_0x607dc55fb600, C4<1>, C4<1>;
L_0x607dc55fb9a0 .functor AND 1, L_0x607dc55fb6a0, L_0x607dc55fb7b0, C4<1>, C4<1>;
L_0x607dc55fbc00 .functor OR 1, L_0x607dc55fa9a0, L_0x607dc55fb9a0, C4<0>, C4<0>;
L_0x607dc55fbfb0 .functor AND 1, L_0x607dc55fbd10, L_0x607dc55fbdb0, C4<1>, C4<1>;
L_0x607dc55fc2c0 .functor AND 1, L_0x607dc55fbfb0, L_0x607dc55fc220, C4<1>, C4<1>;
L_0x607dc55fc5e0 .functor AND 1, L_0x607dc55fc2c0, L_0x607dc55fc3d0, C4<1>, C4<1>;
L_0x607dc55fcb10 .functor AND 1, L_0x607dc55fc5e0, L_0x607dc55fc860, C4<1>, C4<1>;
L_0x607dc55fcc20 .functor OR 1, L_0x607dc55fbc00, L_0x607dc55fcb10, C4<0>, C4<0>;
L_0x607dc55fd170 .functor AND 1, L_0x607dc55fceb0, L_0x607dc55fd0d0, C4<1>, C4<1>;
L_0x607dc55fd4b0 .functor AND 1, L_0x607dc55fd170, L_0x607dc55fd280, C4<1>, C4<1>;
L_0x607dc55fd7f0 .functor AND 1, L_0x607dc55fd4b0, L_0x607dc55fd750, C4<1>, C4<1>;
L_0x607dc55fdb40 .functor AND 1, L_0x607dc55fd7f0, L_0x607dc55fd900, C4<1>, C4<1>;
L_0x7262366ce138 .functor BUFT 1, C4<0>, C4<0>, C4<0>, C4<0>;
L_0x607dc55fde40 .functor AND 1, L_0x607dc55fdb40, L_0x7262366ce138, C4<1>, C4<1>;
L_0x607dc55fdf50 .functor OR 1, L_0x607dc55fcc20, L_0x607dc55fde40, C4<0>, C4<0>;
L_0x607dc55fe5a0 .functor AND 1, L_0x607dc55fe2b0, L_0x607dc55fe500, C4<1>, C4<1>;
L_0x607dc55fe6b0 .functor OR 1, L_0x607dc55fe210, L_0x607dc55fe5a0, C4<0>, C4<0>;
L_0x607dc55fec80 .functor AND 1, L_0x607dc55fe980, L_0x607dc55febe0, C4<1>, C4<1>;
L_0x607dc55ff000 .functor AND 1, L_0x607dc55fec80, L_0x607dc55fed90, C4<1>, C4<1>;
L_0x607dc55ff2e0 .functor OR 1, L_0x607dc55fe6b0, L_0x607dc55ff000, C4<0>, C4<0>;
L_0x607dc55ff710 .functor AND 1, L_0x607dc55ff3f0, L_0x607dc55ff490, C4<1>, C4<1>;
L_0x607dc55ffaa0 .functor AND 1, L_0x607dc55ff710, L_0x607dc55ffa00, C4<1>, C4<1>;
L_0x607dc55ffe40 .functor AND 1, L_0x607dc55ffaa0, L_0x607dc55ffbb0, C4<1>, C4<1>;
L_0x607dc55f7a00 .functor OR 1, L_0x607dc55ff2e0, L_0x607dc55ffe40, C4<0>, C4<0>;
L_0x607dc56004d0 .functor AND 1, L_0x607dc5600190, L_0x607dc5600230, C4<1>, C4<1>;
L_0x607dc5600880 .functor AND 1, L_0x607dc56004d0, L_0x607dc56007e0, C4<1>, C4<1>;
L_0x607dc5600c40 .functor AND 1, L_0x607dc5600880, L_0x607dc5600990, C4<1>, C4<1>;
L_0x607dc5601000 .functor AND 1, L_0x607dc5600c40, L_0x607dc5600f60, C4<1>, C4<1>;
L_0x607dc5601110 .functor OR 1, L_0x607dc55f7a00, L_0x607dc5601000, C4<0>, C4<0>;
L_0x607dc56017a0 .functor AND 1, L_0x607dc5601440, L_0x607dc5601700, C4<1>, C4<1>;
L_0x607dc5601b80 .functor AND 1, L_0x607dc56017a0, L_0x607dc56018b0, C4<1>, C4<1>;
L_0x607dc5601f60 .functor AND 1, L_0x607dc5601b80, L_0x607dc5601ec0, C4<1>, C4<1>;
L_0x607dc5602350 .functor AND 1, L_0x607dc5601f60, L_0x607dc5602070, C4<1>, C4<1>;
L_0x607dc5602740 .functor AND 1, L_0x607dc5602350, L_0x607dc56026a0, C4<1>, C4<1>;
L_0x607dc5602850 .functor OR 1, L_0x607dc5601110, L_0x607dc5602740, C4<0>, C4<0>;
L_0x607dc5602f40 .functor AND 1, L_0x607dc5602bb0, L_0x607dc5602ea0, C4<1>, C4<1>;
L_0x607dc5603350 .functor AND 1, L_0x607dc5602f40, L_0x607dc5603050, C4<1>, C4<1>;
L_0x607dc5603760 .functor AND 1, L_0x607dc5603350, L_0x607dc56036c0, C4<1>, C4<1>;
L_0x607dc5603b80 .functor AND 1, L_0x607dc5603760, L_0x607dc5603870, C4<1>, C4<1>;
L_0x607dc5603fa0 .functor AND 1, L_0x607dc5603b80, L_0x607dc5603f00, C4<1>, C4<1>;
L_0x7262366ce180 .functor BUFT 1, C4<0>, C4<0>, C4<0>, C4<0>;
L_0x607dc56040b0 .functor AND 1, L_0x607dc5603fa0, L_0x7262366ce180, C4<1>, C4<1>;
L_0x607dc5604440 .functor OR 1, L_0x607dc5602850, L_0x607dc56040b0, C4<0>, C4<0>;
L_0x607dc5604c40 .functor AND 1, L_0x607dc5604870, L_0x607dc5604910, C4<1>, C4<1>;
L_0x607dc5604fe0 .functor OR 1, L_0x607dc5604550, L_0x607dc5604c40, C4<0>, C4<0>;
L_0x607dc56054d0 .functor AND 1, L_0x607dc56050f0, L_0x607dc5605190, C4<1>, C4<1>;
L_0x607dc5605920 .functor AND 1, L_0x607dc56054d0, L_0x607dc5605880, C4<1>, C4<1>;
L_0x607dc5605a30 .functor OR 1, L_0x607dc5604fe0, L_0x607dc5605920, C4<0>, C4<0>;
L_0x607dc56061e0 .functor AND 1, L_0x607dc5605df0, L_0x607dc5606140, C4<1>, C4<1>;
L_0x607dc5606650 .functor AND 1, L_0x607dc56061e0, L_0x607dc56062f0, C4<1>, C4<1>;
L_0x607dc5606ac0 .functor AND 1, L_0x607dc5606650, L_0x607dc5606a20, C4<1>, C4<1>;
L_0x607dc5606bd0 .functor OR 1, L_0x607dc5605a30, L_0x607dc5606ac0, C4<0>, C4<0>;
L_0x607dc5607bd0 .functor AND 1, L_0x607dc5606fb0, L_0x607dc5607b30, C4<1>, C4<1>;
L_0x607dc5608060 .functor AND 1, L_0x607dc5607bd0, L_0x607dc5607ce0, C4<1>, C4<1>;
L_0x607dc56084f0 .functor AND 1, L_0x607dc5608060, L_0x607dc5608450, C4<1>, C4<1>;
L_0x607dc5608990 .functor AND 1, L_0x607dc56084f0, L_0x607dc5608600, C4<1>, C4<1>;
L_0x607dc5608d90 .functor OR 1, L_0x607dc5606bd0, L_0x607dc5608990, C4<0>, C4<0>;
L_0x607dc56092e0 .functor AND 1, L_0x607dc5608ea0, L_0x607dc5608f40, C4<1>, C4<1>;
L_0x607dc5609790 .functor AND 1, L_0x607dc56092e0, L_0x607dc56096f0, C4<1>, C4<1>;
L_0x607dc5609c50 .functor AND 1, L_0x607dc5609790, L_0x607dc56098a0, C4<1>, C4<1>;
L_0x607dc560a110 .functor AND 1, L_0x607dc5609c50, L_0x607dc560a070, C4<1>, C4<1>;
L_0x607dc560a5e0 .functor AND 1, L_0x607dc560a110, L_0x607dc560a220, C4<1>, C4<1>;
L_0x607dc560aa10 .functor OR 1, L_0x607dc5608d90, L_0x607dc560a5e0, C4<0>, C4<0>;
L_0x607dc560af90 .functor AND 1, L_0x607dc560ab20, L_0x607dc560abc0, C4<1>, C4<1>;
L_0x607dc560b470 .functor AND 1, L_0x607dc560af90, L_0x607dc560b3d0, C4<1>, C4<1>;
L_0x607dc560b960 .functor AND 1, L_0x607dc560b470, L_0x607dc560b580, C4<1>, C4<1>;
L_0x607dc560be50 .functor AND 1, L_0x607dc560b960, L_0x607dc560bdb0, C4<1>, C4<1>;
L_0x607dc560c350 .functor AND 1, L_0x607dc560be50, L_0x607dc560bf60, C4<1>, C4<1>;
L_0x607dc560c850 .functor AND 1, L_0x607dc560c350, L_0x607dc560c7b0, C4<1>, C4<1>;
L_0x607dc560c960 .functor OR 1, L_0x607dc560aa10, L_0x607dc560c850, C4<0>, C4<0>;
L_0x607dc560d270 .functor AND 1, L_0x607dc560cdd0, L_0x607dc560d1d0, C4<1>, C4<1>;
L_0x607dc560d790 .functor AND 1, L_0x607dc560d270, L_0x607dc560d380, C4<1>, C4<1>;
L_0x607dc560dcb0 .functor AND 1, L_0x607dc560d790, L_0x607dc560dc10, C4<1>, C4<1>;
L_0x607dc560e1e0 .functor AND 1, L_0x607dc560dcb0, L_0x607dc560ddc0, C4<1>, C4<1>;
L_0x607dc560e710 .functor AND 1, L_0x607dc560e1e0, L_0x607dc560e670, C4<1>, C4<1>;
L_0x607dc560ec50 .functor AND 1, L_0x607dc560e710, L_0x607dc560e820, C4<1>, C4<1>;
L_0x7262366ce1c8 .functor BUFT 1, C4<0>, C4<0>, C4<0>, C4<0>;
L_0x607dc560f0f0 .functor AND 1, L_0x607dc560ec50, L_0x7262366ce1c8, C4<1>, C4<1>;
L_0x607dc560f200 .functor OR 1, L_0x607dc560c960, L_0x607dc560f0f0, C4<0>, C4<0>;
L_0x607dc560fc30 .functor AND 1, L_0x607dc560f750, L_0x607dc560fb90, C4<1>, C4<1>;
L_0x607dc560fd40 .functor OR 1, L_0x607dc560f6b0, L_0x607dc560fc30, C4<0>, C4<0>;
L_0x607dc56106f0 .functor AND 1, L_0x607dc5610200, L_0x607dc5610650, C4<1>, C4<1>;
L_0x607dc5610c90 .functor AND 1, L_0x607dc56106f0, L_0x607dc5610830, C4<1>, C4<1>;
L_0x607dc5611160 .functor OR 1, L_0x607dc560fd40, L_0x607dc5610c90, C4<0>, C4<0>;
L_0x607dc5611780 .functor AND 1, L_0x607dc5611270, L_0x607dc5611310, C4<1>, C4<1>;
L_0x607dc5611d00 .functor AND 1, L_0x607dc5611780, L_0x607dc5611c60, C4<1>, C4<1>;
L_0x607dc5612290 .functor AND 1, L_0x607dc5611d00, L_0x607dc5611e10, C4<1>, C4<1>;
L_0x607dc5612780 .functor OR 1, L_0x607dc5611160, L_0x607dc5612290, C4<0>, C4<0>;
L_0x607dc5612dc0 .functor AND 1, L_0x607dc5612890, L_0x607dc5612930, C4<1>, C4<1>;
L_0x607dc5613360 .functor AND 1, L_0x607dc5612dc0, L_0x607dc56132c0, C4<1>, C4<1>;
L_0x607dc5613910 .functor AND 1, L_0x607dc5613360, L_0x607dc5613470, C4<1>, C4<1>;
L_0x607dc5613ec0 .functor AND 1, L_0x607dc5613910, L_0x607dc5613e20, C4<1>, C4<1>;
L_0x607dc5613fd0 .functor OR 1, L_0x607dc5612780, L_0x607dc5613ec0, C4<0>, C4<0>;
L_0x607dc5614a40 .functor AND 1, L_0x607dc56144f0, L_0x607dc56149a0, C4<1>, C4<1>;
L_0x607dc5615010 .functor AND 1, L_0x607dc5614a40, L_0x607dc5614b50, C4<1>, C4<1>;
L_0x607dc56155e0 .functor AND 1, L_0x607dc5615010, L_0x607dc5615540, C4<1>, C4<1>;
L_0x607dc5614bf0 .functor AND 1, L_0x607dc56155e0, L_0x607dc56156f0, C4<1>, C4<1>;
L_0x607dc5614da0 .functor AND 1, L_0x607dc5614bf0, L_0x607dc5614d00, C4<1>, C4<1>;
L_0x607dc5614eb0 .functor OR 1, L_0x607dc5613fd0, L_0x607dc5614da0, C4<0>, C4<0>;
L_0x607dc5615260 .functor AND 1, L_0x607dc5615120, L_0x607dc56151c0, C4<1>, C4<1>;
L_0x607dc56153c0 .functor AND 1, L_0x607dc5615260, L_0x607dc5615320, C4<1>, C4<1>;
L_0x607dc56154d0 .functor AND 1, L_0x607dc56153c0, L_0x607dc5615790, C4<1>, C4<1>;
L_0x607dc5615dd0 .functor AND 1, L_0x607dc56154d0, L_0x607dc56158d0, C4<1>, C4<1>;
L_0x607dc5615f80 .functor AND 1, L_0x607dc5615dd0, L_0x607dc5615ee0, C4<1>, C4<1>;
L_0x607dc5616130 .functor AND 1, L_0x607dc5615f80, L_0x607dc5616090, C4<1>, C4<1>;
L_0x607dc5616240 .functor OR 1, L_0x607dc5614eb0, L_0x607dc5616130, C4<0>, C4<0>;
L_0x607dc5616490 .functor AND 1, L_0x607dc5616350, L_0x607dc56163f0, C4<1>, C4<1>;
L_0x607dc5615a10 .functor AND 1, L_0x607dc5616490, L_0x607dc5615970, C4<1>, C4<1>;
L_0x607dc5615bc0 .functor AND 1, L_0x607dc5615a10, L_0x607dc5615b20, C4<1>, C4<1>;
L_0x607dc5616a30 .functor AND 1, L_0x607dc5615bc0, L_0x607dc5615cd0, C4<1>, C4<1>;
L_0x607dc5616be0 .functor AND 1, L_0x607dc5616a30, L_0x607dc5616b40, C4<1>, C4<1>;
L_0x607dc5616640 .functor AND 1, L_0x607dc5616be0, L_0x607dc56165a0, C4<1>, C4<1>;
L_0x607dc56167f0 .functor AND 1, L_0x607dc5616640, L_0x607dc5616750, C4<1>, C4<1>;
L_0x607dc5616900 .functor OR 1, L_0x607dc5616240, L_0x607dc56167f0, C4<0>, C4<0>;
L_0x607dc56169c0 .functor AND 1, L_0x607dc5616cf0, L_0x607dc5616d90, C4<1>, C4<1>;
L_0x607dc5617430 .functor AND 1, L_0x607dc56169c0, L_0x607dc5617390, C4<1>, C4<1>;
L_0x607dc56175e0 .functor AND 1, L_0x607dc5617430, L_0x607dc5617540, C4<1>, C4<1>;
L_0x607dc5617790 .functor AND 1, L_0x607dc56175e0, L_0x607dc56176f0, C4<1>, C4<1>;
L_0x607dc5617940 .functor AND 1, L_0x607dc5617790, L_0x607dc56178a0, C4<1>, C4<1>;
L_0x607dc5616f70 .functor AND 1, L_0x607dc5617940, L_0x607dc5616ed0, C4<1>, C4<1>;
L_0x607dc5617120 .functor AND 1, L_0x607dc5616f70, L_0x607dc5617080, C4<1>, C4<1>;
L_0x7262366ce210 .functor BUFT 1, C4<0>, C4<0>, C4<0>, C4<0>;
L_0x607dc5617230 .functor AND 1, L_0x607dc5617120, L_0x7262366ce210, C4<1>, C4<1>;
L_0x607dc5617f40 .functor OR 1, L_0x607dc5616900, L_0x607dc5617230, C4<0>, C4<0>;
v0x607dc55e2700_0 .net "A", 7 0, v0x607dc55f5be0_0;  1 drivers
v0x607dc55e2800_0 .net "B", 7 0, v0x607dc55f5ca0_0;  1 drivers
v0x607dc55e28e0_0 .net "C", 8 0, L_0x607dc562aad0;  1 drivers
v0x607dc55e29a0_0 .net "G", 7 0, L_0x607dc55f6120;  1 drivers
v0x607dc55e2a80_0 .net "P", 7 0, L_0x607dc55f5ff0;  1 drivers
v0x607dc55e2bb0_0 .net "S", 31 0, L_0x607dc5619db0;  alias, 1 drivers
v0x607dc55e2c90_0 .net/2u *"_ivl_10", 0 0, L_0x7262366ce018;  1 drivers
v0x607dc55e2d70_0 .net *"_ivl_100", 0 0, L_0x607dc55f8aa0;  1 drivers
v0x607dc55e2e50_0 .net *"_ivl_102", 0 0, L_0x607dc55f8c70;  1 drivers
v0x607dc55e2f30_0 .net *"_ivl_105", 0 0, L_0x607dc55f8d80;  1 drivers
v0x607dc55e3010_0 .net *"_ivl_107", 0 0, L_0x607dc55f8e20;  1 drivers
v0x607dc55e30f0_0 .net *"_ivl_108", 0 0, L_0x607dc55f8f90;  1 drivers
v0x607dc55e31d0_0 .net *"_ivl_111", 0 0, L_0x607dc55f9170;  1 drivers
v0x607dc55e32b0_0 .net *"_ivl_112", 0 0, L_0x607dc55f9210;  1 drivers
v0x607dc55e3390_0 .net *"_ivl_115", 0 0, L_0x607dc55f9320;  1 drivers
v0x607dc55e3470_0 .net *"_ivl_116", 0 0, L_0x607dc55f94a0;  1 drivers
v0x607dc55e3550_0 .net *"_ivl_118", 0 0, L_0x607dc55f9690;  1 drivers
v0x607dc55e3630_0 .net *"_ivl_12", 0 0, L_0x607dc55f6390;  1 drivers
v0x607dc55e3710_0 .net *"_ivl_121", 0 0, L_0x607dc55f97a0;  1 drivers
v0x607dc55e37f0_0 .net *"_ivl_123", 0 0, L_0x607dc55f9840;  1 drivers
v0x607dc55e38d0_0 .net *"_ivl_124", 0 0, L_0x607dc55f99d0;  1 drivers
v0x607dc55e39b0_0 .net *"_ivl_127", 0 0, L_0x607dc55f9bd0;  1 drivers
v0x607dc55e3a90_0 .net *"_ivl_128", 0 0, L_0x607dc55f9c70;  1 drivers
v0x607dc55e3b70_0 .net *"_ivl_131", 0 0, L_0x607dc55f9d80;  1 drivers
v0x607dc55e3c50_0 .net *"_ivl_132", 0 0, L_0x607dc55f9f20;  1 drivers
v0x607dc55e3d30_0 .net/2u *"_ivl_134", 0 0, L_0x7262366ce0f0;  1 drivers
v0x607dc55e3e10_0 .net *"_ivl_136", 0 0, L_0x607dc55fa130;  1 drivers
v0x607dc55e3ef0_0 .net *"_ivl_138", 0 0, L_0x607dc55fa240;  1 drivers
v0x607dc55e3fd0_0 .net *"_ivl_14", 0 0, L_0x607dc55f64d0;  1 drivers
v0x607dc55e40b0_0 .net *"_ivl_143", 0 0, L_0x607dc55fa460;  1 drivers
v0x607dc55e4190_0 .net *"_ivl_145", 0 0, L_0x607dc55fa500;  1 drivers
v0x607dc55e4270_0 .net *"_ivl_147", 0 0, L_0x607dc55fa6b0;  1 drivers
v0x607dc55e4350_0 .net *"_ivl_148", 0 0, L_0x607dc55fa750;  1 drivers
v0x607dc55e4430_0 .net *"_ivl_150", 0 0, L_0x607dc55fa890;  1 drivers
v0x607dc55e4510_0 .net *"_ivl_153", 0 0, L_0x607dc55faac0;  1 drivers
v0x607dc55e45f0_0 .net *"_ivl_155", 0 0, L_0x607dc55fac80;  1 drivers
v0x607dc55e46d0_0 .net *"_ivl_156", 0 0, L_0x607dc55fad20;  1 drivers
v0x607dc55e47b0_0 .net *"_ivl_159", 0 0, L_0x607dc55fae30;  1 drivers
v0x607dc55e4890_0 .net *"_ivl_160", 0 0, L_0x607dc55fab60;  1 drivers
v0x607dc55e4970_0 .net *"_ivl_162", 0 0, L_0x607dc55fa9a0;  1 drivers
v0x607dc55e4a50_0 .net *"_ivl_165", 0 0, L_0x607dc55fb130;  1 drivers
v0x607dc55e4b30_0 .net *"_ivl_167", 0 0, L_0x607dc55fb1d0;  1 drivers
v0x607dc55e4c10_0 .net *"_ivl_168", 0 0, L_0x607dc55fb3b0;  1 drivers
v0x607dc55e4cf0_0 .net *"_ivl_171", 0 0, L_0x607dc55fb600;  1 drivers
v0x607dc55e4dd0_0 .net *"_ivl_172", 0 0, L_0x607dc55fb6a0;  1 drivers
v0x607dc55e4eb0_0 .net *"_ivl_175", 0 0, L_0x607dc55fb7b0;  1 drivers
v0x607dc55e4f90_0 .net *"_ivl_176", 0 0, L_0x607dc55fb9a0;  1 drivers
v0x607dc55e5070_0 .net *"_ivl_178", 0 0, L_0x607dc55fbc00;  1 drivers
v0x607dc55e5150_0 .net *"_ivl_181", 0 0, L_0x607dc55fbd10;  1 drivers
v0x607dc55e5230_0 .net *"_ivl_183", 0 0, L_0x607dc55fbdb0;  1 drivers
v0x607dc55e5310_0 .net *"_ivl_184", 0 0, L_0x607dc55fbfb0;  1 drivers
v0x607dc55e53f0_0 .net *"_ivl_187", 0 0, L_0x607dc55fc220;  1 drivers
v0x607dc55e54d0_0 .net *"_ivl_188", 0 0, L_0x607dc55fc2c0;  1 drivers
v0x607dc55e55b0_0 .net *"_ivl_19", 0 0, L_0x607dc55f6610;  1 drivers
v0x607dc55e5690_0 .net *"_ivl_191", 0 0, L_0x607dc55fc3d0;  1 drivers
v0x607dc55e5770_0 .net *"_ivl_192", 0 0, L_0x607dc55fc5e0;  1 drivers
v0x607dc55e5850_0 .net *"_ivl_195", 0 0, L_0x607dc55fc860;  1 drivers
v0x607dc55e5930_0 .net *"_ivl_196", 0 0, L_0x607dc55fcb10;  1 drivers
v0x607dc55e5a10_0 .net *"_ivl_198", 0 0, L_0x607dc55fcc20;  1 drivers
v0x607dc55e5af0_0 .net *"_ivl_201", 0 0, L_0x607dc55fceb0;  1 drivers
v0x607dc55e5bd0_0 .net *"_ivl_203", 0 0, L_0x607dc55fd0d0;  1 drivers
v0x607dc55e5cb0_0 .net *"_ivl_204", 0 0, L_0x607dc55fd170;  1 drivers
v0x607dc55e5d90_0 .net *"_ivl_207", 0 0, L_0x607dc55fd280;  1 drivers
v0x607dc55e5e70_0 .net *"_ivl_208", 0 0, L_0x607dc55fd4b0;  1 drivers
v0x607dc55e5f50_0 .net *"_ivl_21", 0 0, L_0x607dc55f66b0;  1 drivers
v0x607dc55e6440_0 .net *"_ivl_211", 0 0, L_0x607dc55fd750;  1 drivers
v0x607dc55e6520_0 .net *"_ivl_212", 0 0, L_0x607dc55fd7f0;  1 drivers
v0x607dc55e6600_0 .net *"_ivl_215", 0 0, L_0x607dc55fd900;  1 drivers
v0x607dc55e66e0_0 .net *"_ivl_216", 0 0, L_0x607dc55fdb40;  1 drivers
v0x607dc55e67c0_0 .net/2u *"_ivl_218", 0 0, L_0x7262366ce138;  1 drivers
v0x607dc55e68a0_0 .net *"_ivl_220", 0 0, L_0x607dc55fde40;  1 drivers
v0x607dc55e6980_0 .net *"_ivl_222", 0 0, L_0x607dc55fdf50;  1 drivers
v0x607dc55e6a60_0 .net *"_ivl_227", 0 0, L_0x607dc55fe210;  1 drivers
v0x607dc55e6b40_0 .net *"_ivl_229", 0 0, L_0x607dc55fe2b0;  1 drivers
v0x607dc55e6c20_0 .net *"_ivl_23", 0 0, L_0x607dc55f6780;  1 drivers
v0x607dc55e6d00_0 .net *"_ivl_231", 0 0, L_0x607dc55fe500;  1 drivers
v0x607dc55e6de0_0 .net *"_ivl_232", 0 0, L_0x607dc55fe5a0;  1 drivers
v0x607dc55e6ec0_0 .net *"_ivl_234", 0 0, L_0x607dc55fe6b0;  1 drivers
v0x607dc55e6fa0_0 .net *"_ivl_237", 0 0, L_0x607dc55fe980;  1 drivers
v0x607dc55e7080_0 .net *"_ivl_239", 0 0, L_0x607dc55febe0;  1 drivers
v0x607dc55e7160_0 .net *"_ivl_24", 0 0, L_0x607dc55f6820;  1 drivers
v0x607dc55e7240_0 .net *"_ivl_240", 0 0, L_0x607dc55fec80;  1 drivers
v0x607dc55e7320_0 .net *"_ivl_243", 0 0, L_0x607dc55fed90;  1 drivers
v0x607dc55e7400_0 .net *"_ivl_244", 0 0, L_0x607dc55ff000;  1 drivers
v0x607dc55e74e0_0 .net *"_ivl_246", 0 0, L_0x607dc55ff2e0;  1 drivers
v0x607dc55e75c0_0 .net *"_ivl_249", 0 0, L_0x607dc55ff3f0;  1 drivers
v0x607dc55e76a0_0 .net *"_ivl_251", 0 0, L_0x607dc55ff490;  1 drivers
v0x607dc55e7780_0 .net *"_ivl_252", 0 0, L_0x607dc55ff710;  1 drivers
v0x607dc55e7860_0 .net *"_ivl_255", 0 0, L_0x607dc55ffa00;  1 drivers
v0x607dc55e7940_0 .net *"_ivl_256", 0 0, L_0x607dc55ffaa0;  1 drivers
v0x607dc55e7a20_0 .net *"_ivl_259", 0 0, L_0x607dc55ffbb0;  1 drivers
v0x607dc55e7b00_0 .net *"_ivl_26", 0 0, L_0x607dc55f6910;  1 drivers
v0x607dc55e7be0_0 .net *"_ivl_260", 0 0, L_0x607dc55ffe40;  1 drivers
v0x607dc55e7cc0_0 .net *"_ivl_262", 0 0, L_0x607dc55f7a00;  1 drivers
v0x607dc55e7da0_0 .net *"_ivl_265", 0 0, L_0x607dc5600190;  1 drivers
v0x607dc55e7e80_0 .net *"_ivl_267", 0 0, L_0x607dc5600230;  1 drivers
v0x607dc55e7f60_0 .net *"_ivl_268", 0 0, L_0x607dc56004d0;  1 drivers
v0x607dc55e8040_0 .net *"_ivl_271", 0 0, L_0x607dc56007e0;  1 drivers
v0x607dc55e8120_0 .net *"_ivl_272", 0 0, L_0x607dc5600880;  1 drivers
v0x607dc55e8200_0 .net *"_ivl_275", 0 0, L_0x607dc5600990;  1 drivers
v0x607dc55e82e0_0 .net *"_ivl_276", 0 0, L_0x607dc5600c40;  1 drivers
v0x607dc55e83c0_0 .net *"_ivl_279", 0 0, L_0x607dc5600f60;  1 drivers
v0x607dc55e84a0_0 .net *"_ivl_280", 0 0, L_0x607dc5601000;  1 drivers
v0x607dc55e8580_0 .net *"_ivl_282", 0 0, L_0x607dc5601110;  1 drivers
v0x607dc55e8660_0 .net *"_ivl_285", 0 0, L_0x607dc5601440;  1 drivers
v0x607dc55e8740_0 .net *"_ivl_287", 0 0, L_0x607dc5601700;  1 drivers
v0x607dc55e8820_0 .net *"_ivl_288", 0 0, L_0x607dc56017a0;  1 drivers
v0x607dc55e8900_0 .net *"_ivl_29", 0 0, L_0x607dc55f6a60;  1 drivers
v0x607dc55e89e0_0 .net *"_ivl_291", 0 0, L_0x607dc56018b0;  1 drivers
v0x607dc55e8ac0_0 .net *"_ivl_292", 0 0, L_0x607dc5601b80;  1 drivers
v0x607dc55e8ba0_0 .net *"_ivl_295", 0 0, L_0x607dc5601ec0;  1 drivers
v0x607dc55e8c80_0 .net *"_ivl_296", 0 0, L_0x607dc5601f60;  1 drivers
v0x607dc55e8d60_0 .net *"_ivl_299", 0 0, L_0x607dc5602070;  1 drivers
v0x607dc55e8e40_0 .net *"_ivl_300", 0 0, L_0x607dc5602350;  1 drivers
v0x607dc55e8f20_0 .net *"_ivl_303", 0 0, L_0x607dc56026a0;  1 drivers
v0x607dc55e9000_0 .net *"_ivl_304", 0 0, L_0x607dc5602740;  1 drivers
v0x607dc55e90e0_0 .net *"_ivl_306", 0 0, L_0x607dc5602850;  1 drivers
v0x607dc55e91c0_0 .net *"_ivl_309", 0 0, L_0x607dc5602bb0;  1 drivers
v0x607dc55e92a0_0 .net *"_ivl_31", 0 0, L_0x607dc55f6bd0;  1 drivers
v0x607dc55e9380_0 .net *"_ivl_311", 0 0, L_0x607dc5602ea0;  1 drivers
v0x607dc55e9460_0 .net *"_ivl_312", 0 0, L_0x607dc5602f40;  1 drivers
v0x607dc55e9540_0 .net *"_ivl_315", 0 0, L_0x607dc5603050;  1 drivers
v0x607dc55e9620_0 .net *"_ivl_316", 0 0, L_0x607dc5603350;  1 drivers
v0x607dc55e9700_0 .net *"_ivl_319", 0 0, L_0x607dc56036c0;  1 drivers
v0x607dc55e97e0_0 .net *"_ivl_32", 0 0, L_0x607dc55f6c70;  1 drivers
v0x607dc55e98c0_0 .net *"_ivl_320", 0 0, L_0x607dc5603760;  1 drivers
v0x607dc55e99a0_0 .net *"_ivl_323", 0 0, L_0x607dc5603870;  1 drivers
v0x607dc55e9a80_0 .net *"_ivl_324", 0 0, L_0x607dc5603b80;  1 drivers
v0x607dc55e9b60_0 .net *"_ivl_327", 0 0, L_0x607dc5603f00;  1 drivers
v0x607dc55ea450_0 .net *"_ivl_328", 0 0, L_0x607dc5603fa0;  1 drivers
v0x607dc55ea530_0 .net/2u *"_ivl_330", 0 0, L_0x7262366ce180;  1 drivers
v0x607dc55ea610_0 .net *"_ivl_332", 0 0, L_0x607dc56040b0;  1 drivers
v0x607dc55ea6f0_0 .net *"_ivl_334", 0 0, L_0x607dc5604440;  1 drivers
v0x607dc55ea7d0_0 .net *"_ivl_339", 0 0, L_0x607dc5604550;  1 drivers
v0x607dc55ea8b0_0 .net/2u *"_ivl_34", 0 0, L_0x7262366ce060;  1 drivers
v0x607dc55ea990_0 .net *"_ivl_341", 0 0, L_0x607dc5604870;  1 drivers
v0x607dc55eaa70_0 .net *"_ivl_343", 0 0, L_0x607dc5604910;  1 drivers
v0x607dc55eab50_0 .net *"_ivl_344", 0 0, L_0x607dc5604c40;  1 drivers
v0x607dc55eac30_0 .net *"_ivl_346", 0 0, L_0x607dc5604fe0;  1 drivers
v0x607dc55ead10_0 .net *"_ivl_349", 0 0, L_0x607dc56050f0;  1 drivers
v0x607dc55eadf0_0 .net *"_ivl_351", 0 0, L_0x607dc5605190;  1 drivers
v0x607dc55eaed0_0 .net *"_ivl_352", 0 0, L_0x607dc56054d0;  1 drivers
v0x607dc55eafb0_0 .net *"_ivl_355", 0 0, L_0x607dc5605880;  1 drivers
v0x607dc55eb090_0 .net *"_ivl_356", 0 0, L_0x607dc5605920;  1 drivers
v0x607dc55eb170_0 .net *"_ivl_358", 0 0, L_0x607dc5605a30;  1 drivers
v0x607dc55eb250_0 .net *"_ivl_36", 0 0, L_0x607dc55f6d30;  1 drivers
v0x607dc55eb330_0 .net *"_ivl_361", 0 0, L_0x607dc5605df0;  1 drivers
v0x607dc55eb410_0 .net *"_ivl_363", 0 0, L_0x607dc5606140;  1 drivers
v0x607dc55eb4f0_0 .net *"_ivl_364", 0 0, L_0x607dc56061e0;  1 drivers
v0x607dc55eb5d0_0 .net *"_ivl_367", 0 0, L_0x607dc56062f0;  1 drivers
v0x607dc55eb6b0_0 .net *"_ivl_368", 0 0, L_0x607dc5606650;  1 drivers
v0x607dc55eb790_0 .net *"_ivl_371", 0 0, L_0x607dc5606a20;  1 drivers
v0x607dc55eb870_0 .net *"_ivl_372", 0 0, L_0x607dc5606ac0;  1 drivers
v0x607dc55eb950_0 .net *"_ivl_374", 0 0, L_0x607dc5606bd0;  1 drivers
v0x607dc55eba30_0 .net *"_ivl_377", 0 0, L_0x607dc5606fb0;  1 drivers
v0x607dc55ebb10_0 .net *"_ivl_379", 0 0, L_0x607dc5607b30;  1 drivers
v0x607dc55ebbf0_0 .net *"_ivl_38", 0 0, L_0x607dc55f6e90;  1 drivers
v0x607dc55ebcd0_0 .net *"_ivl_380", 0 0, L_0x607dc5607bd0;  1 drivers
v0x607dc55ebdb0_0 .net *"_ivl_383", 0 0, L_0x607dc5607ce0;  1 drivers
v0x607dc55ebe90_0 .net *"_ivl_384", 0 0, L_0x607dc5608060;  1 drivers
v0x607dc55ebf70_0 .net *"_ivl_387", 0 0, L_0x607dc5608450;  1 drivers
v0x607dc55ec050_0 .net *"_ivl_388", 0 0, L_0x607dc56084f0;  1 drivers
v0x607dc55ec130_0 .net *"_ivl_391", 0 0, L_0x607dc5608600;  1 drivers
v0x607dc55ec210_0 .net *"_ivl_392", 0 0, L_0x607dc5608990;  1 drivers
v0x607dc55ec2f0_0 .net *"_ivl_394", 0 0, L_0x607dc5608d90;  1 drivers
v0x607dc55ec3d0_0 .net *"_ivl_397", 0 0, L_0x607dc5608ea0;  1 drivers
v0x607dc55ec4b0_0 .net *"_ivl_399", 0 0, L_0x607dc5608f40;  1 drivers
v0x607dc55ec590_0 .net *"_ivl_400", 0 0, L_0x607dc56092e0;  1 drivers
v0x607dc55ec670_0 .net *"_ivl_403", 0 0, L_0x607dc56096f0;  1 drivers
v0x607dc55ec750_0 .net *"_ivl_404", 0 0, L_0x607dc5609790;  1 drivers
v0x607dc55ec830_0 .net *"_ivl_407", 0 0, L_0x607dc56098a0;  1 drivers
v0x607dc55ec910_0 .net *"_ivl_408", 0 0, L_0x607dc5609c50;  1 drivers
v0x607dc55ec9f0_0 .net *"_ivl_411", 0 0, L_0x607dc560a070;  1 drivers
v0x607dc55ecad0_0 .net *"_ivl_412", 0 0, L_0x607dc560a110;  1 drivers
v0x607dc55ecbb0_0 .net *"_ivl_415", 0 0, L_0x607dc560a220;  1 drivers
v0x607dc55ecc90_0 .net *"_ivl_416", 0 0, L_0x607dc560a5e0;  1 drivers
v0x607dc55ecd70_0 .net *"_ivl_418", 0 0, L_0x607dc560aa10;  1 drivers
v0x607dc55ece50_0 .net *"_ivl_421", 0 0, L_0x607dc560ab20;  1 drivers
v0x607dc55ecf30_0 .net *"_ivl_423", 0 0, L_0x607dc560abc0;  1 drivers
v0x607dc55ed010_0 .net *"_ivl_424", 0 0, L_0x607dc560af90;  1 drivers
v0x607dc55ed0f0_0 .net *"_ivl_427", 0 0, L_0x607dc560b3d0;  1 drivers
v0x607dc55ed1d0_0 .net *"_ivl_428", 0 0, L_0x607dc560b470;  1 drivers
v0x607dc55ed2b0_0 .net *"_ivl_43", 0 0, L_0x607dc55f6fa0;  1 drivers
v0x607dc55ed390_0 .net *"_ivl_431", 0 0, L_0x607dc560b580;  1 drivers
v0x607dc55ed470_0 .net *"_ivl_432", 0 0, L_0x607dc560b960;  1 drivers
v0x607dc55ed550_0 .net *"_ivl_435", 0 0, L_0x607dc560bdb0;  1 drivers
v0x607dc55ed630_0 .net *"_ivl_436", 0 0, L_0x607dc560be50;  1 drivers
v0x607dc55ed710_0 .net *"_ivl_439", 0 0, L_0x607dc560bf60;  1 drivers
v0x607dc55ed7f0_0 .net *"_ivl_440", 0 0, L_0x607dc560c350;  1 drivers
v0x607dc55ed8d0_0 .net *"_ivl_443", 0 0, L_0x607dc560c7b0;  1 drivers
v0x607dc55ed9b0_0 .net *"_ivl_444", 0 0, L_0x607dc560c850;  1 drivers
v0x607dc55eda90_0 .net *"_ivl_446", 0 0, L_0x607dc560c960;  1 drivers
v0x607dc55edb70_0 .net *"_ivl_449", 0 0, L_0x607dc560cdd0;  1 drivers
v0x607dc55edc50_0 .net *"_ivl_45", 0 0, L_0x607dc55f7090;  1 drivers
v0x607dc55edd30_0 .net *"_ivl_451", 0 0, L_0x607dc560d1d0;  1 drivers
v0x607dc55ede10_0 .net *"_ivl_452", 0 0, L_0x607dc560d270;  1 drivers
v0x607dc55edef0_0 .net *"_ivl_455", 0 0, L_0x607dc560d380;  1 drivers
v0x607dc55edfd0_0 .net *"_ivl_456", 0 0, L_0x607dc560d790;  1 drivers
v0x607dc55ee0b0_0 .net *"_ivl_459", 0 0, L_0x607dc560dc10;  1 drivers
v0x607dc55ee190_0 .net *"_ivl_460", 0 0, L_0x607dc560dcb0;  1 drivers
v0x607dc55ee270_0 .net *"_ivl_463", 0 0, L_0x607dc560ddc0;  1 drivers
v0x607dc55ee350_0 .net *"_ivl_464", 0 0, L_0x607dc560e1e0;  1 drivers
v0x607dc55ee430_0 .net *"_ivl_467", 0 0, L_0x607dc560e670;  1 drivers
v0x607dc55ee510_0 .net *"_ivl_468", 0 0, L_0x607dc560e710;  1 drivers
v0x607dc55ee5f0_0 .net *"_ivl_47", 0 0, L_0x607dc55f7130;  1 drivers
v0x607dc55ee6d0_0 .net *"_ivl_471", 0 0, L_0x607dc560e820;  1 drivers
v0x607dc55ee7b0_0 .net *"_ivl_472", 0 0, L_0x607dc560ec50;  1 drivers
v0x607dc55ee890_0 .net/2u *"_ivl_474", 0 0, L_0x7262366ce1c8;  1 drivers
v0x607dc55ee970_0 .net *"_ivl_476", 0 0, L_0x607dc560f0f0;  1 drivers
v0x607dc55eea50_0 .net *"_ivl_478", 0 0, L_0x607dc560f200;  1 drivers
v0x607dc55eeb30_0 .net *"_ivl_48", 0 0, L_0x607dc55f7230;  1 drivers
v0x607dc55eec10_0 .net *"_ivl_483", 0 0, L_0x607dc560f6b0;  1 drivers
v0x607dc55eecf0_0 .net *"_ivl_485", 0 0, L_0x607dc560f750;  1 drivers
v0x607dc55eedd0_0 .net *"_ivl_487", 0 0, L_0x607dc560fb90;  1 drivers
v0x607dc55eeeb0_0 .net *"_ivl_488", 0 0, L_0x607dc560fc30;  1 drivers
v0x607dc55eef90_0 .net *"_ivl_490", 0 0, L_0x607dc560fd40;  1 drivers
v0x607dc55ef070_0 .net *"_ivl_493", 0 0, L_0x607dc5610200;  1 drivers
v0x607dc55ef150_0 .net *"_ivl_495", 0 0, L_0x607dc5610650;  1 drivers
v0x607dc55ef230_0 .net *"_ivl_496", 0 0, L_0x607dc56106f0;  1 drivers
v0x607dc55ef310_0 .net *"_ivl_499", 0 0, L_0x607dc5610830;  1 drivers
v0x607dc55ef3f0_0 .net *"_ivl_50", 0 0, L_0x607dc55f7350;  1 drivers
v0x607dc55ef4d0_0 .net *"_ivl_500", 0 0, L_0x607dc5610c90;  1 drivers
v0x607dc55ef5b0_0 .net *"_ivl_502", 0 0, L_0x607dc5611160;  1 drivers
v0x607dc55ef690_0 .net *"_ivl_505", 0 0, L_0x607dc5611270;  1 drivers
v0x607dc55ef770_0 .net *"_ivl_507", 0 0, L_0x607dc5611310;  1 drivers
v0x607dc55ef850_0 .net *"_ivl_508", 0 0, L_0x607dc5611780;  1 drivers
v0x607dc55ef930_0 .net *"_ivl_511", 0 0, L_0x607dc5611c60;  1 drivers
v0x607dc55efa10_0 .net *"_ivl_512", 0 0, L_0x607dc5611d00;  1 drivers
v0x607dc55efaf0_0 .net *"_ivl_515", 0 0, L_0x607dc5611e10;  1 drivers
v0x607dc55efbd0_0 .net *"_ivl_516", 0 0, L_0x607dc5612290;  1 drivers
v0x607dc55efcb0_0 .net *"_ivl_518", 0 0, L_0x607dc5612780;  1 drivers
v0x607dc55efd90_0 .net *"_ivl_521", 0 0, L_0x607dc5612890;  1 drivers
v0x607dc55efe70_0 .net *"_ivl_523", 0 0, L_0x607dc5612930;  1 drivers
v0x607dc55eff50_0 .net *"_ivl_524", 0 0, L_0x607dc5612dc0;  1 drivers
v0x607dc55f0030_0 .net *"_ivl_527", 0 0, L_0x607dc56132c0;  1 drivers
v0x607dc55f0110_0 .net *"_ivl_528", 0 0, L_0x607dc5613360;  1 drivers
v0x607dc55f01f0_0 .net *"_ivl_53", 0 0, L_0x607dc55f7410;  1 drivers
v0x607dc55f02d0_0 .net *"_ivl_531", 0 0, L_0x607dc5613470;  1 drivers
v0x607dc55f03b0_0 .net *"_ivl_532", 0 0, L_0x607dc5613910;  1 drivers
v0x607dc55f0490_0 .net *"_ivl_535", 0 0, L_0x607dc5613e20;  1 drivers
v0x607dc55f0570_0 .net *"_ivl_536", 0 0, L_0x607dc5613ec0;  1 drivers
v0x607dc55f0650_0 .net *"_ivl_538", 0 0, L_0x607dc5613fd0;  1 drivers
v0x607dc55f0730_0 .net *"_ivl_541", 0 0, L_0x607dc56144f0;  1 drivers
v0x607dc55f0810_0 .net *"_ivl_543", 0 0, L_0x607dc56149a0;  1 drivers
v0x607dc55f08f0_0 .net *"_ivl_544", 0 0, L_0x607dc5614a40;  1 drivers
v0x607dc55f09d0_0 .net *"_ivl_547", 0 0, L_0x607dc5614b50;  1 drivers
v0x607dc55f0ab0_0 .net *"_ivl_548", 0 0, L_0x607dc5615010;  1 drivers
v0x607dc55f0b90_0 .net *"_ivl_55", 0 0, L_0x607dc55f74b0;  1 drivers
v0x607dc55f0c70_0 .net *"_ivl_551", 0 0, L_0x607dc5615540;  1 drivers
v0x607dc55f0d50_0 .net *"_ivl_552", 0 0, L_0x607dc56155e0;  1 drivers
v0x607dc55f0e30_0 .net *"_ivl_555", 0 0, L_0x607dc56156f0;  1 drivers
v0x607dc55f0f10_0 .net *"_ivl_556", 0 0, L_0x607dc5614bf0;  1 drivers
v0x607dc55f0ff0_0 .net *"_ivl_559", 0 0, L_0x607dc5614d00;  1 drivers
v0x607dc55f10d0_0 .net *"_ivl_56", 0 0, L_0x607dc55f75c0;  1 drivers
v0x607dc55f11b0_0 .net *"_ivl_560", 0 0, L_0x607dc5614da0;  1 drivers
v0x607dc55f1290_0 .net *"_ivl_562", 0 0, L_0x607dc5614eb0;  1 drivers
v0x607dc55f1370_0 .net *"_ivl_565", 0 0, L_0x607dc5615120;  1 drivers
v0x607dc55e9c40_0 .net *"_ivl_567", 0 0, L_0x607dc56151c0;  1 drivers
v0x607dc55e9d20_0 .net *"_ivl_568", 0 0, L_0x607dc5615260;  1 drivers
v0x607dc55e9e00_0 .net *"_ivl_571", 0 0, L_0x607dc5615320;  1 drivers
v0x607dc55e9ee0_0 .net *"_ivl_572", 0 0, L_0x607dc56153c0;  1 drivers
v0x607dc55e9fc0_0 .net *"_ivl_575", 0 0, L_0x607dc5615790;  1 drivers
v0x607dc55ea0a0_0 .net *"_ivl_576", 0 0, L_0x607dc56154d0;  1 drivers
v0x607dc55ea180_0 .net *"_ivl_579", 0 0, L_0x607dc56158d0;  1 drivers
v0x607dc55ea260_0 .net *"_ivl_580", 0 0, L_0x607dc5615dd0;  1 drivers
v0x607dc55ea340_0 .net *"_ivl_583", 0 0, L_0x607dc5615ee0;  1 drivers
v0x607dc55f2440_0 .net *"_ivl_584", 0 0, L_0x607dc5615f80;  1 drivers
v0x607dc55f2520_0 .net *"_ivl_587", 0 0, L_0x607dc5616090;  1 drivers
v0x607dc55f2600_0 .net *"_ivl_588", 0 0, L_0x607dc5616130;  1 drivers
v0x607dc55f26e0_0 .net *"_ivl_59", 0 0, L_0x607dc55f7740;  1 drivers
v0x607dc55f27c0_0 .net *"_ivl_590", 0 0, L_0x607dc5616240;  1 drivers
v0x607dc55f28a0_0 .net *"_ivl_593", 0 0, L_0x607dc5616350;  1 drivers
v0x607dc55f2980_0 .net *"_ivl_595", 0 0, L_0x607dc56163f0;  1 drivers
v0x607dc55f2a60_0 .net *"_ivl_596", 0 0, L_0x607dc5616490;  1 drivers
v0x607dc55f2b40_0 .net *"_ivl_599", 0 0, L_0x607dc5615970;  1 drivers
v0x607dc55f2c20_0 .net *"_ivl_60", 0 0, L_0x607dc55f77e0;  1 drivers
v0x607dc55f2d00_0 .net *"_ivl_600", 0 0, L_0x607dc5615a10;  1 drivers
v0x607dc55f2de0_0 .net *"_ivl_603", 0 0, L_0x607dc5615b20;  1 drivers
v0x607dc55f2ec0_0 .net *"_ivl_604", 0 0, L_0x607dc5615bc0;  1 drivers
v0x607dc55f2fa0_0 .net *"_ivl_607", 0 0, L_0x607dc5615cd0;  1 drivers
v0x607dc55f3080_0 .net *"_ivl_608", 0 0, L_0x607dc5616a30;  1 drivers
v0x607dc55f3160_0 .net *"_ivl_611", 0 0, L_0x607dc5616b40;  1 drivers
v0x607dc55f3240_0 .net *"_ivl_612", 0 0, L_0x607dc5616be0;  1 drivers
v0x607dc55f3320_0 .net *"_ivl_615", 0 0, L_0x607dc56165a0;  1 drivers
v0x607dc55f3400_0 .net *"_ivl_616", 0 0, L_0x607dc5616640;  1 drivers
v0x607dc55f34e0_0 .net *"_ivl_619", 0 0, L_0x607dc5616750;  1 drivers
v0x607dc55f35c0_0 .net *"_ivl_62", 0 0, L_0x607dc55f78f0;  1 drivers
v0x607dc55f36a0_0 .net *"_ivl_620", 0 0, L_0x607dc56167f0;  1 drivers
v0x607dc55f3780_0 .net *"_ivl_622", 0 0, L_0x607dc5616900;  1 drivers
v0x607dc55f3860_0 .net *"_ivl_625", 0 0, L_0x607dc5616cf0;  1 drivers
v0x607dc55f3940_0 .net *"_ivl_627", 0 0, L_0x607dc5616d90;  1 drivers
v0x607dc55f3a20_0 .net *"_ivl_628", 0 0, L_0x607dc56169c0;  1 drivers
v0x607dc55f3b00_0 .net *"_ivl_631", 0 0, L_0x607dc5617390;  1 drivers
v0x607dc55f3be0_0 .net *"_ivl_632", 0 0, L_0x607dc5617430;  1 drivers
v0x607dc55f3cc0_0 .net *"_ivl_635", 0 0, L_0x607dc5617540;  1 drivers
v0x607dc55f3da0_0 .net *"_ivl_636", 0 0, L_0x607dc56175e0;  1 drivers
v0x607dc55f3e80_0 .net *"_ivl_639", 0 0, L_0x607dc56176f0;  1 drivers
v0x607dc55f3f60_0 .net *"_ivl_640", 0 0, L_0x607dc5617790;  1 drivers
v0x607dc55f4040_0 .net *"_ivl_643", 0 0, L_0x607dc56178a0;  1 drivers
v0x607dc55f4120_0 .net *"_ivl_644", 0 0, L_0x607dc5617940;  1 drivers
v0x607dc55f4200_0 .net *"_ivl_647", 0 0, L_0x607dc5616ed0;  1 drivers
v0x607dc55f42e0_0 .net *"_ivl_648", 0 0, L_0x607dc5616f70;  1 drivers
v0x607dc55f43c0_0 .net *"_ivl_65", 0 0, L_0x607dc55f7a80;  1 drivers
v0x607dc55f44a0_0 .net *"_ivl_651", 0 0, L_0x607dc5617080;  1 drivers
v0x607dc55f4580_0 .net *"_ivl_652", 0 0, L_0x607dc5617120;  1 drivers
v0x607dc55f4660_0 .net/2u *"_ivl_654", 0 0, L_0x7262366ce210;  1 drivers
v0x607dc55f4740_0 .net *"_ivl_656", 0 0, L_0x607dc5617230;  1 drivers
v0x607dc55f4820_0 .net *"_ivl_658", 0 0, L_0x607dc5617f40;  1 drivers
v0x607dc55f4900_0 .net *"_ivl_67", 0 0, L_0x607dc55f7ba0;  1 drivers
v0x607dc55f49e0_0 .net *"_ivl_68", 0 0, L_0x607dc55f7550;  1 drivers
v0x607dc55f4ac0_0 .net *"_ivl_7", 0 0, L_0x607dc55f61b0;  1 drivers
v0x607dc55f4ba0_0 .net *"_ivl_71", 0 0, L_0x607dc55f7ce0;  1 drivers
v0x607dc55f4c80_0 .net *"_ivl_72", 0 0, L_0x607dc55f76d0;  1 drivers
v0x607dc55f4d60_0 .net *"_ivl_727", 0 0, L_0x607dc5619d10;  1 drivers
L_0x7262366ce2a0 .functor BUFT 1, C4<00000000000000000000000>, C4<0>, C4<0>, C4<0>;
v0x607dc55f4e40_0 .net/2u *"_ivl_731", 22 0, L_0x7262366ce2a0;  1 drivers
o0x726236aa68a8 .functor BUFZ 1, C4<z>; HiZ drive
; Elide local net with no drivers, v0x607dc55f4f20_0 name=_ivl_735
v0x607dc55f5000_0 .net/2u *"_ivl_74", 0 0, L_0x7262366ce0a8;  1 drivers
v0x607dc55f50e0_0 .net *"_ivl_76", 0 0, L_0x607dc55f7f40;  1 drivers
v0x607dc55f51c0_0 .net *"_ivl_78", 0 0, L_0x607dc55f8050;  1 drivers
v0x607dc55f52a0_0 .net *"_ivl_83", 0 0, L_0x607dc55f8200;  1 drivers
v0x607dc55f5380_0 .net *"_ivl_85", 0 0, L_0x607dc55f82a0;  1 drivers
v0x607dc55f5460_0 .net *"_ivl_87", 0 0, L_0x607dc55f83e0;  1 drivers
v0x607dc55f5540_0 .net *"_ivl_88", 0 0, L_0x607dc55f8480;  1 drivers
v0x607dc55f5620_0 .net *"_ivl_9", 0 0, L_0x607dc55f62a0;  1 drivers
v0x607dc55f5700_0 .net *"_ivl_90", 0 0, L_0x607dc55f85c0;  1 drivers
v0x607dc55f57e0_0 .net *"_ivl_93", 0 0, L_0x607dc55f8160;  1 drivers
v0x607dc55f58c0_0 .net *"_ivl_95", 0 0, L_0x607dc55f8340;  1 drivers
v0x607dc55f59a0_0 .net *"_ivl_96", 0 0, L_0x607dc55f8830;  1 drivers
v0x607dc55f5a80_0 .net *"_ivl_99", 0 0, L_0x607dc55f8940;  1 drivers
L_0x607dc55f61b0 .part L_0x607dc55f6120, 0, 1;
L_0x607dc55f62a0 .part L_0x607dc55f5ff0, 0, 1;
L_0x607dc55f6610 .part L_0x607dc55f6120, 1, 1;
L_0x607dc55f66b0 .part L_0x607dc55f5ff0, 1, 1;
L_0x607dc55f6780 .part L_0x607dc55f6120, 0, 1;
L_0x607dc55f6a60 .part L_0x607dc55f5ff0, 1, 1;
L_0x607dc55f6bd0 .part L_0x607dc55f5ff0, 0, 1;
L_0x607dc55f6fa0 .part L_0x607dc55f6120, 2, 1;
L_0x607dc55f7090 .part L_0x607dc55f5ff0, 2, 1;
L_0x607dc55f7130 .part L_0x607dc55f6120, 1, 1;
L_0x607dc55f7410 .part L_0x607dc55f5ff0, 2, 1;
L_0x607dc55f74b0 .part L_0x607dc55f5ff0, 1, 1;
L_0x607dc55f7740 .part L_0x607dc55f6120, 0, 1;
L_0x607dc55f7a80 .part L_0x607dc55f5ff0, 2, 1;
L_0x607dc55f7ba0 .part L_0x607dc55f5ff0, 1, 1;
L_0x607dc55f7ce0 .part L_0x607dc55f5ff0, 0, 1;
L_0x607dc55f8200 .part L_0x607dc55f6120, 3, 1;
L_0x607dc55f82a0 .part L_0x607dc55f5ff0, 3, 1;
L_0x607dc55f83e0 .part L_0x607dc55f6120, 2, 1;
L_0x607dc55f8160 .part L_0x607dc55f5ff0, 3, 1;
L_0x607dc55f8340 .part L_0x607dc55f5ff0, 2, 1;
L_0x607dc55f8940 .part L_0x607dc55f6120, 1, 1;
L_0x607dc55f8d80 .part L_0x607dc55f5ff0, 3, 1;
L_0x607dc55f8e20 .part L_0x607dc55f5ff0, 2, 1;
L_0x607dc55f9170 .part L_0x607dc55f5ff0, 1, 1;
L_0x607dc55f9320 .part L_0x607dc55f6120, 0, 1;
L_0x607dc55f97a0 .part L_0x607dc55f5ff0, 3, 1;
L_0x607dc55f9840 .part L_0x607dc55f5ff0, 2, 1;
L_0x607dc55f9bd0 .part L_0x607dc55f5ff0, 1, 1;
L_0x607dc55f9d80 .part L_0x607dc55f5ff0, 0, 1;
L_0x607dc55fa460 .part L_0x607dc55f6120, 4, 1;
L_0x607dc55fa500 .part L_0x607dc55f5ff0, 4, 1;
L_0x607dc55fa6b0 .part L_0x607dc55f6120, 3, 1;
L_0x607dc55faac0 .part L_0x607dc55f5ff0, 4, 1;
L_0x607dc55fac80 .part L_0x607dc55f5ff0, 3, 1;
L_0x607dc55fae30 .part L_0x607dc55f6120, 2, 1;
L_0x607dc55fb130 .part L_0x607dc55f5ff0, 4, 1;
L_0x607dc55fb1d0 .part L_0x607dc55f5ff0, 3, 1;
L_0x607dc55fb600 .part L_0x607dc55f5ff0, 2, 1;
L_0x607dc55fb7b0 .part L_0x607dc55f6120, 1, 1;
L_0x607dc55fbd10 .part L_0x607dc55f5ff0, 4, 1;
L_0x607dc55fbdb0 .part L_0x607dc55f5ff0, 3, 1;
L_0x607dc55fc220 .part L_0x607dc55f5ff0, 2, 1;
L_0x607dc55fc3d0 .part L_0x607dc55f5ff0, 1, 1;
L_0x607dc55fc860 .part L_0x607dc55f6120, 0, 1;
L_0x607dc55fceb0 .part L_0x607dc55f5ff0, 4, 1;
L_0x607dc55fd0d0 .part L_0x607dc55f5ff0, 3, 1;
L_0x607dc55fd280 .part L_0x607dc55f5ff0, 2, 1;
L_0x607dc55fd750 .part L_0x607dc55f5ff0, 1, 1;
L_0x607dc55fd900 .part L_0x607dc55f5ff0, 0, 1;
L_0x607dc55fe210 .part L_0x607dc55f6120, 5, 1;
L_0x607dc55fe2b0 .part L_0x607dc55f5ff0, 5, 1;
L_0x607dc55fe500 .part L_0x607dc55f6120, 4, 1;
L_0x607dc55fe980 .part L_0x607dc55f5ff0, 5, 1;
L_0x607dc55febe0 .part L_0x607dc55f5ff0, 4, 1;
L_0x607dc55fed90 .part L_0x607dc55f6120, 3, 1;
L_0x607dc55ff3f0 .part L_0x607dc55f5ff0, 5, 1;
L_0x607dc55ff490 .part L_0x607dc55f5ff0, 4, 1;
L_0x607dc55ffa00 .part L_0x607dc55f5ff0, 3, 1;
L_0x607dc55ffbb0 .part L_0x607dc55f6120, 2, 1;
L_0x607dc5600190 .part L_0x607dc55f5ff0, 5, 1;
L_0x607dc5600230 .part L_0x607dc55f5ff0, 4, 1;
L_0x607dc56007e0 .part L_0x607dc55f5ff0, 3, 1;
L_0x607dc5600990 .part L_0x607dc55f5ff0, 2, 1;
L_0x607dc5600f60 .part L_0x607dc55f6120, 1, 1;
L_0x607dc5601440 .part L_0x607dc55f5ff0, 5, 1;
L_0x607dc5601700 .part L_0x607dc55f5ff0, 4, 1;
L_0x607dc56018b0 .part L_0x607dc55f5ff0, 3, 1;
L_0x607dc5601ec0 .part L_0x607dc55f5ff0, 2, 1;
L_0x607dc5602070 .part L_0x607dc55f5ff0, 1, 1;
L_0x607dc56026a0 .part L_0x607dc55f6120, 0, 1;
L_0x607dc5602bb0 .part L_0x607dc55f5ff0, 5, 1;
L_0x607dc5602ea0 .part L_0x607dc55f5ff0, 4, 1;
L_0x607dc5603050 .part L_0x607dc55f5ff0, 3, 1;
L_0x607dc56036c0 .part L_0x607dc55f5ff0, 2, 1;
L_0x607dc5603870 .part L_0x607dc55f5ff0, 1, 1;
L_0x607dc5603f00 .part L_0x607dc55f5ff0, 0, 1;
L_0x607dc5604550 .part L_0x607dc55f6120, 6, 1;
L_0x607dc5604870 .part L_0x607dc55f5ff0, 6, 1;
L_0x607dc5604910 .part L_0x607dc55f6120, 5, 1;
L_0x607dc56050f0 .part L_0x607dc55f5ff0, 6, 1;
L_0x607dc5605190 .part L_0x607dc55f5ff0, 5, 1;
L_0x607dc5605880 .part L_0x607dc55f6120, 4, 1;
L_0x607dc5605df0 .part L_0x607dc55f5ff0, 6, 1;
L_0x607dc5606140 .part L_0x607dc55f5ff0, 5, 1;
L_0x607dc56062f0 .part L_0x607dc55f5ff0, 4, 1;
L_0x607dc5606a20 .part L_0x607dc55f6120, 3, 1;
L_0x607dc5606fb0 .part L_0x607dc55f5ff0, 6, 1;
L_0x607dc5607b30 .part L_0x607dc55f5ff0, 5, 1;
L_0x607dc5607ce0 .part L_0x607dc55f5ff0, 4, 1;
L_0x607dc5608450 .part L_0x607dc55f5ff0, 3, 1;
L_0x607dc5608600 .part L_0x607dc55f6120, 2, 1;
L_0x607dc5608ea0 .part L_0x607dc55f5ff0, 6, 1;
L_0x607dc5608f40 .part L_0x607dc55f5ff0, 5, 1;
L_0x607dc56096f0 .part L_0x607dc55f5ff0, 4, 1;
L_0x607dc56098a0 .part L_0x607dc55f5ff0, 3, 1;
L_0x607dc560a070 .part L_0x607dc55f5ff0, 2, 1;
L_0x607dc560a220 .part L_0x607dc55f6120, 1, 1;
L_0x607dc560ab20 .part L_0x607dc55f5ff0, 6, 1;
L_0x607dc560abc0 .part L_0x607dc55f5ff0, 5, 1;
L_0x607dc560b3d0 .part L_0x607dc55f5ff0, 4, 1;
L_0x607dc560b580 .part L_0x607dc55f5ff0, 3, 1;
L_0x607dc560bdb0 .part L_0x607dc55f5ff0, 2, 1;
L_0x607dc560bf60 .part L_0x607dc55f5ff0, 1, 1;
L_0x607dc560c7b0 .part L_0x607dc55f6120, 0, 1;
L_0x607dc560cdd0 .part L_0x607dc55f5ff0, 6, 1;
L_0x607dc560d1d0 .part L_0x607dc55f5ff0, 5, 1;
L_0x607dc560d380 .part L_0x607dc55f5ff0, 4, 1;
L_0x607dc560dc10 .part L_0x607dc55f5ff0, 3, 1;
L_0x607dc560ddc0 .part L_0x607dc55f5ff0, 2, 1;
L_0x607dc560e670 .part L_0x607dc55f5ff0, 1, 1;
L_0x607dc560e820 .part L_0x607dc55f5ff0, 0, 1;
L_0x607dc560f6b0 .part L_0x607dc55f6120, 7, 1;
L_0x607dc560f750 .part L_0x607dc55f5ff0, 7, 1;
L_0x607dc560fb90 .part L_0x607dc55f6120, 6, 1;
L_0x607dc5610200 .part L_0x607dc55f5ff0, 7, 1;
L_0x607dc5610650 .part L_0x607dc55f5ff0, 6, 1;
L_0x607dc5610830 .part L_0x607dc55f6120, 5, 1;
L_0x607dc5611270 .part L_0x607dc55f5ff0, 7, 1;
L_0x607dc5611310 .part L_0x607dc55f5ff0, 6, 1;
L_0x607dc5611c60 .part L_0x607dc55f5ff0, 5, 1;
L_0x607dc5611e10 .part L_0x607dc55f6120, 4, 1;
L_0x607dc5612890 .part L_0x607dc55f5ff0, 7, 1;
L_0x607dc5612930 .part L_0x607dc55f5ff0, 6, 1;
L_0x607dc56132c0 .part L_0x607dc55f5ff0, 5, 1;
L_0x607dc5613470 .part L_0x607dc55f5ff0, 4, 1;
L_0x607dc5613e20 .part L_0x607dc55f6120, 3, 1;
L_0x607dc56144f0 .part L_0x607dc55f5ff0, 7, 1;
L_0x607dc56149a0 .part L_0x607dc55f5ff0, 6, 1;
L_0x607dc5614b50 .part L_0x607dc55f5ff0, 5, 1;
L_0x607dc5615540 .part L_0x607dc55f5ff0, 4, 1;
L_0x607dc56156f0 .part L_0x607dc55f5ff0, 3, 1;
L_0x607dc5614d00 .part L_0x607dc55f6120, 2, 1;
L_0x607dc5615120 .part L_0x607dc55f5ff0, 7, 1;
L_0x607dc56151c0 .part L_0x607dc55f5ff0, 6, 1;
L_0x607dc5615320 .part L_0x607dc55f5ff0, 5, 1;
L_0x607dc5615790 .part L_0x607dc55f5ff0, 4, 1;
L_0x607dc56158d0 .part L_0x607dc55f5ff0, 3, 1;
L_0x607dc5615ee0 .part L_0x607dc55f5ff0, 2, 1;
L_0x607dc5616090 .part L_0x607dc55f6120, 1, 1;
L_0x607dc5616350 .part L_0x607dc55f5ff0, 7, 1;
L_0x607dc56163f0 .part L_0x607dc55f5ff0, 6, 1;
L_0x607dc5615970 .part L_0x607dc55f5ff0, 5, 1;
L_0x607dc5615b20 .part L_0x607dc55f5ff0, 4, 1;
L_0x607dc5615cd0 .part L_0x607dc55f5ff0, 3, 1;
L_0x607dc5616b40 .part L_0x607dc55f5ff0, 2, 1;
L_0x607dc56165a0 .part L_0x607dc55f5ff0, 1, 1;
L_0x607dc5616750 .part L_0x607dc55f6120, 0, 1;
L_0x607dc5616cf0 .part L_0x607dc55f5ff0, 7, 1;
L_0x607dc5616d90 .part L_0x607dc55f5ff0, 6, 1;
L_0x607dc5617390 .part L_0x607dc55f5ff0, 5, 1;
L_0x607dc5617540 .part L_0x607dc55f5ff0, 4, 1;
L_0x607dc56176f0 .part L_0x607dc55f5ff0, 3, 1;
L_0x607dc56178a0 .part L_0x607dc55f5ff0, 2, 1;
L_0x607dc5616ed0 .part L_0x607dc55f5ff0, 1, 1;
L_0x607dc5617080 .part L_0x607dc55f5ff0, 0, 1;
L_0x607dc5618160 .part v0x607dc55f5be0_0, 0, 1;
L_0x607dc5618250 .part v0x607dc55f5ca0_0, 0, 1;
L_0x607dc5618400 .part v0x607dc55f5be0_0, 1, 1;
L_0x607dc56184f0 .part v0x607dc55f5ca0_0, 1, 1;
L_0x607dc56185e0 .part L_0x607dc562aad0, 1, 1;
L_0x607dc5618860 .part v0x607dc55f5be0_0, 2, 1;
L_0x607dc5617a50 .part v0x607dc55f5ca0_0, 2, 1;
L_0x607dc5617b40 .part L_0x607dc562aad0, 2, 1;
L_0x607dc5617db0 .part v0x607dc55f5be0_0, 3, 1;
L_0x607dc5617ea0 .part v0x607dc55f5ca0_0, 3, 1;
L_0x607dc5618e80 .part L_0x607dc562aad0, 3, 1;
L_0x607dc56190a0 .part v0x607dc55f5be0_0, 4, 1;
L_0x607dc5619190 .part v0x607dc55f5ca0_0, 4, 1;
L_0x607dc5619280 .part L_0x607dc562aad0, 4, 1;
L_0x607dc5619a40 .part v0x607dc55f5be0_0, 5, 1;
L_0x607dc5619b30 .part v0x607dc55f5ca0_0, 5, 1;
L_0x607dc5619400 .part L_0x607dc562aad0, 5, 1;
L_0x607dc5619650 .part v0x607dc55f5be0_0, 6, 1;
L_0x607dc5619740 .part v0x607dc55f5ca0_0, 6, 1;
L_0x607dc5619830 .part L_0x607dc562aad0, 6, 1;
L_0x607dc561a2e0 .part v0x607dc55f5be0_0, 7, 1;
L_0x607dc561a3d0 .part v0x607dc55f5ca0_0, 7, 1;
L_0x607dc5619c20 .part L_0x607dc562aad0, 7, 1;
L_0x607dc5619d10 .part L_0x607dc562aad0, 8, 1;
LS_0x607dc5619db0_0_0 .concat8 [ 1 1 1 1], L_0x607dc5618070, L_0x607dc5618360, L_0x607dc5618770, L_0x607dc5617cf0;
LS_0x607dc5619db0_0_4 .concat8 [ 1 1 1 1], L_0x607dc5618fe0, L_0x607dc56199d0, L_0x607dc5619560, L_0x607dc561a220;
LS_0x607dc5619db0_0_8 .concat8 [ 1 23 0 0], L_0x607dc5619d10, L_0x7262366ce2a0;
L_0x607dc5619db0 .concat8 [ 4 4 24 0], LS_0x607dc5619db0_0_0, LS_0x607dc5619db0_0_4, LS_0x607dc5619db0_0_8;
LS_0x607dc562aad0_0_0 .concat [ 1 1 1 1], o0x726236aa68a8, L_0x607dc55f64d0, L_0x607dc55f6e90, L_0x607dc55f8050;
LS_0x607dc562aad0_0_4 .concat [ 1 1 1 1], L_0x607dc55fa240, L_0x607dc55fdf50, L_0x607dc5604440, L_0x607dc560f200;
LS_0x607dc562aad0_0_8 .concat [ 1 0 0 0], L_0x607dc5617f40;
L_0x607dc562aad0 .concat [ 4 4 1 0], LS_0x607dc562aad0_0_0, LS_0x607dc562aad0_0_4, LS_0x607dc562aad0_0_8;
S_0x607dc55b6fb0 .scope module, "FA1" "FullAdder" 3 44, 3 5 0, S_0x607dc55b59e0;
 .timescale 0 0;
    .port_info 0 /INPUT 1 "A";
    .port_info 1 /INPUT 1 "B";
    .port_info 2 /INPUT 1 "Cin";
    .port_info 3 /OUTPUT 1 "S";
L_0x607dc5618000 .functor XOR 1, L_0x607dc5618160, L_0x607dc5618250, C4<0>, C4<0>;
L_0x7262366ce258 .functor BUFT 1, C4<0>, C4<0>, C4<0>, C4<0>;
L_0x607dc5618070 .functor XOR 1, L_0x607dc5618000, L_0x7262366ce258, C4<0>, C4<0>;
v0x607dc5532670_0 .net "A", 0 0, L_0x607dc5618160;  1 drivers
v0x607dc5531000_0 .net "B", 0 0, L_0x607dc5618250;  1 drivers
v0x607dc55b42c0_0 .net "Cin", 0 0, L_0x7262366ce258;  1 drivers
v0x607dc55b2a60_0 .net "S", 0 0, L_0x607dc5618070;  1 drivers
v0x607dc55b1200_0 .net "w", 0 0, L_0x607dc5618000;  1 drivers
S_0x607dc55df820 .scope module, "FA2" "FullAdder" 3 45, 3 5 0, S_0x607dc55b59e0;
 .timescale 0 0;
    .port_info 0 /INPUT 1 "A";
    .port_info 1 /INPUT 1 "B";
    .port_info 2 /INPUT 1 "Cin";
    .port_info 3 /OUTPUT 1 "S";
L_0x607dc56182f0 .functor XOR 1, L_0x607dc5618400, L_0x607dc56184f0, C4<0>, C4<0>;
L_0x607dc5618360 .functor XOR 1, L_0x607dc56182f0, L_0x607dc56185e0, C4<0>, C4<0>;
v0x607dc55af9a0_0 .net "A", 0 0, L_0x607dc5618400;  1 drivers
v0x607dc55ae110_0 .net "B", 0 0, L_0x607dc56184f0;  1 drivers
v0x607dc55dfa80_0 .net "Cin", 0 0, L_0x607dc56185e0;  1 drivers
v0x607dc55dfb20_0 .net "S", 0 0, L_0x607dc5618360;  1 drivers
v0x607dc55dfbe0_0 .net "w", 0 0, L_0x607dc56182f0;  1 drivers
S_0x607dc55dfd20 .scope module, "FA3" "FullAdder" 3 46, 3 5 0, S_0x607dc55b59e0;
 .timescale 0 0;
    .port_info 0 /INPUT 1 "A";
    .port_info 1 /INPUT 1 "B";
    .port_info 2 /INPUT 1 "Cin";
    .port_info 3 /OUTPUT 1 "S";
L_0x607dc56186d0 .functor XOR 1, L_0x607dc5618860, L_0x607dc5617a50, C4<0>, C4<0>;
L_0x607dc5618770 .functor XOR 1, L_0x607dc56186d0, L_0x607dc5617b40, C4<0>, C4<0>;
v0x607dc55dff20_0 .net "A", 0 0, L_0x607dc5618860;  1 drivers
v0x607dc55dffe0_0 .net "B", 0 0, L_0x607dc5617a50;  1 drivers
v0x607dc55e00a0_0 .net "Cin", 0 0, L_0x607dc5617b40;  1 drivers
v0x607dc55e0140_0 .net "S", 0 0, L_0x607dc5618770;  1 drivers
v0x607dc55e0200_0 .net "w", 0 0, L_0x607dc56186d0;  1 drivers
S_0x607dc55e0390 .scope module, "FA4" "FullAdder" 3 47, 3 5 0, S_0x607dc55b59e0;
 .timescale 0 0;
    .port_info 0 /INPUT 1 "A";
    .port_info 1 /INPUT 1 "B";
    .port_info 2 /INPUT 1 "Cin";
    .port_info 3 /OUTPUT 1 "S";
L_0x607dc5617c80 .functor XOR 1, L_0x607dc5617db0, L_0x607dc5617ea0, C4<0>, C4<0>;
L_0x607dc5617cf0 .functor XOR 1, L_0x607dc5617c80, L_0x607dc5618e80, C4<0>, C4<0>;
v0x607dc55e05e0_0 .net "A", 0 0, L_0x607dc5617db0;  1 drivers
v0x607dc55e06c0_0 .net "B", 0 0, L_0x607dc5617ea0;  1 drivers
v0x607dc55e0780_0 .net "Cin", 0 0, L_0x607dc5618e80;  1 drivers
v0x607dc55e0850_0 .net "S", 0 0, L_0x607dc5617cf0;  1 drivers
v0x607dc55e0910_0 .net "w", 0 0, L_0x607dc5617c80;  1 drivers
S_0x607dc55e0aa0 .scope module, "FA5" "FullAdder" 3 48, 3 5 0, S_0x607dc55b59e0;
 .timescale 0 0;
    .port_info 0 /INPUT 1 "A";
    .port_info 1 /INPUT 1 "B";
    .port_info 2 /INPUT 1 "Cin";
    .port_info 3 /OUTPUT 1 "S";
L_0x607dc5618f70 .functor XOR 1, L_0x607dc56190a0, L_0x607dc5619190, C4<0>, C4<0>;
L_0x607dc5618fe0 .functor XOR 1, L_0x607dc5618f70, L_0x607dc5619280, C4<0>, C4<0>;
v0x607dc55e0d40_0 .net "A", 0 0, L_0x607dc56190a0;  1 drivers
v0x607dc55e0e20_0 .net "B", 0 0, L_0x607dc5619190;  1 drivers
v0x607dc55e0ee0_0 .net "Cin", 0 0, L_0x607dc5619280;  1 drivers
v0x607dc55e0f80_0 .net "S", 0 0, L_0x607dc5618fe0;  1 drivers
v0x607dc55e1040_0 .net "w", 0 0, L_0x607dc5618f70;  1 drivers
S_0x607dc55e11d0 .scope module, "FA6" "FullAdder" 3 49, 3 5 0, S_0x607dc55b59e0;
 .timescale 0 0;
    .port_info 0 /INPUT 1 "A";
    .port_info 1 /INPUT 1 "B";
    .port_info 2 /INPUT 1 "Cin";
    .port_info 3 /OUTPUT 1 "S";
L_0x607dc5619960 .functor XOR 1, L_0x607dc5619a40, L_0x607dc5619b30, C4<0>, C4<0>;
L_0x607dc56199d0 .functor XOR 1, L_0x607dc5619960, L_0x607dc5619400, C4<0>, C4<0>;
v0x607dc55e1420_0 .net "A", 0 0, L_0x607dc5619a40;  1 drivers
v0x607dc55e1500_0 .net "B", 0 0, L_0x607dc5619b30;  1 drivers
v0x607dc55e15c0_0 .net "Cin", 0 0, L_0x607dc5619400;  1 drivers
v0x607dc55e1690_0 .net "S", 0 0, L_0x607dc56199d0;  1 drivers
v0x607dc55e1750_0 .net "w", 0 0, L_0x607dc5619960;  1 drivers
S_0x607dc55e18e0 .scope module, "FA7" "FullAdder" 3 50, 3 5 0, S_0x607dc55b59e0;
 .timescale 0 0;
    .port_info 0 /INPUT 1 "A";
    .port_info 1 /INPUT 1 "B";
    .port_info 2 /INPUT 1 "Cin";
    .port_info 3 /OUTPUT 1 "S";
L_0x607dc56194f0 .functor XOR 1, L_0x607dc5619650, L_0x607dc5619740, C4<0>, C4<0>;
L_0x607dc5619560 .functor XOR 1, L_0x607dc56194f0, L_0x607dc5619830, C4<0>, C4<0>;
v0x607dc55e1b30_0 .net "A", 0 0, L_0x607dc5619650;  1 drivers
v0x607dc55e1c10_0 .net "B", 0 0, L_0x607dc5619740;  1 drivers
v0x607dc55e1cd0_0 .net "Cin", 0 0, L_0x607dc5619830;  1 drivers
v0x607dc55e1da0_0 .net "S", 0 0, L_0x607dc5619560;  1 drivers
v0x607dc55e1e60_0 .net "w", 0 0, L_0x607dc56194f0;  1 drivers
S_0x607dc55e1ff0 .scope module, "FA8" "FullAdder" 3 51, 3 5 0, S_0x607dc55b59e0;
 .timescale 0 0;
    .port_info 0 /INPUT 1 "A";
    .port_info 1 /INPUT 1 "B";
    .port_info 2 /INPUT 1 "Cin";
    .port_info 3 /OUTPUT 1 "S";
L_0x607dc561a1b0 .functor XOR 1, L_0x607dc561a2e0, L_0x607dc561a3d0, C4<0>, C4<0>;
L_0x607dc561a220 .functor XOR 1, L_0x607dc561a1b0, L_0x607dc5619c20, C4<0>, C4<0>;
v0x607dc55e2240_0 .net "A", 0 0, L_0x607dc561a2e0;  1 drivers
v0x607dc55e2320_0 .net "B", 0 0, L_0x607dc561a3d0;  1 drivers
v0x607dc55e23e0_0 .net "Cin", 0 0, L_0x607dc5619c20;  1 drivers
v0x607dc55e24b0_0 .net "S", 0 0, L_0x607dc561a220;  1 drivers
v0x607dc55e2570_0 .net "w", 0 0, L_0x607dc561a1b0;  1 drivers
    .scope S_0x607dc55af5d0;
T_0 ;
    %vpi_call/w 3 80 "$dumpfile", "CLA_tb.vcd" {0 0 0};
    %vpi_call/w 3 81 "$dumpvars", 32'sb00000000000000000000000000000000, S_0x607dc55af5d0 {0 0 0};
    %pushi/vec4 0, 0, 8;
    %store/vec4 v0x607dc55f5be0_0, 0, 8;
    %pushi/vec4 0, 0, 8;
    %store/vec4 v0x607dc55f5ca0_0, 0, 8;
    %vpi_func 3 85 "$time" 64 {0 0 0};
    %store/vec4 v0x607dc55f5f10_0, 0, 64;
    %delay 1, 0;
    %vpi_func 3 87 "$time" 64 {0 0 0};
    %store/vec4 v0x607dc55f5e70_0, 0, 64;
    %vpi_call/w 3 88 "$display", "Time=%0t | A=%b (%0d), B=%b (%0d) -> SUM=%b (%0d), Cout=%b", v0x607dc55f5e70_0, v0x607dc55f5be0_0, v0x607dc55f5be0_0, v0x607dc55f5ca0_0, v0x607dc55f5ca0_0, v0x607dc55f5d70_0, v0x607dc55f5d70_0, &PV<v0x607dc55f5d70_0, 8, 1> {0 0 0};
    %pushi/vec4 1, 0, 8;
    %store/vec4 v0x607dc55f5be0_0, 0, 8;
    %pushi/vec4 1, 0, 8;
    %store/vec4 v0x607dc55f5ca0_0, 0, 8;
    %vpi_func 3 92 "$time" 64 {0 0 0};
    %store/vec4 v0x607dc55f5f10_0, 0, 64;
    %delay 1, 0;
    %vpi_func 3 94 "$time" 64 {0 0 0};
    %store/vec4 v0x607dc55f5e70_0, 0, 64;
    %vpi_call/w 3 95 "$display", "Time=%0t | A=%b (%0d), B=%b (%0d) -> SUM=%b (%0d), Cout=%b", v0x607dc55f5e70_0, v0x607dc55f5be0_0, v0x607dc55f5be0_0, v0x607dc55f5ca0_0, v0x607dc55f5ca0_0, v0x607dc55f5d70_0, v0x607dc55f5d70_0, &PV<v0x607dc55f5d70_0, 8, 1> {0 0 0};
    %pushi/vec4 255, 0, 8;
    %store/vec4 v0x607dc55f5be0_0, 0, 8;
    %pushi/vec4 1, 0, 8;
    %store/vec4 v0x607dc55f5ca0_0, 0, 8;
    %vpi_func 3 99 "$time" 64 {0 0 0};
    %store/vec4 v0x607dc55f5f10_0, 0, 64;
    %delay 1, 0;
    %vpi_func 3 101 "$time" 64 {0 0 0};
    %store/vec4 v0x607dc55f5e70_0, 0, 64;
    %vpi_call/w 3 102 "$display", "Time=%0t | A=%b (%0d), B=%b (%0d) -> SUM=%b (%0d), Cout=%b", v0x607dc55f5e70_0, v0x607dc55f5be0_0, v0x607dc55f5be0_0, v0x607dc55f5ca0_0, v0x607dc55f5ca0_0, v0x607dc55f5d70_0, v0x607dc55f5d70_0, &PV<v0x607dc55f5d70_0, 8, 1> {0 0 0};
    %pushi/vec4 10, 0, 8;
    %store/vec4 v0x607dc55f5be0_0, 0, 8;
    %pushi/vec4 5, 0, 8;
    %store/vec4 v0x607dc55f5ca0_0, 0, 8;
    %vpi_func 3 106 "$time" 64 {0 0 0};
    %store/vec4 v0x607dc55f5f10_0, 0, 64;
    %delay 1, 0;
    %vpi_func 3 108 "$time" 64 {0 0 0};
    %store/vec4 v0x607dc55f5e70_0, 0, 64;
    %vpi_call/w 3 109 "$display", "Time=%0t | A=%b (%0d), B=%b (%0d) -> SUM=%b (%0d), Cout=%b", v0x607dc55f5e70_0, v0x607dc55f5be0_0, v0x607dc55f5be0_0, v0x607dc55f5ca0_0, v0x607dc55f5ca0_0, v0x607dc55f5d70_0, v0x607dc55f5d70_0, &PV<v0x607dc55f5d70_0, 8, 1> {0 0 0};
    %pushi/vec4 127, 0, 8;
    %store/vec4 v0x607dc55f5be0_0, 0, 8;
    %pushi/vec4 1, 0, 8;
    %store/vec4 v0x607dc55f5ca0_0, 0, 8;
    %vpi_func 3 113 "$time" 64 {0 0 0};
    %store/vec4 v0x607dc55f5f10_0, 0, 64;
    %delay 1, 0;
    %vpi_func 3 115 "$time" 64 {0 0 0};
    %store/vec4 v0x607dc55f5e70_0, 0, 64;
    %vpi_call/w 3 116 "$display", "Time=%0t | A=%b (%0d), B=%b (%0d) -> SUM=%b (%0d), Cout=%b", v0x607dc55f5e70_0, v0x607dc55f5be0_0, v0x607dc55f5be0_0, v0x607dc55f5ca0_0, v0x607dc55f5ca0_0, v0x607dc55f5d70_0, v0x607dc55f5d70_0, &PV<v0x607dc55f5d70_0, 8, 1> {0 0 0};
    %pushi/vec4 240, 0, 8;
    %store/vec4 v0x607dc55f5be0_0, 0, 8;
    %pushi/vec4 15, 0, 8;
    %store/vec4 v0x607dc55f5ca0_0, 0, 8;
    %vpi_func 3 120 "$time" 64 {0 0 0};
    %store/vec4 v0x607dc55f5f10_0, 0, 64;
    %delay 1, 0;
    %vpi_func 3 122 "$time" 64 {0 0 0};
    %store/vec4 v0x607dc55f5e70_0, 0, 64;
    %vpi_call/w 3 123 "$display", "Time=%0t | A=%b (%0d), B=%b (%0d) -> SUM=%b (%0d), Cout=%b", v0x607dc55f5e70_0, v0x607dc55f5be0_0, v0x607dc55f5be0_0, v0x607dc55f5ca0_0, v0x607dc55f5ca0_0, v0x607dc55f5d70_0, v0x607dc55f5d70_0, &PV<v0x607dc55f5d70_0, 8, 1> {0 0 0};
    %pushi/vec4 5, 0, 8;
    %store/vec4 v0x607dc55f5be0_0, 0, 8;
    %pushi/vec4 3, 0, 8;
    %store/vec4 v0x607dc55f5ca0_0, 0, 8;
    %vpi_func 3 127 "$time" 64 {0 0 0};
    %store/vec4 v0x607dc55f5f10_0, 0, 64;
    %delay 1, 0;
    %vpi_func 3 129 "$time" 64 {0 0 0};
    %store/vec4 v0x607dc55f5e70_0, 0, 64;
    %vpi_call/w 3 130 "$display", "Time=%0t | A=%b (%0d), B=%b (%0d) -> SUM=%b (%0d), Cout=%b", v0x607dc55f5e70_0, v0x607dc55f5be0_0, v0x607dc55f5be0_0, v0x607dc55f5ca0_0, v0x607dc55f5ca0_0, v0x607dc55f5d70_0, v0x607dc55f5d70_0, &PV<v0x607dc55f5d70_0, 8, 1> {0 0 0};
    %pushi/vec4 170, 0, 8;
    %store/vec4 v0x607dc55f5be0_0, 0, 8;
    %pushi/vec4 85, 0, 8;
    %store/vec4 v0x607dc55f5ca0_0, 0, 8;
    %vpi_func 3 134 "$time" 64 {0 0 0};
    %store/vec4 v0x607dc55f5f10_0, 0, 64;
    %delay 1, 0;
    %vpi_func 3 136 "$time" 64 {0 0 0};
    %store/vec4 v0x607dc55f5e70_0, 0, 64;
    %vpi_call/w 3 137 "$display", "Time=%0t | A=%b (%0d), B=%b (%0d) -> SUM=%b (%0d), Cout=%b", v0x607dc55f5e70_0, v0x607dc55f5be0_0, v0x607dc55f5be0_0, v0x607dc55f5ca0_0, v0x607dc55f5ca0_0, v0x607dc55f5d70_0, v0x607dc55f5d70_0, &PV<v0x607dc55f5d70_0, 8, 1> {0 0 0};
    %pushi/vec4 0, 0, 8;
    %store/vec4 v0x607dc55f5be0_0, 0, 8;
    %pushi/vec4 85, 0, 8;
    %store/vec4 v0x607dc55f5ca0_0, 0, 8;
    %vpi_func 3 141 "$time" 64 {0 0 0};
    %store/vec4 v0x607dc55f5f10_0, 0, 64;
    %delay 1, 0;
    %vpi_func 3 143 "$time" 64 {0 0 0};
    %store/vec4 v0x607dc55f5e70_0, 0, 64;
    %vpi_call/w 3 144 "$display", "Time=%0t | A=%b (%0d), B=%b (%0d) -> SUM=%b (%0d), Cout=%b", v0x607dc55f5e70_0, v0x607dc55f5be0_0, v0x607dc55f5be0_0, v0x607dc55f5ca0_0, v0x607dc55f5ca0_0, v0x607dc55f5d70_0, v0x607dc55f5d70_0, &PV<v0x607dc55f5d70_0, 8, 1> {0 0 0};
    %pushi/vec4 255, 0, 8;
    %store/vec4 v0x607dc55f5be0_0, 0, 8;
    %pushi/vec4 255, 0, 8;
    %store/vec4 v0x607dc55f5ca0_0, 0, 8;
    %vpi_func 3 148 "$time" 64 {0 0 0};
    %store/vec4 v0x607dc55f5f10_0, 0, 64;
    %delay 1, 0;
    %vpi_func 3 150 "$time" 64 {0 0 0};
    %store/vec4 v0x607dc55f5e70_0, 0, 64;
    %vpi_call/w 3 151 "$display", "Time=%0t | A=%b (%0d), B=%b (%0d) -> SUM=%b (%0d), Cout=%b", v0x607dc55f5e70_0, v0x607dc55f5be0_0, v0x607dc55f5be0_0, v0x607dc55f5ca0_0, v0x607dc55f5ca0_0, v0x607dc55f5d70_0, v0x607dc55f5d70_0, &PV<v0x607dc55f5d70_0, 8, 1> {0 0 0};
    %delay 10, 0;
    %vpi_call/w 3 154 "$finish" {0 0 0};
    %end;
    .thread T_0;
# The file index is used to find the file name in the following table.
:file_names 4;
    "N/A";
    "<interactive>";
    "-";
    "CLA.v";
