#! /usr/bin/vvp
:ivl_version "12.0 (stable)";
:ivl_delay_selection "TYPICAL";
:vpi_time_precision + 0;
:vpi_module "/usr/lib/x86_64-linux-gnu/ivl/system.vpi";
:vpi_module "/usr/lib/x86_64-linux-gnu/ivl/vhdl_sys.vpi";
:vpi_module "/usr/lib/x86_64-linux-gnu/ivl/vhdl_textio.vpi";
:vpi_module "/usr/lib/x86_64-linux-gnu/ivl/v2005_math.vpi";
:vpi_module "/usr/lib/x86_64-linux-gnu/ivl/va_math.vpi";
:vpi_module "/usr/lib/x86_64-linux-gnu/ivl/v2009.vpi";
S_0x56b96e4535a0 .scope package, "$unit" "$unit" 2 1;
 .timescale 0 0;
S_0x56b96e453730 .scope module, "PC_tb" "PC_tb" 3 41;
 .timescale 0 0;
v0x56b96e468270_0 .var "clk", 0 0;
v0x56b96e468330_0 .net "current_pc", 31 0, v0x56b96e467f30_0;  1 drivers
v0x56b96e468400_0 .var "next_pc", 31 0;
v0x56b96e468500_0 .var "reset", 0 0;
S_0x56b96e419490 .scope module, "uut" "PC" 3 52, 3 24 0, S_0x56b96e453730;
 .timescale 0 0;
    .port_info 0 /INPUT 1 "clk";
    .port_info 1 /INPUT 1 "reset";
    .port_info 2 /INPUT 32 "next_pc";
    .port_info 3 /OUTPUT 32 "current_pc";
v0x56b96e419700_0 .net "clk", 0 0, v0x56b96e468270_0;  1 drivers
v0x56b96e467f30_0 .var "current_pc", 31 0;
v0x56b96e468010_0 .net "next_pc", 31 0, v0x56b96e468400_0;  1 drivers
v0x56b96e468100_0 .net "reset", 0 0, v0x56b96e468500_0;  1 drivers
E_0x56b96e452b50 .event posedge, v0x56b96e468100_0, v0x56b96e419700_0;
    .scope S_0x56b96e419490;
T_0 ;
    %wait E_0x56b96e452b50;
    %load/vec4 v0x56b96e468100_0;
    %flag_set/vec4 8;
    %jmp/0xz  T_0.0, 8;
    %pushi/vec4 0, 0, 32;
    %assign/vec4 v0x56b96e467f30_0, 0;
    %jmp T_0.1;
T_0.0 ;
    %load/vec4 v0x56b96e468010_0;
    %assign/vec4 v0x56b96e467f30_0, 0;
T_0.1 ;
    %jmp T_0;
    .thread T_0;
    .scope S_0x56b96e453730;
T_1 ;
    %delay 5, 0;
    %load/vec4 v0x56b96e468270_0;
    %inv;
    %store/vec4 v0x56b96e468270_0, 0, 1;
    %jmp T_1;
    .thread T_1;
    .scope S_0x56b96e453730;
T_2 ;
    %vpi_call/w 3 63 "$dumpfile", "PC_tb.vcd" {0 0 0};
    %vpi_call/w 3 64 "$dumpvars", 32'sb00000000000000000000000000000000, S_0x56b96e453730 {0 0 0};
    %pushi/vec4 0, 0, 1;
    %store/vec4 v0x56b96e468270_0, 0, 1;
    %pushi/vec4 1, 0, 1;
    %store/vec4 v0x56b96e468500_0, 0, 1;
    %pushi/vec4 0, 0, 32;
    %store/vec4 v0x56b96e468400_0, 0, 32;
    %delay 10, 0;
    %pushi/vec4 0, 0, 1;
    %store/vec4 v0x56b96e468500_0, 0, 1;
    %pushi/vec4 1, 0, 32;
    %store/vec4 v0x56b96e468400_0, 0, 32;
    %delay 10, 0;
    %pushi/vec4 2, 0, 32;
    %store/vec4 v0x56b96e468400_0, 0, 32;
    %delay 10, 0;
    %pushi/vec4 3, 0, 32;
    %store/vec4 v0x56b96e468400_0, 0, 32;
    %delay 10, 0;
    %pushi/vec4 4, 0, 32;
    %store/vec4 v0x56b96e468400_0, 0, 32;
    %delay 10, 0;
    %vpi_call/w 3 81 "$display", "Time=%0t | next_pc=%0d | current_pc=%0d", $time, v0x56b96e468400_0, v0x56b96e468330_0 {0 0 0};
    %delay 10, 0;
    %vpi_call/w 3 84 "$finish" {0 0 0};
    %end;
    .thread T_2;
# The file index is used to find the file name in the following table.
:file_names 4;
    "N/A";
    "<interactive>";
    "-";
    "Program_counter.v";
