#! /usr/bin/vvp
:ivl_version "12.0 (stable)";
:ivl_delay_selection "TYPICAL";
:vpi_time_precision + 0;
:vpi_module "/usr/lib/x86_64-linux-gnu/ivl/system.vpi";
:vpi_module "/usr/lib/x86_64-linux-gnu/ivl/vhdl_sys.vpi";
:vpi_module "/usr/lib/x86_64-linux-gnu/ivl/vhdl_textio.vpi";
:vpi_module "/usr/lib/x86_64-linux-gnu/ivl/v2005_math.vpi";
:vpi_module "/usr/lib/x86_64-linux-gnu/ivl/va_math.vpi";
S_0x5583bf68e8e0 .scope module, "tb_pc_imen" "tb_pc_imen" 2 43;
 .timescale 0 0;
v0x5583bf6ac010_0 .var "PC_INPUT", 31 0;
v0x5583bf6ac140_0 .var "clk", 0 0;
v0x5583bf6ac250_0 .net "instruction_OUTPUT", 31 0, L_0x5583bf6ac700;  1 drivers
v0x5583bf6ac340_0 .var "reset", 0 0;
S_0x5583bf68ea70 .scope task, "display_fields" "display_fields" 2 77, 2 77 0, S_0x5583bf68e8e0;
 .timescale 0 0;
TD_tb_pc_imen.display_fields ;
    %vpi_call 2 79 "$display", "PC=%0d | Instr=%b", v0x5583bf6ac010_0, v0x5583bf6ac250_0 {0 0 0};
    %vpi_call 2 80 "$display", "opcode=%b rs=%b rt=%b rd=%b shamt=%b funct/imm=%b", &PV<v0x5583bf6ac250_0, 26, 6>, &PV<v0x5583bf6ac250_0, 21, 5>, &PV<v0x5583bf6ac250_0, 16, 5>, &PV<v0x5583bf6ac250_0, 11, 5>, &PV<v0x5583bf6ac250_0, 6, 5>, &PV<v0x5583bf6ac250_0, 0, 6> {0 0 0};
    %vpi_call 2 88 "$display", "------------------------------------------------------" {0 0 0};
    %end;
S_0x5583bf650490 .scope module, "uut" "pc_imen" 2 50, 2 26 0, S_0x5583bf68e8e0;
 .timescale 0 0;
    .port_info 0 /INPUT 32 "PC_INPUT";
    .port_info 1 /INPUT 1 "clk";
    .port_info 2 /INPUT 1 "reset";
    .port_info 3 /OUTPUT 32 "instruction_OUTPUT";
v0x5583bf6abb50_0 .net "PC_INPUT", 31 0, v0x5583bf6ac010_0;  1 drivers
v0x5583bf6abc40_0 .net "clk", 0 0, v0x5583bf6ac140_0;  1 drivers
v0x5583bf6abd10_0 .net "current_pc", 31 0, v0x5583bf6aaf70_0;  1 drivers
v0x5583bf6abe30_0 .net "instruction_OUTPUT", 31 0, L_0x5583bf6ac700;  alias, 1 drivers
v0x5583bf6abed0_0 .net "reset", 0 0, v0x5583bf6ac340_0;  1 drivers
S_0x5583bf6506e0 .scope module, "U1" "PC" 2 36, 3 24 0, S_0x5583bf650490;
 .timescale 0 0;
    .port_info 0 /INPUT 1 "clk";
    .port_info 1 /INPUT 1 "reset";
    .port_info 2 /INPUT 32 "next_pc";
    .port_info 3 /OUTPUT 32 "current_pc";
v0x5583bf68ec50_0 .net "clk", 0 0, v0x5583bf6ac140_0;  alias, 1 drivers
v0x5583bf6aaf70_0 .var "current_pc", 31 0;
v0x5583bf6ab050_0 .net "next_pc", 31 0, v0x5583bf6ac010_0;  alias, 1 drivers
v0x5583bf6ab140_0 .net "reset", 0 0, v0x5583bf6ac340_0;  alias, 1 drivers
E_0x5583bf6916e0 .event posedge, v0x5583bf6ab140_0, v0x5583bf68ec50_0;
S_0x5583bf6ab2b0 .scope module, "U2" "IMEN" 2 37, 4 28 0, S_0x5583bf650490;
 .timescale 0 0;
    .port_info 0 /INPUT 32 "addr";
    .port_info 1 /OUTPUT 32 "instruction";
L_0x5583bf6ac700 .functor BUFZ 32, L_0x5583bf6ac430, C4<00000000000000000000000000000000>, C4<00000000000000000000000000000000>, C4<00000000000000000000000000000000>;
v0x5583bf6ab4b0_0 .net *"_ivl_0", 31 0, L_0x5583bf6ac430;  1 drivers
v0x5583bf6ab5b0_0 .net *"_ivl_3", 3 0, L_0x5583bf6ac4d0;  1 drivers
v0x5583bf6ab690_0 .net *"_ivl_4", 5 0, L_0x5583bf6ac570;  1 drivers
L_0x75ee8e529018 .functor BUFT 1, C4<00>, C4<0>, C4<0>, C4<0>;
v0x5583bf6ab780_0 .net *"_ivl_7", 1 0, L_0x75ee8e529018;  1 drivers
v0x5583bf6ab860_0 .net "addr", 31 0, v0x5583bf6aaf70_0;  alias, 1 drivers
v0x5583bf6ab970_0 .net "instruction", 31 0, L_0x5583bf6ac700;  alias, 1 drivers
v0x5583bf6aba30 .array "memory", 15 0, 31 0;
L_0x5583bf6ac430 .array/port v0x5583bf6aba30, L_0x5583bf6ac570;
L_0x5583bf6ac4d0 .part v0x5583bf6aaf70_0, 0, 4;
L_0x5583bf6ac570 .concat [ 4 2 0 0], L_0x5583bf6ac4d0, L_0x75ee8e529018;
    .scope S_0x5583bf6506e0;
T_1 ;
    %wait E_0x5583bf6916e0;
    %load/vec4 v0x5583bf6ab140_0;
    %flag_set/vec4 8;
    %jmp/0xz  T_1.0, 8;
    %pushi/vec4 0, 0, 32;
    %assign/vec4 v0x5583bf6aaf70_0, 0;
    %jmp T_1.1;
T_1.0 ;
    %load/vec4 v0x5583bf6ab050_0;
    %assign/vec4 v0x5583bf6aaf70_0, 0;
T_1.1 ;
    %jmp T_1;
    .thread T_1;
    .scope S_0x5583bf6ab2b0;
T_2 ;
    %pushi/vec4 2234400, 0, 32;
    %ix/load 4, 0, 0;
    %flag_set/imm 4, 0;
    %store/vec4a v0x5583bf6aba30, 4, 0;
    %pushi/vec4 554237962, 0, 32;
    %ix/load 4, 1, 0;
    %flag_set/imm 4, 0;
    %store/vec4a v0x5583bf6aba30, 4, 0;
    %pushi/vec4 2149718048, 0, 32;
    %ix/load 4, 2, 0;
    %flag_set/imm 4, 0;
    %store/vec4a v0x5583bf6aba30, 4, 0;
    %pushi/vec4 1075976224, 0, 32;
    %ix/load 4, 3, 0;
    %flag_set/imm 4, 0;
    %store/vec4a v0x5583bf6aba30, 4, 0;
    %pushi/vec4 539105312, 0, 32;
    %ix/load 4, 4, 0;
    %flag_set/imm 4, 0;
    %store/vec4a v0x5583bf6aba30, 4, 0;
    %pushi/vec4 270669856, 0, 32;
    %ix/load 4, 5, 0;
    %flag_set/imm 4, 0;
    %store/vec4a v0x5583bf6aba30, 4, 0;
    %pushi/vec4 136452128, 0, 32;
    %ix/load 4, 6, 0;
    %flag_set/imm 4, 0;
    %store/vec4a v0x5583bf6aba30, 4, 0;
    %pushi/vec4 69343264, 0, 32;
    %ix/load 4, 7, 0;
    %flag_set/imm 4, 0;
    %store/vec4a v0x5583bf6aba30, 4, 0;
    %pushi/vec4 35788832, 0, 32;
    %ix/load 4, 8, 0;
    %flag_set/imm 4, 0;
    %store/vec4a v0x5583bf6aba30, 4, 0;
    %pushi/vec4 19011616, 0, 32;
    %ix/load 4, 9, 0;
    %flag_set/imm 4, 0;
    %store/vec4a v0x5583bf6aba30, 4, 0;
    %pushi/vec4 10623008, 0, 32;
    %ix/load 4, 10, 0;
    %flag_set/imm 4, 0;
    %store/vec4a v0x5583bf6aba30, 4, 0;
    %pushi/vec4 6428704, 0, 32;
    %ix/load 4, 11, 0;
    %flag_set/imm 4, 0;
    %store/vec4a v0x5583bf6aba30, 4, 0;
    %pushi/vec4 137248, 0, 32;
    %ix/load 4, 12, 0;
    %flag_set/imm 4, 0;
    %store/vec4a v0x5583bf6aba30, 4, 0;
    %pushi/vec4 3282976, 0, 32;
    %ix/load 4, 13, 0;
    %flag_set/imm 4, 0;
    %store/vec4a v0x5583bf6aba30, 4, 0;
    %pushi/vec4 2758688, 0, 32;
    %ix/load 4, 14, 0;
    %flag_set/imm 4, 0;
    %store/vec4a v0x5583bf6aba30, 4, 0;
    %pushi/vec4 2496544, 0, 32;
    %ix/load 4, 15, 0;
    %flag_set/imm 4, 0;
    %store/vec4a v0x5583bf6aba30, 4, 0;
    %end;
    .thread T_2;
    .scope S_0x5583bf68e8e0;
T_3 ;
    %delay 5, 0;
    %load/vec4 v0x5583bf6ac140_0;
    %inv;
    %store/vec4 v0x5583bf6ac140_0, 0, 1;
    %jmp T_3;
    .thread T_3;
    .scope S_0x5583bf68e8e0;
T_4 ;
    %vpi_call 2 61 "$dumpfile", "tb_pc_imen.vcd" {0 0 0};
    %vpi_call 2 62 "$dumpvars", 32'sb00000000000000000000000000000000, S_0x5583bf68e8e0 {0 0 0};
    %pushi/vec4 0, 0, 1;
    %store/vec4 v0x5583bf6ac140_0, 0, 1;
    %pushi/vec4 1, 0, 1;
    %store/vec4 v0x5583bf6ac340_0, 0, 1;
    %pushi/vec4 0, 0, 32;
    %store/vec4 v0x5583bf6ac010_0, 0, 32;
    %delay 10, 0;
    %pushi/vec4 0, 0, 1;
    %store/vec4 v0x5583bf6ac340_0, 0, 1;
    %pushi/vec4 16, 0, 32;
T_4.0 %dup/vec4;
    %pushi/vec4 0, 0, 32;
    %cmp/s;
    %jmp/1xz T_4.1, 5;
    %jmp/1 T_4.1, 4;
    %pushi/vec4 1, 0, 32;
    %sub;
    %delay 10, 0;
    %fork TD_tb_pc_imen.display_fields, S_0x5583bf68ea70;
    %join;
    %load/vec4 v0x5583bf6ac010_0;
    %addi 1, 0, 32;
    %store/vec4 v0x5583bf6ac010_0, 0, 32;
    %jmp T_4.0;
T_4.1 ;
    %pop/vec4 1;
    %delay 10, 0;
    %vpi_call 2 74 "$finish" {0 0 0};
    %end;
    .thread T_4;
# The file index is used to find the file name in the following table.
:file_names 5;
    "N/A";
    "<interactive>";
    "PC_IMEN.v";
    "Program_counter.v";
    "IMEN.v";
