#! /usr/bin/vvp
:ivl_version "12.0 (stable)";
:ivl_delay_selection "TYPICAL";
:vpi_time_precision + 0;
:vpi_module "/usr/lib/x86_64-linux-gnu/ivl/system.vpi";
:vpi_module "/usr/lib/x86_64-linux-gnu/ivl/vhdl_sys.vpi";
:vpi_module "/usr/lib/x86_64-linux-gnu/ivl/vhdl_textio.vpi";
:vpi_module "/usr/lib/x86_64-linux-gnu/ivl/v2005_math.vpi";
:vpi_module "/usr/lib/x86_64-linux-gnu/ivl/va_math.vpi";
:vpi_module "/usr/lib/x86_64-linux-gnu/ivl/v2009.vpi";
S_0x648555354090 .scope package, "$unit" "$unit" 2 1;
 .timescale 0 0;
S_0x648555354220 .scope module, "IMEN_tb" "IMEN_tb" 3 55;
 .timescale 0 0;
v0x648555370900_0 .var "addr", 31 0;
v0x6485553709c0_0 .net "instruction", 31 0, L_0x648555370e40;  1 drivers
S_0x648555317490 .scope task, "display_fields" "display_fields" 3 82, 3 82 0, S_0x648555354220;
 .timescale 0 0;
TD_IMEN_tb.display_fields ;
    %vpi_call/w 3 84 "$display", "Time=%0t | addr=%0d", $time, v0x648555370900_0 {0 0 0};
    %vpi_call/w 3 85 "$display", "Instruction = %b", v0x6485553709c0_0 {0 0 0};
    %vpi_call/w 3 86 "$display", "opcode = %b | rs = %b | rt = %b | rd = %b | shamt = %b | funct/immediate = %b", &PV<v0x6485553709c0_0, 26, 6>, &PV<v0x6485553709c0_0, 21, 5>, &PV<v0x6485553709c0_0, 16, 5>, &PV<v0x6485553709c0_0, 11, 5>, &PV<v0x6485553709c0_0, 6, 5>, &PV<v0x6485553709c0_0, 0, 6> {0 0 0};
    %vpi_call/w 3 89 "$display", "------------------------------------------------------" {0 0 0};
    %end;
S_0x648555317670 .scope module, "uut" "IMEN" 3 59, 3 28 0, S_0x648555354220;
 .timescale 0 0;
    .port_info 0 /INPUT 32 "addr";
    .port_info 1 /OUTPUT 32 "instruction";
L_0x648555370e40 .functor BUFZ 32, L_0x648555370a90, C4<00000000000000000000000000000000>, C4<00000000000000000000000000000000>, C4<00000000000000000000000000000000>;
v0x648555317850_0 .net *"_ivl_0", 31 0, L_0x648555370a90;  1 drivers
v0x648555370350_0 .net *"_ivl_3", 3 0, L_0x648555370b90;  1 drivers
v0x648555370430_0 .net *"_ivl_4", 5 0, L_0x648555370cb0;  1 drivers
L_0x7de842ab8018 .functor BUFT 1, C4<00>, C4<0>, C4<0>, C4<0>;
v0x6485553704f0_0 .net *"_ivl_7", 1 0, L_0x7de842ab8018;  1 drivers
v0x6485553705d0_0 .net "addr", 31 0, v0x648555370900_0;  1 drivers
v0x648555370700_0 .net "instruction", 31 0, L_0x648555370e40;  alias, 1 drivers
v0x6485553707e0 .array "memory", 15 0, 31 0;
L_0x648555370a90 .array/port v0x6485553707e0, L_0x648555370cb0;
L_0x648555370b90 .part v0x648555370900_0, 0, 4;
L_0x648555370cb0 .concat [ 4 2 0 0], L_0x648555370b90, L_0x7de842ab8018;
    .scope S_0x648555317670;
T_1 ;
    %pushi/vec4 2234400, 0, 32;
    %ix/load 4, 0, 0;
    %flag_set/imm 4, 0;
    %store/vec4a v0x6485553707e0, 4, 0;
    %pushi/vec4 554237962, 0, 32;
    %ix/load 4, 1, 0;
    %flag_set/imm 4, 0;
    %store/vec4a v0x6485553707e0, 4, 0;
    %pushi/vec4 2149718048, 0, 32;
    %ix/load 4, 2, 0;
    %flag_set/imm 4, 0;
    %store/vec4a v0x6485553707e0, 4, 0;
    %pushi/vec4 1075976224, 0, 32;
    %ix/load 4, 3, 0;
    %flag_set/imm 4, 0;
    %store/vec4a v0x6485553707e0, 4, 0;
    %pushi/vec4 539105312, 0, 32;
    %ix/load 4, 4, 0;
    %flag_set/imm 4, 0;
    %store/vec4a v0x6485553707e0, 4, 0;
    %pushi/vec4 270669856, 0, 32;
    %ix/load 4, 5, 0;
    %flag_set/imm 4, 0;
    %store/vec4a v0x6485553707e0, 4, 0;
    %pushi/vec4 136452128, 0, 32;
    %ix/load 4, 6, 0;
    %flag_set/imm 4, 0;
    %store/vec4a v0x6485553707e0, 4, 0;
    %pushi/vec4 69343264, 0, 32;
    %ix/load 4, 7, 0;
    %flag_set/imm 4, 0;
    %store/vec4a v0x6485553707e0, 4, 0;
    %pushi/vec4 35788832, 0, 32;
    %ix/load 4, 8, 0;
    %flag_set/imm 4, 0;
    %store/vec4a v0x6485553707e0, 4, 0;
    %pushi/vec4 19011616, 0, 32;
    %ix/load 4, 9, 0;
    %flag_set/imm 4, 0;
    %store/vec4a v0x6485553707e0, 4, 0;
    %pushi/vec4 10623008, 0, 32;
    %ix/load 4, 10, 0;
    %flag_set/imm 4, 0;
    %store/vec4a v0x6485553707e0, 4, 0;
    %pushi/vec4 6428704, 0, 32;
    %ix/load 4, 11, 0;
    %flag_set/imm 4, 0;
    %store/vec4a v0x6485553707e0, 4, 0;
    %pushi/vec4 137248, 0, 32;
    %ix/load 4, 12, 0;
    %flag_set/imm 4, 0;
    %store/vec4a v0x6485553707e0, 4, 0;
    %pushi/vec4 3282976, 0, 32;
    %ix/load 4, 13, 0;
    %flag_set/imm 4, 0;
    %store/vec4a v0x6485553707e0, 4, 0;
    %pushi/vec4 2758688, 0, 32;
    %ix/load 4, 14, 0;
    %flag_set/imm 4, 0;
    %store/vec4a v0x6485553707e0, 4, 0;
    %pushi/vec4 2496544, 0, 32;
    %ix/load 4, 15, 0;
    %flag_set/imm 4, 0;
    %store/vec4a v0x6485553707e0, 4, 0;
    %end;
    .thread T_1;
    .scope S_0x648555354220;
T_2 ;
    %vpi_call/w 3 65 "$dumpfile", "IMEN_tb.vcd" {0 0 0};
    %vpi_call/w 3 66 "$dumpvars", 32'sb00000000000000000000000000000000, S_0x648555354220 {0 0 0};
    %pushi/vec4 0, 0, 32;
    %store/vec4 v0x648555370900_0, 0, 32;
    %delay 10, 0;
    %fork TD_IMEN_tb.display_fields, S_0x648555317490;
    %join;
    %pushi/vec4 1, 0, 32;
    %store/vec4 v0x648555370900_0, 0, 32;
    %delay 10, 0;
    %fork TD_IMEN_tb.display_fields, S_0x648555317490;
    %join;
    %pushi/vec4 2, 0, 32;
    %store/vec4 v0x648555370900_0, 0, 32;
    %delay 10, 0;
    %fork TD_IMEN_tb.display_fields, S_0x648555317490;
    %join;
    %pushi/vec4 3, 0, 32;
    %store/vec4 v0x648555370900_0, 0, 32;
    %delay 10, 0;
    %fork TD_IMEN_tb.display_fields, S_0x648555317490;
    %join;
    %pushi/vec4 4, 0, 32;
    %store/vec4 v0x648555370900_0, 0, 32;
    %delay 10, 0;
    %fork TD_IMEN_tb.display_fields, S_0x648555317490;
    %join;
    %pushi/vec4 5, 0, 32;
    %store/vec4 v0x648555370900_0, 0, 32;
    %delay 10, 0;
    %fork TD_IMEN_tb.display_fields, S_0x648555317490;
    %join;
    %pushi/vec4 6, 0, 32;
    %store/vec4 v0x648555370900_0, 0, 32;
    %delay 10, 0;
    %fork TD_IMEN_tb.display_fields, S_0x648555317490;
    %join;
    %pushi/vec4 7, 0, 32;
    %store/vec4 v0x648555370900_0, 0, 32;
    %delay 10, 0;
    %fork TD_IMEN_tb.display_fields, S_0x648555317490;
    %join;
    %pushi/vec4 8, 0, 32;
    %store/vec4 v0x648555370900_0, 0, 32;
    %delay 10, 0;
    %fork TD_IMEN_tb.display_fields, S_0x648555317490;
    %join;
    %pushi/vec4 15, 0, 32;
    %store/vec4 v0x648555370900_0, 0, 32;
    %delay 10, 0;
    %fork TD_IMEN_tb.display_fields, S_0x648555317490;
    %join;
    %delay 10, 0;
    %vpi_call/w 3 79 "$finish" {0 0 0};
    %end;
    .thread T_2;
# The file index is used to find the file name in the following table.
:file_names 4;
    "N/A";
    "<interactive>";
    "-";
    "IMEN.v";
